100 0.0146171
100.06 0.0146848
100.12 0.0147529
100.18 0.0148215
100.24 0.0148906
100.3 0.0149602
100.36 0.0150302
100.42 0.0151008
100.48 0.0151718
100.54 0.0152434
100.6 0.0153154
100.66 0.015388
100.72 0.0154611
100.78 0.0155347
100.84 0.0156088
100.9 0.0156835
100.96 0.0157587
101.02 0.0158345
101.08 0.0159108
101.14 0.0159876
101.2 0.016065
101.26 0.016143
101.32 0.0162215
101.38 0.0163006
101.44 0.0163803
101.5 0.0164606
101.56 0.0165414
101.62 0.0166229
101.68 0.016705
101.74 0.0167876
101.8 0.0168709
101.86 0.0169548
101.92 0.0170394
101.98 0.0171245
102.04 0.0172104
102.1 0.0172968
102.16 0.0173839
102.22 0.0174717
102.28 0.0175601
102.34 0.0176492
102.4 0.017739
102.46 0.0178295
102.52 0.0179207
102.58 0.0180125
102.64 0.0181051
102.7 0.0181984
102.76 0.0182924
102.82 0.0183871
102.88 0.0184826
102.94 0.0185788
103 0.0186758
103.06 0.0187736
103.12 0.0188721
103.18 0.0189713
103.24 0.0190714
103.3 0.0191723
103.36 0.0192739
103.42 0.0193764
103.48 0.0194797
103.54 0.0195838
103.6 0.0196888
103.66 0.0197946
103.72 0.0199012
103.78 0.0200088
103.84 0.0201172
103.9 0.0202264
103.96 0.0203366
104.02 0.0204477
104.08 0.0205597
104.14 0.0206726
104.2 0.0207864
104.26 0.0209012
104.32 0.0210169
104.38 0.0211336
104.44 0.0212513
104.5 0.0213699
104.56 0.0214896
104.62 0.0216102
104.68 0.0217319
104.74 0.0218546
104.8 0.0219783
104.86 0.0221031
104.92 0.022229
104.98 0.0223559
105.04 0.0224839
105.1 0.0226131
105.16 0.0227433
105.22 0.0228747
105.28 0.0230072
105.34 0.0231409
105.4 0.0232757
105.46 0.0234117
105.52 0.0235489
105.58 0.0236874
105.64 0.023827
105.7 0.0239679
105.76 0.02411
105.82 0.0242534
105.88 0.0243981
105.94 0.0245441
106 0.0246913
106.06 0.02484
106.12 0.0249899
106.18 0.0251412
106.24 0.0252939
106.3 0.025448
106.36 0.0256035
106.42 0.0257605
106.48 0.0259189
106.54 0.0260787
106.6 0.02624
106.66 0.0264029
106.72 0.0265672
106.78 0.0267331
106.84 0.0269005
106.9 0.0270695
106.96 0.0272402
107.02 0.0274124
107.08 0.0275862
107.14 0.0277618
107.2 0.027939
107.26 0.0281179
107.32 0.0282985
107.38 0.0284809
107.44 0.028665
107.5 0.0288509
107.56 0.0290387
107.62 0.0292282
107.68 0.0294197
107.74 0.029613
107.8 0.0298082
107.86 0.0300054
107.92 0.0302045
107.98 0.0304056
108.04 0.0306087
108.1 0.0308139
108.16 0.0310211
108.22 0.0312305
108.28 0.0314419
108.34 0.0316555
108.4 0.0318713
108.46 0.0320893
108.52 0.0323095
108.58 0.032532
108.64 0.0327569
108.7 0.032984
108.76 0.0332135
108.82 0.0334454
108.88 0.0336798
108.94 0.0339166
109 0.0341559
109.06 0.0343978
109.12 0.0346422
109.18 0.0348893
109.24 0.035139
109.3 0.0353914
109.36 0.0356465
109.42 0.0359043
109.48 0.036165
109.54 0.0364285
109.6 0.036695
109.66 0.0369643
109.72 0.0372366
109.78 0.0375119
109.84 0.0377903
109.9 0.0380718
109.96 0.0383565
110.02 0.0386443
110.08 0.0389354
110.14 0.0392298
110.2 0.0395275
110.26 0.0398287
110.32 0.0401333
110.38 0.0404414
110.44 0.040753
110.5 0.0410683
110.56 0.0413872
110.62 0.0417098
110.68 0.0420362
110.74 0.0423665
110.8 0.0427007
110.86 0.0430388
110.92 0.043381
110.98 0.0437272
111.04 0.0440776
111.1 0.0444322
111.16 0.0447912
111.22 0.0451544
111.28 0.0455221
111.34 0.0458943
111.4 0.0462711
111.46 0.0466526
111.52 0.0470387
111.58 0.0474297
111.64 0.0478255
111.7 0.0482264
111.76 0.0486322
111.82 0.0490432
111.88 0.0494595
111.94 0.049881
112 0.0503079
112.06 0.0507404
112.12 0.0511784
112.18 0.0516221
112.24 0.0520716
112.3 0.052527
112.36 0.0529884
112.42 0.0534558
112.48 0.0539295
112.54 0.0544095
112.6 0.0548959
112.66 0.0553888
112.72 0.0558884
112.78 0.0563948
112.84 0.056908
112.9 0.0574283
112.96 0.0579558
113.02 0.0584905
113.08 0.0590326
113.14 0.0595823
113.2 0.0601397
113.26 0.060705
113.32 0.0612782
113.38 0.0618596
113.44 0.0624492
113.5 0.0630473
113.56 0.0636541
113.62 0.0642696
113.68 0.064894
113.74 0.0655276
113.8 0.0661705
113.86 0.0668228
113.92 0.0674849
113.98 0.0681568
114.04 0.0688387
114.1 0.0695309
114.16 0.0702336
114.22 0.070947
114.28 0.0716712
114.34 0.0724066
114.4 0.0731533
114.46 0.0739116
114.52 0.0746817
114.58 0.0754639
114.64 0.0762584
114.7 0.0770655
114.76 0.0778854
114.82 0.0787184
114.88 0.0795648
114.94 0.080425
115 0.081299
115.06 0.0821874
115.12 0.0830904
115.18 0.0840083
115.24 0.0849414
115.3 0.0858901
115.36 0.0868548
115.42 0.0878357
115.48 0.0888333
115.54 0.089848
115.6 0.09088
115.66 0.0919299
115.72 0.092998
115.78 0.0940848
115.84 0.0951907
115.9 0.0963161
115.96 0.0974615
116.02 0.0986274
116.08 0.0998142
116.14 0.101023
116.2 0.102253
116.26 0.103506
116.32 0.104782
116.38 0.106081
116.44 0.107405
116.5 0.108754
116.56 0.110128
116.62 0.111528
116.68 0.112955
116.74 0.114409
116.8 0.115892
116.86 0.117403
116.92 0.118944
116.98 0.120516
117.04 0.122118
117.1 0.123753
117.16 0.125421
117.22 0.127122
117.28 0.128858
117.34 0.13063
117.4 0.132438
117.46 0.134284
117.52 0.136168
117.58 0.138093
117.64 0.140058
117.7 0.142065
117.76 0.144116
117.82 0.14621
117.88 0.148351
117.94 0.150539
118 0.152775
118.06 0.155061
118.12 0.157399
118.18 0.159789
118.24 0.162234
118.3 0.164735
118.36 0.167294
118.42 0.169913
118.48 0.172594
118.54 0.175337
118.6 0.178147
118.66 0.181024
118.72 0.183971
118.78 0.186989
118.84 0.190083
118.9 0.193253
118.96 0.196502
119.02 0.199834
119.08 0.20325
119.14 0.206754
119.2 0.210348
119.26 0.214036
119.32 0.217822
119.38 0.221708
119.44 0.225698
119.5 0.229795
119.56 0.234004
119.62 0.238329
119.68 0.242774
119.74 0.247343
119.8 0.252041
119.86 0.256873
119.92 0.261844
119.98 0.266959
120.04 0.272223
120.1 0.277644
120.16 0.283226
120.22 0.288976
120.28 0.294901
120.34 0.301008
120.4 0.307305
120.46 0.313799
120.52 0.320498
120.58 0.327412
120.64 0.334548
120.7 0.341918
120.76 0.34953
120.82 0.357396
120.88 0.365527
120.94 0.373934
121 0.382631
121.06 0.391629
121.12 0.400944
121.18 0.41059
121.24 0.420582
121.3 0.430937
121.36 0.441673
121.42 0.452808
121.48 0.464362
121.54 0.476355
121.6 0.48881
121.66 0.50175
121.72 0.515201
121.78 0.529188
121.84 0.54374
121.9 0.558887
121.96 0.574661
122.02 0.591097
122.08 0.608231
122.14 0.626102
122.2 0.644752
122.26 0.664225
122.32 0.684569
122.38 0.705835
122.44 0.728079
122.5 0.751358
122.56 0.775735
122.62 0.80128
122.68 0.828064
122.74 0.856165
122.8 0.885669
122.86 0.916666
122.92 0.949253
122.98 0.983537
123.04 1.01963
123.1 1.05766
123.16 1.09776
123.22 1.14007
123.28 1.18474
123.34 1.23195
123.4 1.28189
123.46 1.33474
123.52 1.39072
123.58 1.45008
123.64 1.51305
123.7 1.57992
123.76 1.65098
123.82 1.72656
123.88 1.80701
123.94 1.89271
124 1.98407
124.06 2.08153
124.12 2.18557
124.18 2.29671
124.24 2.4155
124.3 2.54252
124.36 2.6784
124.42 2.8238
124.48 2.97941
124.54 3.14593
124.6 3.3241
124.66 3.51463
124.72 3.71822
124.78 3.93553
124.84 4.16712
124.9 4.41341
124.96 4.67467
125.02 4.95087
125.08 5.24165
125.14 5.5462
125.2 5.86315
125.26 6.19046
125.32 6.52529
125.38 6.86388
125.44 7.20153
125.5 7.53253
125.56 7.85022
125.62 8.14722
125.68 8.41562
125.74 8.64745
125.8 8.83513
125.86 8.97206
125.92 9.05316
125.98 9.07529
126.04 9.03759
126.1 8.94153
126.16 8.79079
126.22 8.5909
126.28 8.34877
126.34 8.07214
126.4 7.76899
126.46 7.44713
126.52 7.1138
126.58 6.77539
126.64 6.43737
126.7 6.10418
126.76 5.77933
126.82 5.46545
126.88 5.16438
126.94 4.87735
127 4.60503
127.06 4.34769
127.12 4.10527
127.18 3.87746
127.24 3.66379
127.3 3.46367
127.36 3.27643
127.42 3.10138
127.48 2.93777
127.54 2.78489
127.6 2.64204
127.66 2.50854
127.72 2.38372
127.78 2.26699
127.84 2.15775
127.9 2.05548
127.96 1.95966
128.02 1.86982
128.08 1.78553
128.14 1.70638
128.2 1.63201
128.26 1.56207
128.32 1.49625
128.38 1.43425
128.44 1.3758
128.5 1.32065
128.56 1.26858
128.62 1.21938
128.68 1.17284
128.74 1.1288
128.8 1.08709
128.86 1.04754
128.92 1.01003
128.98 0.974419
129.04 0.940589
129.1 0.908426
129.16 0.877828
129.22 0.848699
129.28 0.820949
129.34 0.794496
129.4 0.769263
129.46 0.745178
129.52 0.722176
129.58 0.700193
129.64 0.679172
129.7 0.65906
129.76 0.639807
129.82 0.621364
129.88 0.60369
129.94 0.586742
130 0.570482
130.06 0.554874
130.12 0.539885
130.18 0.525484
130.24 0.511639
130.3 0.498325
130.36 0.485514
130.42 0.473181
130.48 0.461305
130.54 0.449863
130.6 0.438834
130.66 0.428199
130.72 0.41794
130.78 0.408039
130.84 0.398481
130.9 0.389251
130.96 0.380332
131.02 0.371713
131.08 0.363379
131.14 0.355318
131.2 0.34752
131.26 0.339972
131.32 0.332664
131.38 0.325586
131.44 0.318729
131.5 0.312085
131.56 0.305643
131.62 0.299397
131.68 0.293338
131.74 0.287459
131.8 0.281753
131.86 0.276214
131.92 0.270834
131.98 0.265609
132.04 0.260533
132.1 0.255599
132.16 0.250802
132.22 0.246138
132.28 0.241602
132.34 0.237189
132.4 0.232895
132.46 0.228715
132.52 0.224646
132.58 0.220684
132.64 0.216824
132.7 0.213065
132.76 0.209401
132.82 0.20583
132.88 0.20235
132.94 0.198956
133 0.195646
133.06 0.192418
133.12 0.189268
133.18 0.186194
133.24 0.183195
133.3 0.180266
133.36 0.177407
133.42 0.174615
133.48 0.171888
133.54 0.169224
133.6 0.166621
133.66 0.164077
133.72 0.161591
133.78 0.15916
133.84 0.156784
133.9 0.15446
133.96 0.152187
134.02 0.149963
134.08 0.147788
134.14 0.145659
134.2 0.143576
134.26 0.141537
134.32 0.139541
134.38 0.137587
134.44 0.135673
134.5 0.133798
134.56 0.131962
134.62 0.130164
134.68 0.128402
134.74 0.126675
134.8 0.124982
134.86 0.123323
134.92 0.121697
134.98 0.120103
135.04 0.118539
135.1 0.117006
135.16 0.115502
135.22 0.114027
135.28 0.11258
135.34 0.11116
135.4 0.109767
135.46 0.108399
135.52 0.107057
135.58 0.10574
135.64 0.104446
135.7 0.103177
135.76 0.10193
135.82 0.100705
135.88 0.0995024
135.94 0.0983211
136 0.0971606
136.06 0.0960204
136.12 0.0949001
136.18 0.0937993
136.24 0.0927174
136.3 0.0916541
136.36 0.0906089
136.42 0.0895815
136.48 0.0885713
136.54 0.0875781
136.6 0.0866015
136.66 0.085641
136.72 0.0846964
136.78 0.0837673
136.84 0.0828533
136.9 0.0819542
136.96 0.0810695
137.02 0.0801991
137.08 0.0793426
137.14 0.0784997
137.2 0.0776701
137.26 0.0768536
137.32 0.0760498
137.38 0.0752586
137.44 0.0744796
137.5 0.0737126
137.56 0.0729573
137.62 0.0722136
137.68 0.0714811
137.74 0.0707598
137.8 0.0700492
137.86 0.0693493
137.92 0.0686598
137.98 0.0679804
138.04 0.0673111
138.1 0.0666517
138.16 0.0660018
138.22 0.0653614
138.28 0.0647302
138.34 0.0641081
138.4 0.0634949
138.46 0.0628904
138.52 0.0622945
138.58 0.061707
138.64 0.0611278
138.7 0.0605567
138.76 0.0599935
138.82 0.0594381
138.88 0.0588904
138.94 0.0583502
139 0.0578174
139.06 0.0572918
139.12 0.0567734
139.18 0.0562619
139.24 0.0557574
139.3 0.0552595
139.36 0.0547683
139.42 0.0542836
139.48 0.0538053
139.54 0.0533332
139.6 0.0528674
139.66 0.0524076
139.72 0.0519537
139.78 0.0515058
139.84 0.0510635
139.9 0.050627
139.96 0.050196
140.02 0.0497705
140.08 0.0493503
140.14 0.0489355
140.2 0.0485258
140.26 0.0481213
140.32 0.0477217
140.38 0.0473272
140.44 0.0469375
140.5 0.0465525
140.56 0.0461723
140.62 0.0457968
140.68 0.0454257
140.74 0.0450592
140.8 0.0446971
140.86 0.0443393
140.92 0.0439858
140.98 0.0436364
141.04 0.0432913
141.1 0.0429502
141.16 0.0426131
141.22 0.0422799
141.28 0.0419507
141.34 0.0416252
141.4 0.0413036
141.46 0.0409856
141.52 0.0406713
141.58 0.0403606
141.64 0.0400534
141.7 0.0397498
141.76 0.0394495
141.82 0.0391526
141.88 0.0388591
141.94 0.0385689
142 0.0382819
142.06 0.037998
142.12 0.0377174
142.18 0.0374398
142.24 0.0371652
142.3 0.0368937
142.36 0.0366251
142.42 0.0363595
142.48 0.0360967
142.54 0.0358368
142.6 0.0355796
142.66 0.0353252
142.72 0.0350735
142.78 0.0348245
142.84 0.0345782
142.9 0.0343344
142.96 0.0340932
143.02 0.0338546
143.08 0.0336184
143.14 0.0333847
143.2 0.0331534
143.26 0.0329245
143.32 0.032698
143.38 0.0324737
143.44 0.0322518
143.5 0.0320322
143.56 0.0318148
143.62 0.0315996
143.68 0.0313865
143.74 0.0311756
143.8 0.0309668
143.86 0.0307602
143.92 0.0305555
143.98 0.0303529
144.04 0.0301523
144.1 0.0299537
144.16 0.0297571
144.22 0.0295623
144.28 0.0293695
144.34 0.0291786
144.4 0.0289895
144.46 0.0288022
144.52 0.0286168
144.58 0.0284331
144.64 0.0282512
144.7 0.028071
144.76 0.0278926
144.82 0.0277158
144.88 0.0275407
144.94 0.0273673
145 0.0271955
145.06 0.0270253
145.12 0.0268567
145.18 0.0266896
145.24 0.0265242
145.3 0.0263602
145.36 0.0261978
145.42 0.0260368
145.48 0.0258774
145.54 0.0257194
145.6 0.0255628
145.66 0.0254077
145.72 0.025254
145.78 0.0251016
145.84 0.0249507
145.9 0.024801
145.96 0.0246528
146.02 0.0245058
146.08 0.0243602
146.14 0.0242158
146.2 0.0240728
146.26 0.023931
146.32 0.0237904
146.38 0.0236511
146.44 0.023513
146.5 0.0233761
146.56 0.0232404
146.62 0.0231059
146.68 0.0229725
146.74 0.0228403
146.8 0.0227092
146.86 0.0225793
146.92 0.0224504
146.98 0.0223227
147.04 0.022196
147.1 0.0220704
147.16 0.0219459
147.22 0.0218225
147.28 0.0217
147.34 0.0215786
147.4 0.0214582
147.46 0.0213388
147.52 0.0212205
147.58 0.021103
147.64 0.0209866
147.7 0.0208711
147.76 0.0207566
147.82 0.020643
147.88 0.0205303
147.94 0.0204186
148 0.0203078
148.06 0.0201978
148.12 0.0200888
148.18 0.0199806
148.24 0.0198733
148.3 0.0197669
148.36 0.0196613
148.42 0.0195566
148.48 0.0194527
148.54 0.0193496
148.6 0.0192473
148.66 0.0191459
148.72 0.0190452
148.78 0.0189454
148.84 0.0188463
148.9 0.018748
148.96 0.0186504
149.02 0.0185537
149.08 0.0184576
149.14 0.0183623
149.2 0.0182678
149.26 0.018174
149.32 0.0180809
149.38 0.0179885
149.44 0.0178968
149.5 0.0178058
149.56 0.0177155
149.62 0.0176259
149.68 0.017537
149.74 0.0174487
149.8 0.0173611
149.86 0.0172742
149.92 0.0171879
149.98 0.0171023
150.04 0.0170173
150.1 0.0169329
150.16 0.0168491
150.22 0.016766
150.28 0.0166835
150.34 0.0166016
150.4 0.0165203
150.46 0.0164396
150.52 0.0163594
150.58 0.0162799
150.64 0.016201
150.7 0.0161226
150.76 0.0160447
150.82 0.0159675
150.88 0.0158908
150.94 0.0158146
151 0.015739
151.06 0.015664
151.12 0.0155894
151.18 0.0155154
151.24 0.015442
151.3 0.015369
151.36 0.0152966
151.42 0.0152247
151.48 0.0151532
151.54 0.0150823
151.6 0.0150119
151.66 0.014942
151.72 0.0148725
151.78 0.0148036
151.84 0.0147351
151.9 0.0146671
151.96 0.0145995
152.02 0.0145325
152.08 0.0144659
152.14 0.0143997
152.2 0.014334
152.26 0.0142687
152.32 0.0142039
152.38 0.0141396
152.44 0.0140756
152.5 0.0140121
152.56 0.013949
152.62 0.0138864
152.68 0.0138242
152.74 0.0137624
152.8 0.013701
152.86 0.01364
152.92 0.0135794
152.98 0.0135192
153.04 0.0134594
153.1 0.0134001
153.16 0.0133411
153.22 0.0132825
153.28 0.0132242
153.34 0.0131664
153.4 0.0131089
153.46 0.0130519
153.52 0.0129951
153.58 0.0129388
153.64 0.0128828
153.7 0.0128272
153.76 0.012772
153.82 0.0127171
153.88 0.0126625
153.94 0.0126083
154 0.0125545
154.06 0.012501
154.12 0.0124478
154.18 0.012395
154.24 0.0123425
154.3 0.0122903
154.36 0.0122385
154.42 0.012187
154.48 0.0121358
154.54 0.012085
154.6 0.0120344
154.66 0.0119842
154.72 0.0119343
154.78 0.0118847
154.84 0.0118354
154.9 0.0117864
154.96 0.0117378
155.02 0.0116894
155.08 0.0116413
155.14 0.0115935
155.2 0.011546
155.26 0.0114988
155.32 0.0114519
155.38 0.0114053
155.44 0.0113589
155.5 0.0113129
155.56 0.0112671
155.62 0.0112216
155.68 0.0111764
155.74 0.0111314
155.8 0.0110867
155.86 0.0110423
155.92 0.0109982
155.98 0.0109543
156.04 0.0109107
156.1 0.0108673
156.16 0.0108242
156.22 0.0107814
156.28 0.0107388
156.34 0.0106964
156.4 0.0106543
156.46 0.0106125
156.52 0.0105709
156.58 0.0105295
156.64 0.0104884
156.7 0.0104475
156.76 0.0104069
156.82 0.0103665
156.88 0.0103264
156.94 0.0102864
157 0.0102467
157.06 0.0102073
157.12 0.010168
157.18 0.010129
157.24 0.0100902
157.3 0.0100516
157.36 0.0100133
157.42 0.00997515
157.48 0.00993724
157.54 0.00989954
157.6 0.00986205
157.66 0.00982478
157.72 0.00978772
157.78 0.00975087
157.84 0.00971423
157.9 0.00967779
157.96 0.00964156
158.02 0.00960553
158.08 0.0095697
158.14 0.00953407
158.2 0.00949864
158.26 0.00946341
158.32 0.00942837
158.38 0.00939353
158.44 0.00935888
158.5 0.00932442
158.56 0.00929015
158.62 0.00925607
158.68 0.00922217
158.74 0.00918847
158.8 0.00915494
158.86 0.0091216
158.92 0.00908844
158.98 0.00905547
159.04 0.00902267
159.1 0.00899005
159.16 0.0089576
159.22 0.00892533
159.28 0.00889324
159.34 0.00886131
159.4 0.00882956
159.46 0.00879798
159.52 0.00876657
159.58 0.00873533
159.64 0.00870425
159.7 0.00867334
159.76 0.00864259
159.82 0.00861201
159.88 0.00858158
159.94 0.00855132
