0.9 3.26221993223343 -0.499978063023997 -0.5
0.991 2.44204844469817 -0.499980593130599 -0.5
1.082 1.83785900704698 -0.499982691588649 -0.5
1.173 1.38257167276053 -0.499984459797884 -0.5
1.264 1.03291682194119 -0.499985968431358 -0.5
1.355 0.760031294414846 -0.499987268912706 -0.5
1.446 0.544104591264028 -0.499988396593185 -0.5
1.537 0.37120128250496 -0.499989391989121 -0.5
1.628 0.231306737951404 -0.499990266258454 -0.5
1.719 0.117087612356376 -0.499991041346683 -0.5
1.81 0.0230837899164886 -0.499991730946849 -0.5
1.901 -0.0548305699695647 -0.49999234897951 -0.5
1.992 -0.119814831934908 -0.499992902508591 -0.5
2.083 -0.174317362979028 -0.499993400200216 -0.5
2.174 -0.220256185469959 -0.499993848604447 -0.5
2.265 -0.259148710147515 -0.499994253245994 -0.5
2.356 -0.292206232806353 -0.499994618833199 -0.5
2.447 -0.320403663997199 -0.499994949390737 -0.5
2.538 -0.344531584083726 -0.499995248431616 -0.5
2.629 -0.365235585613763 -0.499995519006103 -0.5
2.72 -0.383046214591259 -0.499995763806183 -0.5
2.811 -0.398402068308797 -0.499995985278796 -0.5
2.902 -0.411667712544698 -0.499996185347214 -0.5
2.993 -0.42314771201284 -0.499996366127884 -0.5
3.084 -0.433097698384097 -0.499996529273942 -0.5
3.175 -0.441733163996292 -0.499996676348462 -0.5
3.266 -0.449236489239107 -0.499996808782609 -0.5
3.357 -0.455762615348476 -0.499996927992619 -0.5
3.448 -0.461443612888357 -0.499997034769411 -0.5
3.539 -0.466392419784945 -0.499997130622946 -0.5
3.63 -0.470705893253714 -0.499997216418135 -0.5
3.721 -0.474467321522024 -0.499997293079191 -0.5
3.812 -0.477748499940263 -0.499997361459398 -0.5
3.903 -0.480611455169597 -0.499997422377903 -0.5
3.994 -0.483109878092351 -0.499997476869917 -0.5
4.085 -0.485290338340221 -0.499997524388333 -0.5
4.176 -0.48719328449985 -0.499997566837242 -0.5
4.267 -0.488853904372006 -0.499997604321815 -0.5
4.358 -0.490302847080769 -0.499997637348755 -0.5
4.449 -0.491566837942355 -0.499997666383542 -0.5
4.54 -0.492669202898378 -0.499997691878066 -0.5
4.631 -0.493630316270445 -0.499997714436635 -0.5
4.722 -0.494467987541693 -0.499997733508857 -0.5
4.813 -0.495197790521386 -0.499997750389349 -0.5
4.904 -0.495833350164327 -0.499997765018781 -0.5
4.995 -0.496386589513856 -0.499997777651877 -0.5
5.086 -0.496867943979805 -0.499997788518592 -0.5
5.177 -0.497286547512328 -0.499997797833454 -0.5
5.268 -0.497650394724648 -0.499997805842448 -0.5
5.359 -0.497966481539004 -0.499997812454383 -0.5
5.45 -0.498240930144455 -0.499997818095875 -0.5
5.541 -0.498479095250959 -0.49999782279908 -0.5
5.632 -0.498685659464087 -0.499997826679663 -0.5
5.723 -0.498864715925044 -0.499997829840313 -0.5
5.814 -0.499019840957083 -0.499997832372732 -0.5
5.905 -0.499154157833069 -0.499997834365016 -0.5
5.996 -0.499270392804617 -0.499997835937389 -0.5
6.087 -0.49937092391189 -0.499997836942481 -0.5
6.178 -0.499457825055808 -0.49999783766731 -0.5
6.269 -0.499532903016753 -0.499997838078483 -0.5
6.36 -0.499597731292613 -0.499997838218162 -0.5
6.451 -0.499653679284839 -0.499997838123327 -0.5
6.542 -0.499701938015137 -0.499997837826707 -0.5
6.633 -0.499743542700032 -0.499997837360106 -0.5
6.724 -0.499779392568487 -0.499997836768496 -0.5
6.815 -0.499810268091378 -0.499997835985289 -0.5
6.906 -0.499836846515973 -0.499997835127228 -0.5
6.997 -0.499859714850346 -0.499997834176067 -0.5
7.088 -0.499879381707902 -0.49999783314591 -0.5
7.179 -0.499896287472409 -0.499997832048991 -0.5
7.27 -0.499910813214695 -0.499997830896042 -0.5
7.361 -0.499923288480516 -0.499997829697024 -0.5
7.452 -0.499933998090227 -0.499997828465304 -0.5
7.543 -0.499943188032212 -0.499997827185326 -0.5
7.634 -0.499951072637944 -0.499997827837402 -0.5
7.725 -0.499957844456261 -0.499997839714972 -0.5
7.816 -0.499963649962085 -0.499997851320731 -0.5
7.907 -0.499968625328159 -0.499997862666655 -0.5
7.998 -0.499972887850136 -0.499997873763792 -0.5
8.089 -0.499976538511427 -0.499997884622445 -0.5
8.18 -0.499979664208693 -0.499997895252888 -0.5
8.271 -0.499982339675054 -0.499997905660502 -0.5
8.362 -0.499984629162972 -0.499997915857146 -0.5
8.453 -0.499986587877367 -0.499997925849159 -0.5
8.544 -0.499988263233456 -0.499997935643686 -0.5
8.635 -0.499989695936913 -0.499997945247423 -0.5
8.726 -0.499990920918294 -0.499997954666682 -0.5
8.817 -0.499991968139852 -0.499997963907426 -0.5
8.908 -0.499992863291817 -0.499997972975364 -0.5
8.999 -0.499993628393227 -0.499997981876429 -0.5
9.09 -0.499994282305911 -0.499997990613252 -0.5
9.181 -0.499994841188353 -0.499997999193282 -0.5
9.272 -0.499995318870887 -0.499998007620177 -0.5
9.363 -0.499995727190456 -0.499998015898303 -0.5
9.454 -0.499996076273765 -0.499998024031829 -0.5
9.545 -0.49999637478148 -0.499998032024741 -0.5
9.636 -0.49999663011806 -0.499998039880867 -0.5
9.727 -0.499996848612007 -0.499998047603899 -0.5
9.818 -0.499997035670323 -0.499998055197205 -0.5
9.909 -0.499997195911783 -0.49999806266432 -0.5
