0.001 0.000999 0.998 0.000999
0.002 0.001996 0.996004 0.001996
0.012 0.0118568 0.976213 0.0118569
0.022 0.0215213 0.956718 0.0215213
0.032 0.0309922 0.937513 0.0309922
0.042 0.0402725 0.918596 0.0402725
0.052 0.049365 0.899962 0.0493651
0.062 0.0582727 0.881609 0.0582727
0.072 0.0669981 0.863531 0.0669982
0.082 0.0755442 0.845726 0.0755443
0.092 0.0839135 0.82819 0.0839137
0.102 0.0921089 0.810919 0.092109
0.112 0.100133 0.79391 0.100133
0.122 0.107988 0.777159 0.107988
0.132 0.115677 0.760662 0.115677
0.142 0.123202 0.744417 0.123202
0.152 0.130566 0.72842 0.130566
0.162 0.137771 0.712668 0.137771
0.172 0.14482 0.697157 0.14482
0.182 0.151715 0.681884 0.151715
0.192 0.158459 0.666846 0.158459
0.202 0.165053 0.65204 0.165053
0.212 0.1715 0.637462 0.171501
0.222 0.177803 0.62311 0.177803
0.232 0.183963 0.608981 0.183964
0.242 0.189983 0.59507 0.189984
0.252 0.195865 0.581377 0.195866
0.262 0.201611 0.567897 0.201612
0.272 0.207224 0.554628 0.207224
0.282 0.212705 0.541566 0.212705
0.292 0.218056 0.52871 0.218056
0.302 0.22328 0.516055 0.22328
0.312 0.228378 0.503601 0.228378
0.322 0.233352 0.491343 0.233353
0.332 0.238205 0.479279 0.238206
0.342 0.242938 0.467406 0.242939
0.352 0.247554 0.455722 0.247555
0.362 0.252054 0.444225 0.252054
0.372 0.256439 0.432911 0.25644
0.382 0.260712 0.421778 0.260713
0.392 0.264875 0.410825 0.264876
0.402 0.268929 0.400047 0.26893
0.412 0.272877 0.389443 0.272878
0.422 0.276719 0.37901 0.27672
0.432 0.280457 0.368747 0.280458
0.442 0.284094 0.35865 0.284095
0.452 0.287631 0.348718 0.287632
0.462 0.291069 0.338948 0.29107
0.472 0.294411 0.329337 0.294412
0.482 0.297657 0.319885 0.297658
0.492 0.300809 0.310588 0.30081
0.502 0.303869 0.301444 0.30387
0.512 0.306838 0.292451 0.306839
0.522 0.309718 0.283608 0.30972
0.532 0.312511 0.274911 0.312512
0.542 0.315217 0.26636 0.315218
0.552 0.317838 0.257952 0.31784
0.562 0.320377 0.249684 0.320378
0.572 0.322833 0.241556 0.322834
0.582 0.325208 0.233564 0.32521
0.592 0.327504 0.225708 0.327506
0.602 0.329723 0.217984 0.329724
0.612 0.331864 0.210393 0.331866
0.622 0.333931 0.20293 0.333933
0.632 0.335923 0.195596 0.335925
0.642 0.337843 0.188387 0.337845
0.652 0.339692 0.181302 0.339694
0.662 0.34147 0.17434 0.341472
0.672 0.343179 0.167498 0.343181
0.682 0.34482 0.160775 0.344822
0.692 0.346395 0.154169 0.346397
0.702 0.347904 0.147679 0.347906
0.712 0.349349 0.141303 0.349351
0.722 0.35073 0.135039 0.350733
0.732 0.35205 0.128886 0.352053
0.742 0.353308 0.122841 0.353311
0.752 0.354507 0.116905 0.35451
0.762 0.355647 0.111074 0.35565
0.772 0.356729 0.105347 0.356732
0.782 0.357754 0.0997241 0.357757
0.792 0.358724 0.0942022 0.358727
0.802 0.359638 0.0887804 0.359642
0.812 0.3605 0.0834571 0.360503
0.822 0.361308 0.0782309 0.361311
0.832 0.362065 0.0731005 0.362068
0.842 0.36277 0.0680644 0.362774
0.852 0.363426 0.0631213 0.36343
0.862 0.364033 0.0582698 0.364037
0.872 0.364592 0.0535086 0.364596
0.882 0.365103 0.0488364 0.365108
0.892 0.365569 0.0442519 0.365573
0.902 0.365989 0.0397538 0.365993
0.912 0.366364 0.0353408 0.366369
0.922 0.366696 0.0310116 0.3667
0.932 0.366985 0.0267652 0.366989
0.942 0.367231 0.0226001 0.367236
0.952 0.367437 0.0185153 0.367442
0.962 0.367602 0.0145095 0.367607
0.972 0.367727 0.0105816 0.367733
0.982 0.367814 0.00673048 0.367819
0.992 0.367862 0.00295491 0.367868
1.002 0.367873 -0.000746196 0.367879
1.012 0.367848 -0.00437395 0.367853
1.022 0.367786 -0.00792943 0.367792
1.032 0.367689 -0.0114137 0.367695
1.042 0.367558 -0.0148279 0.367564
1.052 0.367393 -0.018173 0.367399
1.062 0.367195 -0.0214501 0.367201
1.072 0.366964 -0.0246602 0.36697
1.082 0.366702 -0.0278043 0.366708
1.092 0.366408 -0.0308833 0.366415
1.102 0.366084 -0.0338984 0.366091
1.112 0.365731 -0.0368503 0.365737
1.122 0.365348 -0.0397402 0.365354
1.132 0.364936 -0.042569 0.364943
1.142 0.364496 -0.0453375 0.364504
1.152 0.364029 -0.0480467 0.364037
1.162 0.363536 -0.0506975 0.363543
1.172 0.363016 -0.0532908 0.363023
1.182 0.36247 -0.0558275 0.362478
1.192 0.361899 -0.0583084 0.361907
1.202 0.361304 -0.0607344 0.361312
1.212 0.360685 -0.0631064 0.360693
1.222 0.360042 -0.0654252 0.36005
1.232 0.359376 -0.0676916 0.359385
1.242 0.358688 -0.0699064 0.358697
1.252 0.357978 -0.0720704 0.357987
1.262 0.357247 -0.0741845 0.357256
1.272 0.356495 -0.0762493 0.356504
1.282 0.355722 -0.0782658 0.355732
1.292 0.35493 -0.0802345 0.354939
1.302 0.354118 -0.0821563 0.354127
1.312 0.353287 -0.084032 0.353297
1.322 0.352437 -0.0858622 0.352447
1.332 0.35157 -0.0876476 0.35158
1.342 0.350684 -0.089389 0.350695
1.352 0.349782 -0.0910871 0.349793
1.362 0.348863 -0.0927426 0.348874
1.372 0.347927 -0.0943561 0.347938
1.382 0.346976 -0.0959283 0.346987
1.392 0.346009 -0.0974599 0.34602
1.402 0.345027 -0.0989515 0.345038
1.412 0.34403 -0.100404 0.344042
1.422 0.343019 -0.101817 0.343031
1.432 0.341994 -0.103193 0.342006
1.442 0.340955 -0.104531 0.340967
1.452 0.339903 -0.105832 0.339916
1.462 0.338839 -0.107097 0.338851
1.472 0.337761 -0.108327 0.337774
1.482 0.336672 -0.109521 0.336685
1.492 0.335571 -0.110681 0.335584
1.502 0.334459 -0.111806 0.334472
1.512 0.333335 -0.112899 0.333349
1.522 0.332201 -0.113959 0.332214
1.532 0.331056 -0.114986 0.33107
1.542 0.329901 -0.115982 0.329915
1.552 0.328737 -0.116946 0.328751
1.562 0.327562 -0.11788 0.327577
1.572 0.326379 -0.118784 0.326394
1.582 0.325187 -0.119658 0.325202
1.592 0.323986 -0.120503 0.324001
1.602 0.322777 -0.121319 0.322792
1.612 0.32156 -0.122107 0.321575
1.622 0.320335 -0.122868 0.32035
1.632 0.319102 -0.123601 0.319118
1.642 0.317863 -0.124307 0.317879
1.652 0.316616 -0.124987 0.316633
1.662 0.315363 -0.125642 0.31538
1.672 0.314104 -0.126271 0.31412
1.682 0.312838 -0.126875 0.312855
1.692 0.311566 -0.127454 0.311583
1.702 0.310289 -0.128009 0.310306
1.712 0.309006 -0.128541 0.309024
1.722 0.307718 -0.129049 0.307736
1.732 0.306425 -0.129535 0.306443
1.742 0.305128 -0.129998 0.305146
1.752 0.303825 -0.130439 0.303844
1.762 0.302519 -0.130859 0.302537
1.772 0.301208 -0.131257 0.301227
1.782 0.299894 -0.131634 0.299913
1.792 0.298576 -0.131991 0.298595
1.802 0.297254 -0.132328 0.297273
1.812 0.295929 -0.132645 0.295949
1.822 0.294601 -0.132942 0.294621
1.832 0.29327 -0.133221 0.29329
1.842 0.291937 -0.133481 0.291957
1.852 0.290601 -0.133722 0.290621
1.862 0.289262 -0.133946 0.289283
1.872 0.287922 -0.134151 0.287943
1.882 0.286579 -0.13434 0.286601
1.892 0.285235 -0.134511 0.285257
1.902 0.283889 -0.134666 0.283911
1.912 0.282542 -0.134804 0.282564
1.922 0.281193 -0.134926 0.281216
1.932 0.279843 -0.135033 0.279866
1.942 0.278493 -0.135124 0.278515
1.952 0.277141 -0.135199 0.277164
1.962 0.275789 -0.13526 0.275812
1.972 0.274436 -0.135307 0.274459
1.982 0.273083 -0.135339 0.273106
1.992 0.271729 -0.135357 0.271753
2.002 0.270376 -0.135361 0.2704
2.012 0.269022 -0.135352 0.269047
2.022 0.267669 -0.135329 0.267693
2.032 0.266315 -0.135294 0.266341
2.042 0.264963 -0.135246 0.264988
2.052 0.263611 -0.135185 0.263636
2.062 0.262259 -0.135112 0.262285
2.072 0.260908 -0.135028 0.260935
2.082 0.259559 -0.134932 0.259585
2.092 0.25821 -0.134824 0.258236
2.102 0.256862 -0.134705 0.256889
2.112 0.255516 -0.134575 0.255543
2.122 0.254171 -0.134434 0.254198
2.132 0.252827 -0.134283 0.252855
2.142 0.251485 -0.134121 0.251513
2.152 0.250145 -0.13395 0.250173
2.162 0.248806 -0.133768 0.248835
2.172 0.247469 -0.133577 0.247498
2.182 0.246135 -0.133377 0.246164
2.192 0.244802 -0.133167 0.244831
2.202 0.243471 -0.132948 0.243501
2.212 0.242143 -0.132721 0.242173
2.222 0.240817 -0.132484 0.240847
2.232 0.239493 -0.13224 0.239524
2.242 0.238172 -0.131987 0.238203
2.252 0.236854 -0.131726 0.236885
2.262 0.235538 -0.131457 0.235569
2.272 0.234224 -0.131181 0.234256
2.282 0.232914 -0.130897 0.232946
2.292 0.231606 -0.130605 0.231639
2.302 0.230302 -0.130307 0.230335
2.312 0.229 -0.130001 0.229033
2.322 0.227702 -0.129689 0.227735
2.332 0.226407 -0.12937 0.22644
2.342 0.225115 -0.129045 0.225149
2.352 0.223826 -0.128713 0.22386
2.362 0.22254 -0.128375 0.222575
2.372 0.221258 -0.128031 0.221293
2.382 0.21998 -0.127681 0.220015
2.392 0.218705 -0.127326 0.21874
2.402 0.217433 -0.126965 0.217469
2.412 0.216165 -0.126598 0.216202
2.422 0.214901 -0.126227 0.214938
2.432 0.213641 -0.12585 0.213678
2.442 0.212384 -0.125468 0.212422
2.452 0.211132 -0.125081 0.211169
2.462 0.209883 -0.12469 0.209921
2.472 0.208638 -0.124294 0.208676
2.482 0.207397 -0.123893 0.207435
2.492 0.20616 -0.123488 0.206199
2.502 0.204927 -0.123079 0.204966
2.512 0.203698 -0.122666 0.203738
2.522 0.202474 -0.122249 0.202514
2.532 0.201253 -0.121829 0.201294
2.542 0.200037 -0.121404 0.200078
2.552 0.198825 -0.120976 0.198866
2.562 0.197618 -0.120544 0.197659
2.572 0.196414 -0.120109 0.196456
2.582 0.195215 -0.119671 0.195258
2.592 0.194021 -0.119229 0.194063
2.602 0.192831 -0.118785 0.192874
2.612 0.191645 -0.118337 0.191688
2.622 0.190464 -0.117887 0.190508
2.632 0.189288 -0.117434 0.189331
2.642 0.188116 -0.116978 0.18816
2.652 0.186948 -0.11652 0.186993
2.662 0.185785 -0.116059 0.18583
2.672 0.184627 -0.115596 0.184672
2.682 0.183473 -0.115131 0.183519
2.692 0.182324 -0.114663 0.18237
2.702 0.18118 -0.114193 0.181226
2.712 0.18004 -0.113722 0.180087
2.722 0.178906 -0.113248 0.178953
2.732 0.177775 -0.112773 0.177823
2.742 0.17665 -0.112296 0.176698
2.752 0.17553 -0.111817 0.175578
2.762 0.174414 -0.111337 0.174463
2.772 0.173303 -0.110855 0.173352
2.782 0.172197 -0.110372 0.172246
2.792 0.171095 -0.109887 0.171145
2.802 0.169999 -0.109401 0.170049
2.812 0.168907 -0.108914 0.168958
2.822 0.167821 -0.108426 0.167872
2.832 0.166739 -0.107937 0.16679
2.842 0.165662 -0.107447 0.165714
2.852 0.16459 -0.106955 0.164642
2.862 0.163523 -0.106463 0.163576
2.872 0.162461 -0.105971 0.162514
2.882 0.161403 -0.105477 0.161457
2.892 0.160351 -0.104983 0.160405
2.902 0.159304 -0.104488 0.159358
2.912 0.158261 -0.103993 0.158316
2.922 0.157224 -0.103497 0.157279
2.932 0.156191 -0.103001 0.156247
2.942 0.155164 -0.102504 0.15522
2.952 0.154141 -0.102007 0.154198
2.962 0.153124 -0.10151 0.153181
2.972 0.152111 -0.101013 0.152169
2.982 0.151103 -0.100515 0.151162
2.992 0.150101 -0.100018 0.150159
3.002 0.149103 -0.0995202 0.149162
3.012 0.14811 -0.0990226 0.14817
3.022 0.147123 -0.0985251 0.147183
3.032 0.14614 -0.0980277 0.1462
3.042 0.145162 -0.0975304 0.145223
3.052 0.144189 -0.0970334 0.144251
3.062 0.143221 -0.0965366 0.143283
3.072 0.142259 -0.0960401 0.142321
3.082 0.141301 -0.0955439 0.141363
3.092 0.140348 -0.0950481 0.140411
3.102 0.1394 -0.0945527 0.139463
3.112 0.138457 -0.0940578 0.138521
3.122 0.137519 -0.0935634 0.137583
3.132 0.136585 -0.0930695 0.136651
3.142 0.135657 -0.0925763 0.135723
3.152 0.134734 -0.0920836 0.1348
3.162 0.133815 -0.0915916 0.133882
3.172 0.132902 -0.0911002 0.132969
3.182 0.131993 -0.0906096 0.132061
3.192 0.13109 -0.0901198 0.131158
3.202 0.130191 -0.0896307 0.13026
3.212 0.129297 -0.0891425 0.129366
3.222 0.128408 -0.0886551 0.128478
3.232 0.127524 -0.0881686 0.127594
3.242 0.126645 -0.087683 0.126716
3.252 0.12577 -0.0871984 0.125842
3.262 0.124901 -0.0867147 0.124973
3.272 0.124036 -0.0862321 0.124109
3.282 0.123176 -0.0857505 0.123249
3.292 0.122321 -0.08527 0.122395
3.302 0.121471 -0.0847905 0.121545
3.312 0.120625 -0.0843122 0.1207
3.322 0.119785 -0.083835 0.11986
3.332 0.118949 -0.0833589 0.119024
3.342 0.118117 -0.0828841 0.118194
3.352 0.117291 -0.0824105 0.117368
3.362 0.116469 -0.0819381 0.116547
3.372 0.115652 -0.0814669 0.11573
3.382 0.11484 -0.0809971 0.114918
3.392 0.114032 -0.0805285 0.114111
3.402 0.113229 -0.0800613 0.113309
3.412 0.112431 -0.0795954 0.112511
3.422 0.111637 -0.0791308 0.111718
3.432 0.110848 -0.0786677 0.11093
3.442 0.110064 -0.0782059 0.110146
3.452 0.109284 -0.0777456 0.109367
3.462 0.108509 -0.0772867 0.108592
3.472 0.107738 -0.0768293 0.107822
3.482 0.106972 -0.0763733 0.107057
3.492 0.106211 -0.0759188 0.106296
3.502 0.105454 -0.0754658 0.10554
3.512 0.104702 -0.0750143 0.104788
3.522 0.103954 -0.0745644 0.104041
3.532 0.10321 -0.074116 0.103298
3.542 0.102471 -0.0736692 0.10256
3.552 0.101737 -0.0732239 0.101826
3.562 0.101007 -0.0727802 0.101097
3.572 0.100281 -0.0723381 0.100372
3.582 0.0995602 -0.0718977 0.0996512
3.592 0.0988434 -0.0714588 0.0989351
3.602 0.098131 -0.0710216 0.0982234
3.612 0.097423 -0.0705861 0.097516
3.622 0.0967193 -0.0701522 0.096813
3.632 0.0960199 -0.0697199 0.0961144
3.642 0.0953249 -0.0692893 0.09542
3.652 0.0946342 -0.0688605 0.09473
3.662 0.0939477 -0.0684333 0.0940442
3.672 0.0932655 -0.0680078 0.0933627
3.682 0.0925875 -0.067584 0.0926854
3.692 0.0919138 -0.067162 0.0920124
3.702 0.0912443 -0.0667417 0.0913436
3.712 0.090579 -0.0663231 0.090679
3.722 0.0899178 -0.0659063 0.0900186
3.732 0.0892608 -0.0654912 0.0893624
3.742 0.088608 -0.0650779 0.0887103
3.752 0.0879593 -0.0646663 0.0880623
3.762 0.0873146 -0.0642565 0.0874184
3.772 0.0866741 -0.0638485 0.0867787
3.782 0.0860377 -0.0634423 0.086143
3.792 0.0854053 -0.0630378 0.0855113
3.802 0.0847769 -0.0626351 0.0848837
3.812 0.0841526 -0.0622343 0.0842602
3.822 0.0835322 -0.0618352 0.0836406
3.832 0.0829159 -0.061438 0.083025
3.842 0.0823035 -0.0610425 0.0824134
3.852 0.081695 -0.0606489 0.0818058
3.862 0.0810905 -0.060257 0.081202
3.872 0.0804898 -0.059867 0.0806022
3.882 0.0798931 -0.0594788 0.0800063
3.892 0.0793003 -0.0590925 0.0794143
3.902 0.0787113 -0.0587079 0.0788261
3.912 0.0781261 -0.0583252 0.0782418
3.922 0.0775448 -0.0579443 0.0776613
3.932 0.0769672 -0.0575653 0.0770846
3.942 0.0763934 -0.057188 0.0765117
3.952 0.0758234 -0.0568126 0.0759425
3.962 0.0752572 -0.0564391 0.0753772
3.972 0.0746947 -0.0560674 0.0748155
3.982 0.0741358 -0.0556975 0.0742576
3.992 0.0735807 -0.0553294 0.0737033
4.002 0.0730292 -0.0549632 0.0731527
4.012 0.0724814 -0.0545989 0.0726058
4.022 0.0719373 -0.0542363 0.0720626
4.032 0.0713967 -0.0538756 0.0715229
4.042 0.0708597 -0.0535168 0.0709869
4.052 0.0703264 -0.0531598 0.0704544
4.062 0.0697965 -0.0528046 0.0699255
4.072 0.0692703 -0.0524512 0.0694002
4.082 0.0687475 -0.0520997 0.0688784
4.092 0.0682283 -0.05175 0.0683601
4.102 0.0677125 -0.0514021 0.0678453
4.112 0.0672002 -0.0510561 0.067334
4.122 0.0666914 -0.0507119 0.0668261
4.132 0.066186 -0.0503695 0.0663217
4.142 0.065684 -0.050029 0.0658207
4.152 0.0651854 -0.0496902 0.0653231
4.162 0.0646902 -0.0493533 0.0648289
4.172 0.0641983 -0.0490182 0.064338
4.182 0.0637098 -0.0486849 0.0638505
4.192 0.0632246 -0.0483535 0.0633664
4.202 0.0627427 -0.0480238 0.0628855
4.212 0.0622641 -0.0476959 0.062408
4.222 0.0617888 -0.0473699 0.0619337
4.232 0.0613167 -0.0470456 0.0614627
4.242 0.0608479 -0.0467232 0.0609949
4.252 0.0603822 -0.0464025 0.0605303
4.262 0.0599198 -0.0460836 0.060069
4.272 0.0594606 -0.0457665 0.0596108
4.282 0.0590045 -0.0454512 0.0591558
4.292 0.0585515 -0.0451377 0.058704
4.302 0.0581017 -0.0448259 0.0582553
4.312 0.057655 -0.044516 0.0578097
4.322 0.0572114 -0.0442077 0.0573672
4.332 0.0567709 -0.0439013 0.0569278
4.342 0.0563334 -0.0435966 0.0564915
4.352 0.0558989 -0.0432936 0.0560582
4.362 0.0554675 -0.0429924 0.055628
4.372 0.0550391 -0.042693 0.0552007
4.382 0.0546136 -0.0423953 0.0547765
4.392 0.0541911 -0.0420993 0.0543552
4.402 0.0537716 -0.041805 0.0539369
4.412 0.053355 -0.0415125 0.0535215
4.422 0.0529414 -0.0412217 0.0531091
4.432 0.0525306 -0.0409326 0.0526995
4.442 0.0521227 -0.0406453 0.0522929
4.452 0.0517177 -0.0403596 0.0518891
4.462 0.0513155 -0.0400756 0.0514882
4.472 0.0509162 -0.0397934 0.0510901
4.482 0.0505196 -0.0395128 0.0506949
4.492 0.0501259 -0.0392339 0.0503024
4.502 0.049735 -0.0389567 0.0499128
4.512 0.0493468 -0.0386811 0.0495259
4.522 0.0489613 -0.0384073 0.0491418
4.532 0.0485786 -0.0381351 0.0487604
4.542 0.0481986 -0.0378645 0.0483818
4.552 0.0478213 -0.0375956 0.0480058
4.562 0.0474467 -0.0373284 0.0476326
4.572 0.0470748 -0.0370627 0.047262
4.582 0.0467054 -0.0367988 0.0468941
4.592 0.0463388 -0.0365364 0.0465288
4.602 0.0459747 -0.0362757 0.0461661
4.612 0.0456133 -0.0360166 0.0458061
4.622 0.0452544 -0.0357591 0.0454486
4.632 0.0448981 -0.0355032 0.0450938
4.642 0.0445443 -0.0352489 0.0447415
4.652 0.0441931 -0.0349962 0.0443917
4.662 0.0438444 -0.0347451 0.0440445
4.672 0.0434982 -0.0344955 0.0436998
4.682 0.0431545 -0.0342476 0.0433575
4.692 0.0428132 -0.0340012 0.0430178
4.702 0.0424744 -0.0337563 0.0426805
4.712 0.0421381 -0.033513 0.0423457
4.722 0.0418042 -0.0332713 0.0420134
4.732 0.0414727 -0.0330311 0.0416834
4.742 0.0411435 -0.0327925 0.0413559
4.752 0.0408168 -0.0325554 0.0410307
4.762 0.0404924 -0.0323198 0.0407079
4.772 0.0401704 -0.0320857 0.0403875
4.782 0.0398507 -0.0318531 0.0400694
4.792 0.0395333 -0.031622 0.0397537
4.802 0.0392183 -0.0313925 0.0394403
4.812 0.0389055 -0.0311644 0.0391292
4.822 0.038595 -0.0309378 0.0388203
4.832 0.0382867 -0.0307127 0.0385138
4.842 0.0379807 -0.0304891 0.0382095
4.852 0.0376769 -0.0302669 0.0379074
4.862 0.0373754 -0.0300462 0.0376076
4.872 0.037076 -0.0298269 0.0373099
4.882 0.0367788 -0.0296091 0.0370145
4.892 0.0364838 -0.0293927 0.0367213
4.902 0.036191 -0.0291778 0.0364302
4.912 0.0359003 -0.0289642 0.0361413
4.922 0.0356117 -0.0287521 0.0358545
4.932 0.0353252 -0.0285415 0.0355699
4.942 0.0350408 -0.0283322 0.0352874
4.952 0.0347586 -0.0281243 0.035007
4.962 0.0344784 -0.0279178 0.0347286
4.972 0.0342002 -0.0277127 0.0344524
4.982 0.0339241 -0.027509 0.0341782
4.992 0.03365 -0.0273066 0.033906
5.002 0.033378 -0.0271056 0.0336359
5.012 0.0331079 -0.026906 0.0333678
5.022 0.0328398 -0.0267077 0.0331017
5.032 0.0325737 -0.0265108 0.0328376
5.042 0.0323096 -0.0263152 0.0325754
5.052 0.0320474 -0.026121 0.0323153
5.062 0.0317872 -0.0259281 0.032057
5.072 0.0315289 -0.0257365 0.0318008
5.082 0.0312725 -0.0255462 0.0315464
5.092 0.0310179 -0.0253572 0.031294
5.102 0.0307653 -0.0251695 0.0310435
5.112 0.0305145 -0.0249831 0.0307948
5.122 0.0302656 -0.024798 0.030548
5.132 0.0300186 -0.0246142 0.0303031
5.142 0.0297734 -0.0244316 0.0300601
5.152 0.0295299 -0.0242504 0.0298188
5.162 0.0292883 -0.0240703 0.0295794
5.172 0.0290485 -0.0238916 0.0293418
5.182 0.0288105 -0.0237141 0.0291061
5.192 0.0285742 -0.0235378 0.0288721
5.202 0.0283397 -0.0233627 0.0286398
5.212 0.028107 -0.0231889 0.0284094
5.222 0.027876 -0.0230163 0.0281807
5.232 0.0276467 -0.022845 0.0279537
5.242 0.0274191 -0.0226748 0.0277284
5.252 0.0271932 -0.0225058 0.0275049
5.262 0.0269689 -0.0223381 0.0272831
5.272 0.0267464 -0.0221715 0.0270629
5.282 0.0265255 -0.0220061 0.0268445
5.292 0.0263063 -0.0218419 0.0266277
5.302 0.0260887 -0.0216788 0.0264126
5.312 0.0258727 -0.021517 0.0261991
5.322 0.0256583 -0.0213562 0.0259872
5.332 0.0254456 -0.0211967 0.025777
5.342 0.0252344 -0.0210382 0.0255684
5.352 0.0250248 -0.020881 0.0253613
5.362 0.0248168 -0.0207248 0.0251559
5.372 0.0246103 -0.0205698 0.024952
5.382 0.0244054 -0.0204159 0.0247497
5.392 0.024202 -0.0202631 0.024549
5.402 0.0240001 -0.0201114 0.0243498
5.412 0.0237997 -0.0199608 0.0241522
5.422 0.0236009 -0.0198113 0.023956
5.432 0.0234035 -0.0196629 0.0237614
5.442 0.0232076 -0.0195156 0.0235683
5.452 0.0230132 -0.0193694 0.0233767
5.462 0.0228202 -0.0192242 0.0231865
5.472 0.0226287 -0.0190801 0.0229978
5.482 0.0224386 -0.0189371 0.0228106
5.492 0.02225 -0.0187951 0.0226248
5.502 0.0220627 -0.0186542 0.0224405
5.512 0.0218769 -0.0185143 0.0222576
5.522 0.0216924 -0.0183754 0.0220761
5.532 0.0215094 -0.0182376 0.021896
5.542 0.0213277 -0.0181008 0.0217173
5.552 0.0211473 -0.017965 0.02154
5.562 0.0209684 -0.0178302 0.0213641
5.572 0.0207907 -0.0176964 0.0211896
5.582 0.0206144 -0.0175636 0.0210164
5.592 0.0204395 -0.0174319 0.0208445
5.602 0.0202658 -0.0173011 0.020674
5.612 0.0200934 -0.0171713 0.0205049
5.622 0.0199224 -0.0170425 0.020337
5.632 0.0197526 -0.0169146 0.0201705
5.642 0.0195841 -0.0167877 0.0200052
5.652 0.0194168 -0.0166618 0.0198413
5.662 0.0192508 -0.0165368 0.0196786
5.672 0.0190861 -0.0164128 0.0195172
5.682 0.0189226 -0.0162897 0.0193571
5.692 0.0187603 -0.0161676 0.0191982
5.702 0.0185992 -0.0160464 0.0190406
5.712 0.0184394 -0.0159261 0.0188842
5.722 0.0182807 -0.0158067 0.018729
5.732 0.0181232 -0.0156883 0.0185751
5.742 0.0179669 -0.0155707 0.0184223
5.752 0.0178118 -0.0154541 0.0182708
5.762 0.0176578 -0.0153384 0.0181204
5.772 0.017505 -0.0152235 0.0179713
5.782 0.0173534 -0.0151096 0.0178233
5.792 0.0172028 -0.0149965 0.0176764
5.802 0.0170534 -0.0148844 0.0175308
5.812 0.0169051 -0.0147731 0.0173863
5.822 0.016758 -0.0146626 0.0172429
5.832 0.0166119 -0.0145531 0.0171006
5.842 0.0164669 -0.0144443 0.0169595
5.852 0.016323 -0.0143365 0.0168195
5.862 0.0161802 -0.0142295 0.0166806
5.872 0.0160384 -0.0141233 0.0165428
5.882 0.0158977 -0.014018 0.0164061
5.892 0.015758 -0.0139135 0.0162705
5.902 0.0156194 -0.0138098 0.0161359
5.912 0.0154818 -0.013707 0.0160024
5.922 0.0153453 -0.0136049 0.01587
5.932 0.0152097 -0.0135037 0.0157386
5.942 0.0150752 -0.0134033 0.0156083
5.952 0.0149417 -0.0133037 0.015479
5.962 0.0148091 -0.0132049 0.0153507
5.972 0.0146776 -0.0131069 0.0152235
5.982 0.014547 -0.0130097 0.0150972
5.992 0.0144174 -0.0129132 0.014972
6.002 0.0142887 -0.0128176 0.0148477
6.012 0.014161 -0.0127227 0.0147245
6.022 0.0140343 -0.0126286 0.0146022
6.032 0.0139084 -0.0125353 0.0144809
6.042 0.0137836 -0.0124427 0.0143606
6.052 0.0136596 -0.0123509 0.0142413
6.062 0.0135365 -0.0122598 0.0141229
6.072 0.0134144 -0.0121695 0.0140054
6.082 0.0132931 -0.0120799 0.0138889
6.092 0.0131728 -0.011991 0.0137733
6.102 0.0130533 -0.0119029 0.0136586
6.112 0.0129347 -0.0118155 0.0135449
6.122 0.012817 -0.0117289 0.0134321
6.132 0.0127002 -0.011643 0.0133201
6.142 0.0125841 -0.0115578 0.0132091
6.152 0.012469 -0.0114733 0.013099
6.162 0.0123547 -0.0113895 0.0129897
6.172 0.0122412 -0.0113064 0.0128813
6.182 0.0121286 -0.011224 0.0127738
6.192 0.0120167 -0.0111423 0.0126672
6.202 0.0119057 -0.0110613 0.0125614
6.212 0.0117955 -0.010981 0.0124564
6.222 0.0116861 -0.0109013 0.0123524
6.232 0.0115775 -0.0108224 0.0122491
6.242 0.0114696 -0.0107441 0.0121467
6.252 0.0113626 -0.0106665 0.0120451
6.262 0.0112563 -0.0105896 0.0119443
6.272 0.0111508 -0.0105133 0.0118443
6.282 0.011046 -0.0104377 0.0117452
6.292 0.010942 -0.0103627 0.0116468
6.302 0.0108388 -0.0102884 0.0115493
6.312 0.0107363 -0.0102147 0.0114525
6.322 0.0106345 -0.0101417 0.0113565
6.332 0.0105334 -0.0100694 0.0112613
6.342 0.0104331 -0.00999761 0.0111668
6.352 0.0103335 -0.0099265 0.0110732
6.362 0.0102346 -0.00985602 0.0109802
6.372 0.0101363 -0.00978617 0.0108881
6.382 0.0100388 -0.00971694 0.0107967
6.392 0.00994201 -0.00964832 0.010706
6.402 0.00984586 -0.00958032 0.010616
6.412 0.0097504 -0.00951293 0.0105268
6.422 0.0096556 -0.00944615 0.0104383
6.432 0.00956147 -0.00937997 0.0103506
6.442 0.009468 -0.00931439 0.0102635
6.452 0.00937518 -0.00924941 0.0101772
6.462 0.00928301 -0.00918502 0.0100915
6.472 0.00919148 -0.00912122 0.0100066
6.482 0.00910059 -0.00905801 0.0099223
6.492 0.00901032 -0.00899538 0.00983872
6.502 0.00892068 -0.00893332 0.00975583
6.512 0.00883165 -0.00887185 0.00967361
6.522 0.00874324 -0.00881095 0.00959207
6.532 0.00865543 -0.00875062 0.00951118
6.542 0.00856822 -0.00869085 0.00943096
6.552 0.00848161 -0.00863165 0.0093514
6.562 0.00839559 -0.00857301 0.00927248
6.572 0.00831015 -0.00851492 0.00919421
6.582 0.00822529 -0.00845739 0.00911657
6.592 0.008141 -0.00840041 0.00903957
6.602 0.00805728 -0.00834398 0.00896321
6.612 0.00797412 -0.00828809 0.00888746
6.622 0.00789151 -0.00823274 0.00881234
6.632 0.00780946 -0.00817794 0.00873783
6.642 0.00772795 -0.00812366 0.00866393
6.652 0.00764699 -0.00806992 0.00859064
6.662 0.00756655 -0.00801672 0.00851794
6.672 0.00748665 -0.00796403 0.00844585
6.682 0.00740727 -0.00791187 0.00837434
6.692 0.00732841 -0.00786024 0.00830342
6.702 0.00725006 -0.00780912 0.00823309
6.712 0.00717223 -0.00775851 0.00816333
6.722 0.00709489 -0.00770842 0.00809415
6.732 0.00701806 -0.00765884 0.00802553
6.742 0.00694171 -0.00760977 0.00795748
6.752 0.00686586 -0.0075612 0.00788998
6.762 0.00679049 -0.00751313 0.00782305
6.772 0.00671559 -0.00746556 0.00775666
6.782 0.00664118 -0.00741849 0.00769082
6.792 0.00656722 -0.00737191 0.00762552
6.802 0.00649374 -0.00732583 0.00756076
6.812 0.00642071 -0.00728023 0.00749654
6.822 0.00634813 -0.00723512 0.00743284
6.832 0.006276 -0.0071905 0.00736967
6.842 0.00620432 -0.00714635 0.00730702
6.852 0.00613307 -0.00710269 0.00724489
6.862 0.00606226 -0.0070595 0.00718327
6.872 0.00599188 -0.00701679 0.00712216
6.882 0.00592192 -0.00697455 0.00706155
6.892 0.00585239 -0.00693278 0.00700145
6.902 0.00578327 -0.00689147 0.00694184
6.912 0.00571456 -0.00685063 0.00688272
6.922 0.00564625 -0.00681026 0.0068241
6.932 0.00557835 -0.00677034 0.00676596
6.942 0.00551085 -0.00673088 0.0067083
6.952 0.00544373 -0.00669188 0.00665112
6.962 0.00537701 -0.00665334 0.00659441
6.972 0.00531066 -0.00661524 0.00653817
6.982 0.0052447 -0.0065776 0.0064824
6.992 0.00517911 -0.0065404 0.00642709
7.002 0.00511389 -0.00650365 0.00637224
7.012 0.00504904 -0.00646734 0.00631785
7.022 0.00498454 -0.00643147 0.0062639
7.032 0.0049204 -0.00639605 0.00621041
7.042 0.00485662 -0.00636106 0.00615736
7.052 0.00479318 -0.00632651 0.00610475
7.062 0.00473009 -0.00629239 0.00605257
7.072 0.00466733 -0.0062587 0.00600083
7.082 0.00460491 -0.00622544 0.00594953
7.092 0.00454282 -0.00619262 0.00589865
7.102 0.00448106 -0.00616021 0.00584819
7.112 0.00441962 -0.00612824 0.00579815
7.122 0.00435849 -0.00609668 0.00574853
7.132 0.00429768 -0.00606555 0.00569932
7.142 0.00423718 -0.00603484 0.00565052
7.152 0.00417698 -0.00600454 0.00560213
7.162 0.00411709 -0.00597466 0.00555415
7.172 0.00405749 -0.0059452 0.00550656
7.182 0.00399818 -0.00591615 0.00545937
7.192 0.00393916 -0.00588751 0.00541257
7.202 0.00388043 -0.00585928 0.00536617
7.212 0.00382198 -0.00583145 0.00532015
7.222 0.0037638 -0.00580404 0.00527452
7.232 0.0037059 -0.00577703 0.00522927
7.242 0.00364826 -0.00575042 0.00518439
7.252 0.00359089 -0.00572422 0.00513989
7.262 0.00353377 -0.00569841 0.00509577
7.272 0.00347692 -0.00567301 0.00505201
7.282 0.00342031 -0.005648 0.00500862
7.292 0.00336395 -0.00562339 0.0049656
7.302 0.00330784 -0.00559918 0.00492293
7.312 0.00325197 -0.00557536 0.00488062
7.322 0.00319633 -0.00555193 0.00483866
7.332 0.00314093 -0.0055289 0.00479706
7.342 0.00308575 -0.00550625 0.00475581
7.352 0.0030308 -0.005484 0.0047149
7.362 0.00297607 -0.00546213 0.00467434
7.372 0.00292156 -0.00544065 0.00463411
7.382 0.00286726 -0.00541955 0.00459422
7.392 0.00281317 -0.00539884 0.00455467
7.402 0.00275928 -0.00537852 0.00451545
7.412 0.0027056 -0.00535857 0.00447656
7.422 0.00265211 -0.00533901 0.004438
7.432 0.00259881 -0.00531982 0.00439976
7.442 0.00254571 -0.00530102 0.00436184
7.452 0.00249279 -0.0052826 0.00432425
7.462 0.00244006 -0.00526455 0.00428696
7.472 0.0023875 -0.00524688 0.00425
7.482 0.00233512 -0.00522958 0.00421334
7.492 0.00228291 -0.00521266 0.00417699
7.502 0.00223086 -0.00519611 0.00414095
7.512 0.00217898 -0.00517994 0.00410521
7.522 0.00212726 -0.00516414 0.00406977
7.532 0.0020757 -0.00514871 0.00403464
7.542 0.00202429 -0.00513365 0.00399979
7.552 0.00197303 -0.00511896 0.00396525
7.562 0.00192191 -0.00510464 0.00393099
7.572 0.00187093 -0.00509069 0.00389702
7.582 0.00182009 -0.00507711 0.00386334
7.592 0.00176939 -0.00506389 0.00382994
7.602 0.00171881 -0.00505104 0.00379683
7.612 0.00166837 -0.00503856 0.003764
7.622 0.00161804 -0.00502645 0.00373144
7.632 0.00156784 -0.00501469 0.00369916
7.642 0.00151775 -0.00500331 0.00366715
7.652 0.00146777 -0.00499229 0.00363541
7.662 0.0014179 -0.00498163 0.00360394
7.672 0.00136814 -0.00497133 0.00357274
7.682 0.00131847 -0.0049614 0.0035418
7.692 0.00126891 -0.00495183 0.00351112
7.702 0.00121943 -0.00494262 0.00348071
7.712 0.00117005 -0.00493377 0.00345055
7.722 0.00112076 -0.00492529 0.00342064
7.732 0.00107155 -0.00491716 0.00339099
7.742 0.00102241 -0.0049094 0.00336159
7.752 0.000973356 -0.004902 0.00333244
7.762 0.000924372 -0.00489496 0.00330354
7.772 0.000875456 -0.00488828 0.00327489
7.782 0.000826605 -0.00488196 0.00324647
7.792 0.000777816 -0.00487599 0.0032183
7.802 0.000729084 -0.00487039 0.00319037
7.812 0.000680406 -0.00486515 0.00316267
7.822 0.00063178 -0.00486027 0.00313521
7.832 0.0005832 -0.00485575 0.00310798
7.842 0.000534664 -0.00485159 0.00308098
7.852 0.000486167 -0.00484778 0.00305422
7.862 0.000437707 -0.00484434 0.00302768
7.872 0.000389279 -0.00484126 0.00300137
7.882 0.00034088 -0.00483853 0.00297528
7.892 0.000292507 -0.00483617 0.00294941
7.902 0.000244156 -0.00483416 0.00292376
7.912 0.000195823 -0.00483252 0.00289833
7.922 0.000147504 -0.00483124 0.00287312
7.932 9.91967e-05 -0.00483032 0.00284812
7.942 5.08966e-05 -0.00482975 0.00282334
7.952 2.6004e-06 -0.00482955 0.00279877
7.962 -4.56957e-05 -0.00482972 0.0027744
7.972 -9.39951e-05 -0.00483024 0.00275025
7.982 -0.000142302 -0.00483112 0.0027263
7.992 -0.000190619 -0.00483237 0.00270255
8 -0.000229283 -0.00483363 0.0026837
