#index 0 - points
0 1
2 0.877216
4 1.67145
6 0.0682345
8 -0.168936
10 -1.08005
12 -0.593222
14 1.10975
16 0.734063
18 1.52702
20 0.840441


#index 1 - interpolation
0 1 -0.285809 0
0.1 0.971475 -0.284126 0.0985724
0.2 0.943287 -0.279076 0.194306
0.3 0.915772 -0.270661 0.287252
0.4 0.889267 -0.258879 0.377494
0.5 0.864109 -0.243731 0.465151
0.6 0.840633 -0.225216 0.550372
0.7 0.819178 -0.203336 0.633345
0.8 0.800078 -0.178089 0.714286
0.9 0.783672 -0.149476 0.79345
1 0.770295 -0.117496 0.871122
1.1 0.760285 -0.0821506 0.947621
1.2 0.753978 -0.0434388 1.0233
1.3 0.75171 -0.00136065 1.09855
1.4 0.753818 0.0440837 1.17379
1.5 0.760638 0.0928943 1.24947
1.6 0.772509 0.145071 1.32609
1.7 0.789765 0.200614 1.40415
1.8 0.812744 0.259524 1.48423
1.9 0.841782 0.321799 1.5669
2 0.877216 0.387441 1.6528
2.1 0.91916 0.449789 1.74257
2.2 0.966842 0.502184 1.83682
2.3 1.01927 0.544625 1.93609
2.4 1.07544 0.577112 2.0408
2.5 1.13436 0.599646 2.15127
2.6 1.19503 0.612227 2.26773
2.7 1.25647 0.614853 2.3903
2.8 1.31767 0.607527 2.51902
2.9 1.37764 0.590246 2.6538
3 1.43539 0.563012 2.79447
3.1 1.48991 0.525825 2.94077
3.2 1.54022 0.478683 3.09231
3.3 1.58532 0.421589 3.24864
3.4 1.62421 0.35454 3.40917
3.5 1.65589 0.277539 3.57324
3.6 1.67938 0.190583 3.74008
3.7 1.69368 0.0936742 3.90881
3.8 1.69779 -0.0131884 4.07847
3.9 1.69071 -0.130005 4.24799
4 1.67145 -0.256774 4.41621
4.1 1.63938 -0.382726 4.58185
4.2 1.5953 -0.497088 4.74368
4.3 1.54035 -0.599861 4.90055
4.4 1.47571 -0.691045 5.05143
4.5 1.40253 -0.770639 5.19541
4.6 1.32197 -0.838643 5.33169
4.7 1.23519 -0.895059 5.4596
4.8 1.14334 -0.939884 5.57856
4.9 1.0476 -0.973121 5.68813
5 0.949105 -0.994767 5.78799
5.1 0.849029 -1.00482 5.8779
5.2 0.748526 -1.00329 5.95778
5.3 0.648756 -0.990171 6.02763
5.4 0.550878 -0.96546 6.08759
5.5 0.456051 -0.92916 6.13791
5.6 0.365433 -0.88127 6.17894
5.7 0.280183 -0.82179 6.21117
5.8 0.201461 -0.750722 6.2352
5.9 0.130425 -0.668064 6.25172
6 0.0682345 -0.573816 6.26158
6.1 0.0157188 -0.477862 6.26569
6.2 -0.0276105 -0.390087 6.26503
6.3 -0.0625712 -0.310489 6.26045
6.4 -0.089981 -0.23907 6.25276
6.5 -0.110658 -0.175828 6.24268
6.6 -0.125419 -0.120764 6.23083
6.7 -0.135083 -0.0738778 6.21777
6.8 -0.140467 -0.0351697 6.20396
6.9 -0.14239 -0.00463943 6.18979
7 -0.141668 0.0177129 6.17557
7.1 -0.13912 0.0318873 6.16152
7.2 -0.135563 0.0378839 6.14778
7.3 -0.131815 0.0357025 6.13441
7.4 -0.128695 0.0253433 6.12139
7.5 -0.127019 0.0068061 6.10862
7.6 -0.127606 -0.019909 6.09591
7.7 -0.131274 -0.0548019 6.083
7.8 -0.138839 -0.0978728 6.06953
7.9 -0.151121 -0.149122 6.05507
8 -0.168936 -0.208548 6.03912
8.1 -0.19287 -0.269153 6.02108
8.2 -0.222573 -0.323935 6.00035
8.3 -0.257463 -0.372895 5.97639
8.4 -0.296958 -0.416033 5.94871
8.5 -0.340475 -0.453348 5.91687
8.6 -0.387433 -0.484842 5.8805
8.7 -0.43725 -0.510513 5.83928
8.8 -0.489342 -0.530362 5.79297
8.9 -0.543128 -0.544389 5.74136
9 -0.598025 -0.552593 5.68431
9.1 -0.653452 -0.554975 5.62174
9.2 -0.708826 -0.551535 5.55362
9.3 -0.763565 -0.542273 5.47999
9.4 -0.817087 -0.527189 5.40095
9.5 -0.868809 -0.506282 5.31664
9.6 -0.918149 -0.479554 5.22727
9.7 -0.964526 -0.447003 5.1331
9.8 -1.00736 -0.408629 5.03448
9.9 -1.04606 -0.364434 4.93177
10 -1.08005 -0.314416 4.82542
10.1 -1.10884 -0.261273 4.71594
10.2 -1.13229 -0.207702 4.60383
10.3 -1.15036 -0.153703 4.48966
10.4 -1.16302 -0.0992759 4.37394
10.5 -1.1702 -0.0444205 4.25724
10.6 -1.17189 0.0108629 4.14009
10.7 -1.16802 0.0665745 4.02304
10.8 -1.15856 0.122714 3.90667
10.9 -1.14346 0.179282 3.79152
11 -1.12269 0.236278 3.67817
11.1 -1.09619 0.293702 3.56717
11.2 -1.06393 0.351554 3.45912
11.3 -1.02586 0.409834 3.35458
11.4 -0.981949 0.468543 3.25414
11.5 -0.932142 0.527679 3.15839
11.6 -0.876399 0.587244 3.06791
11.7 -0.814679 0.647237 2.98331
11.8 -0.746938 0.707658 2.90518
11.9 -0.673133 0.768507 2.83412
12 -0.593222 0.829784 2.77075
12.1 -0.507317 0.886826 2.71568
12.2 -0.416153 0.93497 2.66947
12.3 -0.32062 0.974216 2.63259
12.4 -0.221607 1.00456 2.60546
12.5 -0.120004 1.02601 2.58836
12.6 -0.016701 1.03856 2.58151
12.7 0.0874122 1.04222 2.58505
12.8 0.191446 1.03697 2.59899
12.9 0.29451 1.02283 2.6233
13 0.395715 0.999787 2.65783
13.1 0.494171 0.967847 2.70235
13.2 0.588988 0.92701 2.75655
13.3 0.679276 0.877274 2.82
13.4 0.764146 0.81864 2.89222
13.5 0.842707 0.751107 2.97262
13.6 0.914071 0.674677 3.06052
13.7 0.977346 0.589348 3.15516
13.8 1.03164 0.495121 3.25569
13.9 1.07607 0.391996 3.36116
14 1.10975 0.279973 3.47055
14.1 1.13209 0.168728 3.58273
14.2 1.14384 0.0679359 3.69661
14.3 1.14603 -0.0224023 3.81118
14.4 1.13971 -0.102287 3.92554
14.5 1.12592 -0.171718 4.03888
14.6 1.10571 -0.230695 4.15051
14.7 1.08013 -0.279219 4.25984
14.8 1.05022 -0.317289 4.36639
14.9 1.01702 -0.344906 4.46977
15 0.981585 -0.362069 4.56972
15.1 0.944956 -0.368778 4.66605
15.2 0.908178 -0.365034 4.7587
15.3 0.872298 -0.350836 4.84772
15.4 0.838359 -0.326184 4.93323
15.5 0.807409 -0.291079 5.01549
15.6 0.780492 -0.24552 5.09484
15.7 0.758654 -0.189508 5.17175
15.8 0.742939 -0.123042 5.24678
15.9 0.734394 -0.0461222 5.32058
16 0.734063 0.041251 5.39393
16.1 0.742675 0.12957 5.4677
16.2 0.759692 0.209328 5.54275
16.3 0.784256 0.280524 5.61989
16.4 0.815511 0.343158 5.69982
16.5 0.852602 0.397231 5.78318
16.6 0.894672 0.442742 5.87051
16.7 0.940865 0.479692 5.96225
16.8 0.990325 0.508079 6.05879
16.9 1.0422 0.527906 6.1604
17 1.09562 0.53917 6.26728
17.1 1.14974 0.541873 6.37955
17.2 1.20371 0.536015 6.49722
17.3 1.25666 0.521595 6.62025
17.4 1.30774 0.498613 6.74849
17.5 1.3561 0.467069 6.88171
17.6 1.40087 0.426964 7.01959
17.7 1.44121 0.378298 7.16174
17.8 1.47625 0.321069 7.30766
17.9 1.50513 0.255279 7.45678
18 1.52702 0.180928 7.60845
18.1 1.54124 0.104261 7.76193
18.2 1.548 0.0315264 7.91645
18.3 1.54768 -0.0372769 8.07129
18.4 1.54068 -0.102149 8.22577
18.5 1.52738 -0.163089 8.37922
18.6 1.50819 -0.220097 8.53104
18.7 1.48349 -0.273174 8.68067
18.8 1.45369 -0.322319 8.82757
18.9 1.41916 -0.367533 8.97125
19 1.38031 -0.408815 9.11126
19.1 1.33753 -0.446165 9.24718
19.2 1.29121 -0.479584 9.37865
19.3 1.24174 -0.509071 9.50532
19.4 1.18952 -0.534627 9.62691
19.5 1.13495 -0.55625 9.74315
19.6 1.07841 -0.573943 9.85383
19.7 1.02029 -0.587703 9.95878
19.8 0.960996 -0.597532 10.0578
19.9 0.900915 -0.60343 10.1509


#index 2 - function values
0 1 -0.63662 0.392699
0.1 0.937016 -0.621346 0.489537
0.2 0.876069 -0.595922 0.58017
0.3 0.81816 -0.560666 0.664852
0.4 0.764248 -0.51606 0.743936
0.5 0.715238 -0.46274 0.817865
0.6 0.671965 -0.401485 0.887174
0.7 0.635176 -0.333207 0.952475
0.8 0.605523 -0.258937 1.01445
0.9 0.58355 -0.179807 1.07384
1 0.569683 -0.0970372 1.13143
1.1 0.564221 -0.0119114 1.18805
1.2 0.567335 0.0742401 1.24456
1.3 0.579058 0.160062 1.30181
1.4 0.599291 0.244195 1.36065
1.5 0.627796 0.325297 1.42194
1.6 0.664206 0.402067 1.48648
1.7 0.708024 0.473262 1.55503
1.8 0.758634 0.537719 1.62831
1.9 0.815307 0.594371 1.70696
2 0.877216 0.642268 1.79154
2.1 0.943442 0.680589 1.88254
2.2 1.01299 0.708657 1.98034
2.3 1.08481 0.725946 2.08522
2.4 1.15781 0.732095 2.19734
2.5 1.23085 0.72691 2.31678
2.6 1.30281 0.710369 2.44348
2.7 1.37255 0.68262 2.57727
2.8 1.43897 0.643982 2.71788
2.9 1.501 0.594937 2.86492
3 1.55764 0.536127 3.0179
3.1 1.60793 0.468338 3.17624
3.2 1.65103 0.39249 3.33925
3.3 1.68619 0.309627 3.50618
3.4 1.71276 0.220893 3.6762
3.5 1.73022 0.12752 3.84843
3.6 1.73816 0.0308054 4.02193
3.7 1.73631 -0.0679074 4.19573
3.8 1.72455 -0.167249 4.36886
3.9 1.70289 -0.265848 4.54031
4 1.67145 -0.362348 4.70911
4.1 1.63053 -0.455435 4.87429
4.2 1.58052 -0.543852 5.03491
4.3 1.52196 -0.626421 5.1901
4.4 1.45547 -0.702062 5.33904
4.5 1.38181 -0.769808 5.48096
4.6 1.3018 -0.828819 5.61519
4.7 1.21636 -0.878399 5.74114
4.8 1.12645 -0.918 5.85831
4.9 1.0331 -0.947233 5.96631
5 0.937359 -0.965877 6.06485
5.1 0.840283 -0.973873 6.15374
5.2 0.742936 -0.971333 6.2329
5.3 0.646359 -0.95853 6.30235
5.4 0.551558 -0.935898 6.36223
5.5 0.459488 -0.904019 6.41276
5.6 0.371038 -0.863618 6.45425
5.7 0.28702 -0.815545 6.48711
5.8 0.208153 -0.760767 6.51183
5.9 0.135055 -0.700342 6.52894
6 0.0682345 -0.635412 6.53905
6.1 0.00808277 -0.567174 6.5428
6.2 -0.0451313 -0.496867 6.54089
6.3 -0.0912635 -0.425746 6.53401
6.4 -0.130295 -0.355065 6.52288
6.5 -0.162332 -0.286054 6.50819
6.6 -0.187601 -0.2199 6.49064
6.7 -0.206445 -0.157724 6.47088
6.8 -0.219313 -0.100566 6.44955
6.9 -0.226757 -0.0493679 6.4272
7 -0.229413 -0.00495427 6.40436
7.1 -0.227997 0.0319778 6.38145
7.2 -0.223286 0.0608717 6.35887
7.3 -0.216105 0.0813198 6.33688
7.4 -0.207312 0.0930708 6.3157
7.5 -0.197784 0.0960331 6.29544
7.6 -0.188396 0.0902766 6.27614
7.7 -0.180011 0.0760313 6.25773
7.8 -0.17346 0.0536834 6.24007
7.9 -0.169527 0.0237688 6.22295
8 -0.168936 -0.0130359 6.20606
8.1 -0.172337 -0.055925 6.18903
8.2 -0.180293 -0.103977 6.17144
8.3 -0.193271 -0.156169 6.1528
8.4 -0.211629 -0.211398 6.1326
8.5 -0.235613 -0.268492 6.11029
8.6 -0.265349 -0.326237 6.08529
8.7 -0.30084 -0.383394 6.05703
8.8 -0.341966 -0.438719 6.02493
8.9 -0.388482 -0.490987 5.98845
9 -0.440022 -0.53901 5.94707
9.1 -0.496105 -0.581658 5.9003
9.2 -0.55614 -0.61788 5.84772
9.3 -0.619435 -0.646717 5.78896
9.4 -0.685209 -0.667326 5.72375
9.5 -0.752602 -0.678989 5.65187
9.6 -0.820689 -0.681127 5.5732
9.7 -0.888495 -0.673312 5.48774
9.8 -0.95501 -0.655273 5.39555
9.9 -1.01921 -0.626904 5.29681
10 -1.08005 -0.588265 5.19182
10.1 -1.13652 -0.53958 5.08095
10.2 -1.18764 -0.481242 4.96469
10.3 -1.23247 -0.413798 4.84363
10.4 -1.27012 -0.337951 4.71844
10.5 -1.29981 -0.25454 4.58987
10.6 -1.32081 -0.164536 4.45877
10.7 -1.33253 -0.0690234 4.32602
10.8 -1.33447 0.0308177 4.19259
10.9 -1.32626 0.133727 4.05946
11 -1.30767 0.238384 3.92768
11.1 -1.27857 0.343429 3.79828
11.2 -1.23901 0.447484 3.67231
11.3 -1.18916 0.549175 3.55082
11.4 -1.1293 0.647151 3.43482
11.5 -1.05989 0.740107 3.32528
11.6 -0.98149 0.826806 3.22314
11.7 -0.894779 0.906094 3.12926
11.8 -0.800554 0.97692 3.04443
11.9 -0.699708 1.03836 2.96937
12 -0.593222 1.08961 2.90468
12.1 -0.482148 1.13002 2.85088
12.2 -0.367595 1.15911 2.80837
12.3 -0.250715 1.17655 2.77744
12.4 -0.13268 1.18217 2.75826
12.5 -0.0146731 1.17601 2.7509
12.6 0.102134 1.15823 2.75529
12.7 0.216598 1.1292 2.77125
12.8 0.327617 1.08944 2.79849
12.9 0.434151 1.03962 2.83662
13 0.535233 0.980558 2.88514
13.1 0.629986 0.9132 2.94346
13.2 0.717632 0.838611 3.0109
13.3 0.797506 0.757955 3.08672
13.4 0.869062 0.672476 3.17012
13.5 0.931883 0.583478 3.26024
13.6 0.985685 0.492306 3.3562
13.7 1.03032 0.400325 3.45708
13.8 1.06577 0.308896 3.56196
13.9 1.09216 0.219358 3.66993
14 1.10975 0.133005 3.78009
14.1 1.11891 0.0510642 3.8916
14.2 1.12014 -0.0253179 4.00361
14.3 1.11406 -0.0950983 4.11538
14.4 1.10138 -0.157351 4.2262
14.5 1.08287 -0.211282 4.33546
14.6 1.05942 -0.25624 4.44261
14.7 1.03194 -0.291727 4.54721
14.8 1.0014 -0.317407 4.6489
14.9 0.968792 -0.333107 4.74742
15 0.935112 -0.33882 4.84262
15.1 0.901355 -0.334707 4.93444
15.2 0.868488 -0.321088 5.02292
15.3 0.837439 -0.29844 5.1082
15.4 0.80908 -0.26739 5.1905
15.5 0.784216 -0.228696 5.27013
15.6 0.763566 -0.183243 5.34748
15.7 0.74776 -0.132021 5.42301
15.8 0.737319 -0.0761105 5.49722
15.9 0.732655 -0.0166661 5.57066
16 0.734063 0.0451065 5.64395
16.1 0.741713 0.107969 5.71769
16.2 0.755652 0.170672 5.7925
16.3 0.775801 0.231975 5.86902
16.4 0.80196 0.290669 5.94786
16.5 0.833809 0.345594 6.0296
16.6 0.870916 0.395662 6.1148
16.7 0.912746 0.439871 6.20395
16.8 0.958665 0.477327 6.29748
16.9 1.00796 0.507252 6.39579
17 1.05984 0.529005 6.49916
17.1 1.11347 0.542086 6.60782
17.2 1.16796 0.546148 6.72189
17.3 1.22239 0.541001 6.84141
17.4 1.27585 0.526618 6.96633
17.5 1.32741 0.503132 7.09652
17.6 1.37618 0.470837 7.23172
17.7 1.4213 0.43018 7.37163
17.8 1.46196 0.381758 7.51583
17.9 1.49742 0.326305 7.66385
18 1.52702 0.264679 7.81512
18.1 1.55018 0.197852 7.96904
18.2 1.56645 0.126891 8.12493
18.3 1.57546 0.0529405 8.28209
18.4 1.57698 -0.0227958 8.43977
18.5 1.57088 -0.0990748 8.59723
18.6 1.55719 -0.174635 8.75369
18.7 1.53602 -0.248217 8.90842
18.8 1.50765 -0.318585 9.06066
18.9 1.47245 -0.384548 9.20972
19 1.43093 -0.444977 9.35494
19.1 1.38368 -0.498828 9.49571
19.2 1.33141 -0.545157 9.63151
19.3 1.27492 -0.583134 9.76185
19.4 1.21509 -0.612065 9.88638
19.5 1.15283 -0.631393 10.0048
19.6 1.08914 -0.640718 10.1169
19.7 1.02503 -0.639799 10.2226
19.8 0.961525 -0.628557 10.3219
19.9 0.899658 -0.607083 10.415


#index 3 - gsl cubic spline
0 1 -0.285809 0
0.1 0.971475 -0.284126 0.0985724
0.2 0.943287 -0.279076 0.194306
0.3 0.915772 -0.270661 0.287252
0.4 0.889267 -0.258879 0.377494
0.5 0.864109 -0.243731 0.465151
0.6 0.840633 -0.225216 0.550372
0.7 0.819178 -0.203336 0.633345
0.8 0.800078 -0.178089 0.714286
0.9 0.783672 -0.149476 0.79345
1 0.770295 -0.117496 0.871122
1.1 0.760285 -0.0821506 0.947621
1.2 0.753978 -0.0434388 1.0233
1.3 0.75171 -0.00136065 1.09855
1.4 0.753818 0.0440837 1.17379
1.5 0.760638 0.0928943 1.24947
1.6 0.772509 0.145071 1.32609
1.7 0.789765 0.200614 1.40415
1.8 0.812744 0.259524 1.48423
1.9 0.841782 0.321799 1.5669
2 0.877216 0.387441 1.6528
2.1 0.91916 0.449789 1.74257
2.2 0.966842 0.502184 1.83682
2.3 1.01927 0.544625 1.93609
2.4 1.07544 0.577112 2.0408
2.5 1.13436 0.599646 2.15127
2.6 1.19503 0.612227 2.26773
2.7 1.25647 0.614853 2.3903
2.8 1.31767 0.607527 2.51902
2.9 1.37764 0.590246 2.6538
3 1.43539 0.563012 2.79447
3.1 1.48991 0.525825 2.94077
3.2 1.54022 0.478683 3.09231
3.3 1.58532 0.421589 3.24864
3.4 1.62421 0.35454 3.40917
3.5 1.65589 0.277539 3.57324
3.6 1.67938 0.190583 3.74008
3.7 1.69368 0.0936742 3.90881
3.8 1.69779 -0.0131884 4.07847
3.9 1.69071 -0.130005 4.24799
4 1.67145 -0.256774 4.41621
4.1 1.63938 -0.382726 4.58185
4.2 1.5953 -0.497088 4.74368
4.3 1.54035 -0.599861 4.90055
4.4 1.47571 -0.691045 5.05143
4.5 1.40253 -0.770639 5.19541
4.6 1.32197 -0.838643 5.33169
4.7 1.23519 -0.895059 5.4596
4.8 1.14334 -0.939884 5.57856
4.9 1.0476 -0.973121 5.68813
5 0.949105 -0.994767 5.78799
5.1 0.849029 -1.00482 5.8779
5.2 0.748526 -1.00329 5.95778
5.3 0.648756 -0.990171 6.02763
5.4 0.550878 -0.96546 6.08759
5.5 0.456051 -0.92916 6.13791
5.6 0.365433 -0.88127 6.17894
5.7 0.280183 -0.82179 6.21117
5.8 0.201461 -0.750722 6.2352
5.9 0.130425 -0.668064 6.25172
6 0.0682345 -0.573816 6.26158
6.1 0.0157188 -0.477862 6.26569
6.2 -0.0276105 -0.390087 6.26503
6.3 -0.0625712 -0.310489 6.26045
6.4 -0.089981 -0.23907 6.25276
6.5 -0.110658 -0.175828 6.24268
6.6 -0.125419 -0.120764 6.23083
6.7 -0.135083 -0.0738778 6.21777
6.8 -0.140467 -0.0351697 6.20396
6.9 -0.14239 -0.00463943 6.18979
7 -0.141668 0.0177129 6.17557
7.1 -0.13912 0.0318873 6.16152
7.2 -0.135563 0.0378839 6.14778
7.3 -0.131815 0.0357025 6.13441
7.4 -0.128695 0.0253433 6.12139
7.5 -0.127019 0.0068061 6.10862
7.6 -0.127606 -0.019909 6.09591
7.7 -0.131274 -0.0548019 6.083
7.8 -0.138839 -0.0978728 6.06953
7.9 -0.151121 -0.149122 6.05507
8 -0.168936 -0.208548 6.03912
8.1 -0.19287 -0.269153 6.02108
8.2 -0.222573 -0.323935 6.00035
8.3 -0.257463 -0.372895 5.97639
8.4 -0.296958 -0.416033 5.94871
8.5 -0.340475 -0.453348 5.91687
8.6 -0.387433 -0.484842 5.8805
8.7 -0.43725 -0.510513 5.83928
8.8 -0.489342 -0.530362 5.79297
8.9 -0.543128 -0.544389 5.74136
9 -0.598025 -0.552593 5.68431
9.1 -0.653452 -0.554975 5.62174
9.2 -0.708826 -0.551535 5.55362
9.3 -0.763565 -0.542273 5.47999
9.4 -0.817087 -0.527189 5.40095
9.5 -0.868809 -0.506282 5.31664
9.6 -0.918149 -0.479554 5.22727
9.7 -0.964526 -0.447003 5.1331
9.8 -1.00736 -0.408629 5.03448
9.9 -1.04606 -0.364434 4.93177
10 -1.08005 -0.314416 4.82542
10.1 -1.10884 -0.261273 4.71594
10.2 -1.13229 -0.207702 4.60383
10.3 -1.15036 -0.153703 4.48966
10.4 -1.16302 -0.0992759 4.37394
10.5 -1.1702 -0.0444205 4.25724
10.6 -1.17189 0.0108629 4.14009
10.7 -1.16802 0.0665745 4.02304
10.8 -1.15856 0.122714 3.90667
10.9 -1.14346 0.179282 3.79152
11 -1.12269 0.236278 3.67817
11.1 -1.09619 0.293702 3.56717
11.2 -1.06393 0.351554 3.45912
11.3 -1.02586 0.409834 3.35458
11.4 -0.981949 0.468543 3.25414
11.5 -0.932142 0.527679 3.15839
11.6 -0.876399 0.587244 3.06791
11.7 -0.814679 0.647237 2.98331
11.8 -0.746938 0.707658 2.90518
11.9 -0.673133 0.768507 2.83412
12 -0.593222 0.829784 2.77075
12.1 -0.507317 0.886826 2.71568
12.2 -0.416153 0.93497 2.66947
12.3 -0.32062 0.974216 2.63259
12.4 -0.221607 1.00456 2.60546
12.5 -0.120004 1.02601 2.58836
12.6 -0.016701 1.03856 2.58151
12.7 0.0874122 1.04222 2.58505
12.8 0.191446 1.03697 2.59899
12.9 0.29451 1.02283 2.6233
13 0.395715 0.999787 2.65783
13.1 0.494171 0.967847 2.70235
13.2 0.588988 0.92701 2.75655
13.3 0.679276 0.877274 2.82
13.4 0.764146 0.81864 2.89222
13.5 0.842707 0.751107 2.97262
13.6 0.914071 0.674677 3.06052
13.7 0.977346 0.589348 3.15516
13.8 1.03164 0.495121 3.25569
13.9 1.07607 0.391996 3.36116
14 1.10975 0.279973 3.47055
14.1 1.13209 0.168728 3.58273
14.2 1.14384 0.0679359 3.69661
14.3 1.14603 -0.0224023 3.81118
14.4 1.13971 -0.102287 3.92554
14.5 1.12592 -0.171718 4.03888
14.6 1.10571 -0.230695 4.15051
14.7 1.08013 -0.279219 4.25984
14.8 1.05022 -0.317289 4.36639
14.9 1.01702 -0.344906 4.46977
15 0.981585 -0.362069 4.56972
15.1 0.944956 -0.368778 4.66605
15.2 0.908178 -0.365034 4.7587
15.3 0.872298 -0.350836 4.84772
15.4 0.838359 -0.326184 4.93323
15.5 0.807409 -0.291079 5.01549
15.6 0.780492 -0.24552 5.09484
15.7 0.758654 -0.189508 5.17175
15.8 0.742939 -0.123042 5.24678
15.9 0.734394 -0.0461222 5.32058
16 0.734063 0.041251 5.39393
16.1 0.742675 0.12957 5.4677
16.2 0.759692 0.209328 5.54275
16.3 0.784256 0.280524 5.61989
16.4 0.815511 0.343158 5.69982
16.5 0.852602 0.397231 5.78318
16.6 0.894672 0.442742 5.87051
16.7 0.940865 0.479692 5.96225
16.8 0.990325 0.508079 6.05879
16.9 1.0422 0.527906 6.1604
17 1.09562 0.53917 6.26728
17.1 1.14974 0.541873 6.37955
17.2 1.20371 0.536015 6.49722
17.3 1.25666 0.521595 6.62025
17.4 1.30774 0.498613 6.74849
17.5 1.3561 0.467069 6.88171
17.6 1.40087 0.426964 7.01959
17.7 1.44121 0.378298 7.16174
17.8 1.47625 0.321069 7.30766
17.9 1.50513 0.255279 7.45678
18 1.52702 0.180928 7.60845
18.1 1.54124 0.104261 7.76193
18.2 1.548 0.0315264 7.91645
18.3 1.54768 -0.0372769 8.07129
18.4 1.54068 -0.102149 8.22577
18.5 1.52738 -0.163089 8.37922
18.6 1.50819 -0.220097 8.53104
18.7 1.48349 -0.273174 8.68067
18.8 1.45369 -0.322319 8.82757
18.9 1.41916 -0.367533 8.97125
19 1.38031 -0.408815 9.11126
19.1 1.33753 -0.446165 9.24718
19.2 1.29121 -0.479584 9.37865
19.3 1.24174 -0.509071 9.50532
19.4 1.18952 -0.534627 9.62691
19.5 1.13495 -0.55625 9.74315
19.6 1.07841 -0.573943 9.85383
19.7 1.02029 -0.587703 9.95878
19.8 0.960996 -0.597532 10.0578
19.9 0.900915 -0.60343 10.1509
