0 0 0 0 0
0.05 0.05 0.00125 0.05 0.00125
0.1 0.1 0.005 0.1 0.005
0.15 0.15 0.01125 0.15 0.01125
0.2 0.2 0.02 0.2 0.02
0.25 0.25 0.03125 0.25 0.03125
0.3 0.3 0.045 0.3 0.045
0.35 0.35 0.06125 0.35 0.06125
0.4 0.4 0.08 0.4 0.08
0.45 0.45 0.10125 0.45 0.10125
0.5 0.5 0.125 0.5 0.125
0.55 0.55 0.15125 0.55 0.15125
0.6 0.6 0.18 0.6 0.18
0.65 0.65 0.21125 0.65 0.21125
0.7 0.7 0.245 0.7 0.245
0.75 0.75 0.28125 0.75 0.28125
0.8 0.8 0.32 0.8 0.32
0.85 0.85 0.36125 0.85 0.36125
0.9 0.9 0.405 0.9 0.405
0.95 0.95 0.45125 0.95 0.45125
1 1 0.5 1 0.5
1.05 1.075 0.551875 1.075 0.551875
1.1 1.15 0.6075 1.15 0.6075
1.15 1.225 0.666875 1.225 0.666875
1.2 1.3 0.73 1.3 0.73
1.25 1.375 0.796875 1.375 0.796875
1.3 1.45 0.8675 1.45 0.8675
1.35 1.525 0.941875 1.525 0.941875
1.4 1.6 1.02 1.6 1.02
1.45 1.675 1.10188 1.675 1.10188
1.5 1.75 1.1875 1.75 1.1875
1.55 1.825 1.27688 1.825 1.27687
1.6 1.9 1.37 1.9 1.37
1.65 1.975 1.46688 1.975 1.46688
1.7 2.05 1.5675 2.05 1.5675
1.75 2.125 1.67188 2.125 1.67188
1.8 2.2 1.78 2.2 1.78
1.85 2.275 1.89188 2.275 1.89188
1.9 2.35 2.0075 2.35 2.0075
1.95 2.425 2.12688 2.425 2.12688
2 2.5 2.25 2.5 2.25
2.05 2.425 2.37313 2.425 2.37313
2.1 2.35 2.4925 2.35 2.4925
2.15 2.275 2.60813 2.275 2.60812
2.2 2.2 2.72 2.2 2.72
2.25 2.125 2.82812 2.125 2.82812
2.3 2.05 2.9325 2.05 2.9325
2.35 1.975 3.03313 1.975 3.03313
2.4 1.9 3.13 1.9 3.13
2.45 1.825 3.22313 1.825 3.22313
2.5 1.75 3.3125 1.75 3.3125
2.55 1.675 3.39813 1.675 3.39813
2.6 1.6 3.48 1.6 3.48
2.65 1.525 3.55813 1.525 3.55813
2.7 1.45 3.6325 1.45 3.6325
2.75 1.375 3.70312 1.375 3.70312
2.8 1.3 3.77 1.3 3.77
2.85 1.225 3.83312 1.225 3.83312
2.9 1.15 3.8925 1.15 3.8925
2.95 1.075 3.94812 1.075 3.94813
3 1 4 1 4
3.05 0.75 4.04375 0.75 4.04375
3.1 0.5 4.075 0.5 4.075
3.15 0.25 4.09375 0.25 4.09375
3.2 -8.88178e-16 4.1 -8.88178e-16 4.1
3.25 -0.25 4.09375 -0.25 4.09375
3.3 -0.5 4.075 -0.5 4.075
3.35 -0.75 4.04375 -0.75 4.04375
3.4 -1 4 -1 4
3.45 -1.25 3.94375 -1.25 3.94375
3.5 -1.5 3.875 -1.5 3.875
3.55 -1.75 3.79375 -1.75 3.79375
3.6 -2 3.7 -2 3.7
3.65 -2.25 3.59375 -2.25 3.59375
3.7 -2.5 3.475 -2.5 3.475
3.75 -2.75 3.34375 -2.75 3.34375
3.8 -3 3.2 -3 3.2
3.85 -3.25 3.04375 -3.25 3.04375
3.9 -3.5 2.875 -3.5 2.875
3.95 -3.75 2.69375 -3.75 2.69375
4 -4 2.5 -4 2.5
4.05 -3.8 2.305 -3.8 2.305
4.1 -3.6 2.12 -3.6 2.12
4.15 -3.4 1.945 -3.4 1.945
4.2 -3.2 1.78 -3.2 1.78
4.25 -3 1.625 -3 1.625
4.3 -2.8 1.48 -2.8 1.48
4.35 -2.6 1.345 -2.6 1.345
4.4 -2.4 1.22 -2.4 1.22
4.45 -2.2 1.105 -2.2 1.105
4.5 -2 1 -2 1
4.55 -1.8 0.905 -1.8 0.905
4.6 -1.6 0.82 -1.6 0.82
4.65 -1.4 0.745 -1.4 0.745
4.7 -1.2 0.68 -1.2 0.68
4.75 -1 0.625 -1 0.625
4.8 -0.8 0.58 -0.8 0.58
4.85 -0.6 0.545 -0.6 0.545
4.9 -0.4 0.52 -0.4 0.52
4.95 -0.2 0.505 -0.2 0.505
5 0 0.5 0 0.5
5.05 0 0.5 0 0.5
5.1 0 0.5 0 0.5
5.15 0 0.5 0 0.5
5.2 0 0.5 0 0.5
5.25 0 0.5 0 0.5
5.3 0 0.5 0 0.5
5.35 0 0.5 0 0.5
5.4 0 0.5 0 0.5
5.45 0 0.5 0 0.5
5.5 0 0.5 0 0.5
5.55 0 0.5 0 0.5
5.6 0 0.5 0 0.5
5.65 0 0.5 0 0.5
5.7 0 0.5 0 0.5
5.75 0 0.5 0 0.5
5.8 0 0.5 0 0.5
5.85 0 0.5 0 0.5
5.9 0 0.5 0 0.5
5.95 0 0.5 0 0.5
6 0 0.5 0 0.5
6.05 0.25 0.50625 0.25 0.50625
6.1 0.5 0.525 0.5 0.525
6.15 0.75 0.55625 0.75 0.55625
6.2 1 0.6 1 0.6
6.25 1.25 0.65625 1.25 0.65625
6.3 1.5 0.725 1.5 0.725
6.35 1.75 0.80625 1.75 0.80625
6.4 2 0.9 2 0.9
6.45 2.25 1.00625 2.25 1.00625
6.5 2.5 1.125 2.5 1.125
6.55 2.75 1.25625 2.75 1.25625
6.6 3 1.4 3 1.4
6.65 3.25 1.55625 3.25 1.55625
6.7 3.5 1.725 3.5 1.725
6.75 3.75 1.90625 3.75 1.90625
6.8 4 2.1 4 2.1
6.85 4.25 2.30625 4.25 2.30625
6.9 4.5 2.525 4.5 2.525
6.95 4.75 2.75625 4.75 2.75625
7 5 3 5 3
7.05 4.75 3.24375 4.75 3.24375
7.1 4.5 3.475 4.5 3.475
7.15 4.25 3.69375 4.25 3.69375
7.2 4 3.9 4 3.9
7.25 3.75 4.09375 3.75 4.09375
7.3 3.5 4.275 3.5 4.275
7.35 3.25 4.44375 3.25 4.44375
7.4 3 4.6 3 4.6
7.45 2.75 4.74375 2.75 4.74375
7.5 2.5 4.875 2.5 4.875
7.55 2.25 4.99375 2.25 4.99375
7.6 2 5.1 2 5.1
7.65 1.75 5.19375 1.75 5.19375
7.7 1.5 5.275 1.5 5.275
7.75 1.25 5.34375 1.25 5.34375
7.8 1 5.4 1 5.4
7.85 0.75 5.44375 0.75 5.44375
7.9 0.5 5.475 0.5 5.475
7.95 0.25 5.49375 0.25 5.49375
8 0 5.5 0 5.5
8.05 -0.05 5.49875 -0.05 5.49875
8.1 -0.1 5.495 -0.1 5.495
8.15 -0.15 5.48875 -0.15 5.48875
8.2 -0.2 5.48 -0.2 5.48
8.25 -0.25 5.46875 -0.25 5.46875
8.3 -0.3 5.455 -0.3 5.455
8.35 -0.35 5.43875 -0.35 5.43875
8.4 -0.4 5.42 -0.4 5.42
8.45 -0.45 5.39875 -0.45 5.39875
8.5 -0.5 5.375 -0.5 5.375
8.55 -0.55 5.34875 -0.55 5.34875
8.6 -0.6 5.32 -0.6 5.32
8.65 -0.65 5.28875 -0.65 5.28875
8.7 -0.7 5.255 -0.7 5.255
8.75 -0.75 5.21875 -0.75 5.21875
8.8 -0.8 5.18 -0.8 5.18
8.85 -0.85 5.13875 -0.85 5.13875
8.9 -0.9 5.095 -0.9 5.095
8.95 -0.95 5.04875 -0.95 5.04875
9 -1 5 -1 5
9.05 -0.45 4.96375 -0.45 4.96375
9.1 0.1 4.955 0.1 4.955
9.15 0.65 4.97375 0.65 4.97375
9.2 1.2 5.02 1.2 5.02
9.25 1.75 5.09375 1.75 5.09375
9.3 2.3 5.195 2.3 5.195
9.35 2.85 5.32375 2.85 5.32375
9.4 3.4 5.48 3.4 5.48
9.45 3.95 5.66375 3.95 5.66375
9.5 4.5 5.875 4.5 5.875
9.55 5.05 6.11375 5.05 6.11375
9.6 5.6 6.38 5.6 6.38
9.65 6.15 6.67375 6.15 6.67375
9.7 6.7 6.995 6.7 6.995
9.75 7.25 7.34375 7.25 7.34375
9.8 7.8 7.72 7.8 7.72
9.85 8.35 8.12375 8.35 8.12375
9.9 8.9 8.555 8.9 8.555
9.95 9.45 9.01375 9.45 9.01375
10 10 9.5 10 9.5
