1 1 1
1.025 1.02625 1.1
1.05 1.055 1.2
1.075 1.08625 1.3
1.1 1.12 1.4
1.125 1.15625 1.5
1.15 1.195 1.6
1.175 1.23625 1.7
1.2 1.28 1.8
1.225 1.32625 1.9
1.25 1.375 2
1.275 1.42625 2.1
1.3 1.48 2.2
1.325 1.53625 2.3
1.35 1.595 2.4
1.375 1.65625 2.5
1.4 1.72 2.6
1.425 1.78625 2.7
1.45 1.855 2.8
1.475 1.92625 2.9
1.5 2 3
1.525 2.07625 3.1
1.55 2.155 3.2
1.575 2.23625 3.3
1.6 2.32 3.4
1.625 2.40625 3.5
1.65 2.495 3.6
1.675 2.58625 3.7
1.7 2.68 3.8
1.725 2.77625 3.9
1.75 2.875 4
1.775 2.97625 4.1
1.8 3.08 4.2
1.825 3.18625 4.3
1.85 3.295 4.4
1.875 3.40625 4.5
1.9 3.52 4.6
1.925 3.63625 4.7
1.95 3.755 4.8
1.975 3.87625 4.9
2 4 5
2.025 4.125 5
2.05 4.25 5
2.075 4.375 5
2.1 4.5 5
2.125 4.625 5
2.15 4.75 5
2.175 4.875 5
2.2 5 5
2.225 5.125 5
2.25 5.25 5
2.275 5.375 5
2.3 5.5 5
2.325 5.625 5
2.35 5.75 5
2.375 5.875 5
2.4 6 5
2.425 6.125 5
2.45 6.25 5
2.475 6.375 5
2.5 6.5 5
2.525 6.625 5
2.55 6.75 5
2.575 6.875 5
2.6 7 5
2.625 7.125 5
2.65 7.25 5
2.675 7.375 5
2.7 7.5 5
2.725 7.625 5
2.75 7.75 5
2.775 7.875 5
2.8 8 5
2.825 8.125 5
2.85 8.25 5
2.875 8.375 5
2.9 8.5 5
2.925 8.625 5
2.95 8.75 5
2.975 8.875 5
3 9 5
3.025 9.12625 5.1
3.05 9.255 5.2
3.075 9.38625 5.3
3.1 9.52 5.4
3.125 9.65625 5.5
3.15 9.795 5.6
3.175 9.93625 5.7
3.2 10.08 5.8
3.225 10.2263 5.9
3.25 10.375 6
3.275 10.5262 6.1
3.3 10.68 6.2
3.325 10.8363 6.3
3.35 10.995 6.4
3.375 11.1562 6.5
3.4 11.32 6.6
3.425 11.4863 6.7
3.45 11.655 6.8
3.475 11.8263 6.9
3.5 12 7
3.525 12.1763 7.1
3.55 12.355 7.2
3.575 12.5363 7.3
3.6 12.72 7.4
3.625 12.9062 7.5
3.65 13.095 7.6
3.675 13.2863 7.7
3.7 13.48 7.8
3.725 13.6762 7.9
3.75 13.875 8
3.775 14.0763 8.1
3.8 14.28 8.2
3.825 14.4863 8.3
3.85 14.695 8.4
3.875 14.9062 8.5
3.9 15.12 8.6
3.925 15.3363 8.7
3.95 15.555 8.8
3.975 15.7763 8.9
4 16 9
4.025 16.1763 7.1
4.05 16.355 7.2
4.075 16.5363 7.3
4.1 16.72 7.4
4.125 16.9062 7.5
4.15 17.095 7.6
4.175 17.2863 7.7
4.2 17.48 7.8
4.225 17.6762 7.9
4.25 17.875 8
4.275 18.0763 8.1
4.3 18.28 8.2
4.325 18.4863 8.3
4.35 18.695 8.4
4.375 18.9062 8.5
4.4 19.12 8.6
4.425 19.3363 8.7
4.45 19.555 8.8
4.475 19.7762 8.9
4.5 20 9
4.525 20.2263 9.1
4.55 20.455 9.2
4.575 20.6863 9.3
4.6 20.92 9.4
4.625 21.1562 9.5
4.65 21.395 9.6
4.675 21.6363 9.7
4.7 21.88 9.8
4.725 22.1262 9.9
4.75 22.375 10
4.775 22.6263 10.1
4.8 22.88 10.2
4.825 23.1363 10.3
4.85 23.395 10.4
4.875 23.6562 10.5
4.9 23.92 10.6
4.925 24.1863 10.7
4.95 24.455 10.8
4.975 24.7262 10.9
5 25 11
5.025 25.275 11
5.05 25.55 11
5.075 25.825 11
5.1 26.1 11
5.125 26.375 11
5.15 26.65 11
5.175 26.925 11
5.2 27.2 11
5.225 27.475 11
5.25 27.75 11
5.275 28.025 11
5.3 28.3 11
5.325 28.575 11
5.35 28.85 11
5.375 29.125 11
5.4 29.4 11
5.425 29.675 11
5.45 29.95 11
5.475 30.225 11
5.5 30.5 11
5.525 30.775 11
5.55 31.05 11
5.575 31.325 11
5.6 31.6 11
5.625 31.875 11
5.65 32.15 11
5.675 32.425 11
5.7 32.7 11
5.725 32.975 11
5.75 33.25 11
5.775 33.525 11
5.8 33.8 11
5.825 34.075 11
5.85 34.35 11
5.875 34.625 11
5.9 34.9 11
5.925 35.175 11
5.95 35.45 11
5.975 35.725 11
6 36 11
