#INDEX 0 - computed eigenfunction 0
0 0
0.00497512 0.022103
0.00995025 0.0442006
0.0149254 0.0662874
0.0199005 0.088358
0.0248756 0.110407
0.0298507 0.132429
0.0348259 0.154419
0.039801 0.176371
0.0447761 0.19828
0.0497512 0.22014
0.0547264 0.241947
0.0597015 0.263694
0.0646766 0.285377
0.0696517 0.306991
0.0746269 0.328529
0.079602 0.349988
0.0845771 0.37136
0.0895522 0.392642
0.0945274 0.413828
0.0995025 0.434913
0.104478 0.455892
0.109453 0.476759
0.114428 0.49751
0.119403 0.51814
0.124378 0.538642
0.129353 0.559014
0.134328 0.579248
0.139303 0.599341
0.144279 0.619288
0.149254 0.639084
0.154229 0.658723
0.159204 0.678201
0.164179 0.697514
0.169154 0.716656
0.174129 0.735624
0.179104 0.754411
0.18408 0.773014
0.189055 0.791429
0.19403 0.80965
0.199005 0.827673
0.20398 0.845494
0.208955 0.863109
0.21393 0.880513
0.218905 0.897701
0.223881 0.914671
0.228856 0.931417
0.233831 0.947935
0.238806 0.964222
0.243781 0.980273
0.248756 0.996085
0.253731 1.01165
0.258706 1.02697
0.263682 1.04205
0.268657 1.05686
0.273632 1.07142
0.278607 1.08571
0.283582 1.09975
0.288557 1.11351
0.293532 1.127
0.298507 1.14021
0.303483 1.15315
0.308458 1.1658
0.313433 1.17817
0.318408 1.19026
0.323383 1.20205
0.328358 1.21354
0.333333 1.22474
0.338308 1.23565
0.343284 1.24625
0.348259 1.25654
0.353234 1.26653
0.358209 1.27621
0.363184 1.28558
0.368159 1.29463
0.373134 1.30337
0.378109 1.31179
0.383085 1.31989
0.38806 1.32766
0.393035 1.33511
0.39801 1.34224
0.402985 1.34904
0.40796 1.3555
0.412935 1.36164
0.41791 1.36745
0.422886 1.37292
0.427861 1.37805
0.432836 1.38285
0.437811 1.38731
0.442786 1.39143
0.447761 1.39521
0.452736 1.39865
0.457711 1.40175
0.462687 1.40451
0.467662 1.40692
0.472637 1.40899
0.477612 1.41072
0.482587 1.4121
0.487562 1.41313
0.492537 1.41382
0.497512 1.41417
0.502488 1.41417
0.507463 1.41382
0.512438 1.41313
0.517413 1.4121
0.522388 1.41072
0.527363 1.40899
0.532338 1.40692
0.537313 1.40451
0.542289 1.40175
0.547264 1.39865
0.552239 1.39521
0.557214 1.39143
0.562189 1.38731
0.567164 1.38285
0.572139 1.37805
0.577114 1.37292
0.58209 1.36745
0.587065 1.36164
0.59204 1.3555
0.597015 1.34904
0.60199 1.34224
0.606965 1.33511
0.61194 1.32766
0.616915 1.31989
0.621891 1.31179
0.626866 1.30337
0.631841 1.29463
0.636816 1.28558
0.641791 1.27621
0.646766 1.26653
0.651741 1.25654
0.656716 1.24625
0.661692 1.23565
0.666667 1.22474
0.671642 1.21354
0.676617 1.20205
0.681592 1.19026
0.686567 1.17817
0.691542 1.1658
0.696517 1.15315
0.701493 1.14021
0.706468 1.127
0.711443 1.11351
0.716418 1.09975
0.721393 1.08571
0.726368 1.07142
0.731343 1.05686
0.736318 1.04205
0.741294 1.02697
0.746269 1.01165
0.751244 0.996085
0.756219 0.980273
0.761194 0.964222
0.766169 0.947935
0.771144 0.931417
0.776119 0.914671
0.781095 0.897701
0.78607 0.880513
0.791045 0.863109
0.79602 0.845494
0.800995 0.827673
0.80597 0.80965
0.810945 0.791429
0.81592 0.773014
0.820896 0.754411
0.825871 0.735624
0.830846 0.716656
0.835821 0.697514
0.840796 0.678201
0.845771 0.658723
0.850746 0.639084
0.855721 0.619288
0.860697 0.599341
0.865672 0.579248
0.870647 0.559014
0.875622 0.538642
0.880597 0.51814
0.885572 0.49751
0.890547 0.476759
0.895522 0.455892
0.900498 0.434913
0.905473 0.413828
0.910448 0.392642
0.915423 0.37136
0.920398 0.349988
0.925373 0.328529
0.930348 0.306991
0.935323 0.285377
0.940299 0.263694
0.945274 0.241947
0.950249 0.22014
0.955224 0.19828
0.960199 0.176371
0.965174 0.154419
0.970149 0.132429
0.975124 0.110407
0.9801 0.088358
0.985075 0.0662874
0.99005 0.0442006
0.995025 0.022103
1 0


#INDEX 1 - computed eigenfunction 1
0 0
0.00497512 0.0442006
0.00995025 0.088358
0.0149254 0.132429
0.0199005 0.176371
0.0248756 0.22014
0.0298507 0.263694
0.0348259 0.306991
0.039801 0.349988
0.0447761 0.392642
0.0497512 0.434913
0.0547264 0.476759
0.0597015 0.51814
0.0646766 0.559014
0.0696517 0.599341
0.0746269 0.639084
0.079602 0.678201
0.0845771 0.716656
0.0895522 0.754411
0.0945274 0.791429
0.0995025 0.827673
0.104478 0.863109
0.109453 0.897701
0.114428 0.931417
0.119403 0.964222
0.124378 0.996085
0.129353 1.02697
0.134328 1.05686
0.139303 1.08571
0.144279 1.11351
0.149254 1.14021
0.154229 1.1658
0.159204 1.19026
0.164179 1.21354
0.169154 1.23565
0.174129 1.25654
0.179104 1.27621
0.18408 1.29463
0.189055 1.31179
0.19403 1.32766
0.199005 1.34224
0.20398 1.3555
0.208955 1.36745
0.21393 1.37805
0.218905 1.38731
0.223881 1.39521
0.228856 1.40175
0.233831 1.40692
0.238806 1.41072
0.243781 1.41313
0.248756 1.41417
0.253731 1.41382
0.258706 1.4121
0.263682 1.40899
0.268657 1.40451
0.273632 1.39865
0.278607 1.39143
0.283582 1.38285
0.288557 1.37292
0.293532 1.36164
0.298507 1.34904
0.303483 1.33511
0.308458 1.31989
0.313433 1.30337
0.318408 1.28558
0.323383 1.26653
0.328358 1.24625
0.333333 1.22474
0.338308 1.20205
0.343284 1.17817
0.348259 1.15315
0.353234 1.127
0.358209 1.09975
0.363184 1.07142
0.368159 1.04205
0.373134 1.01165
0.378109 0.980273
0.383085 0.947935
0.38806 0.914671
0.393035 0.880513
0.39801 0.845494
0.402985 0.80965
0.40796 0.773014
0.412935 0.735624
0.41791 0.697514
0.422886 0.658723
0.427861 0.619288
0.432836 0.579248
0.437811 0.538642
0.442786 0.49751
0.447761 0.455892
0.452736 0.413828
0.457711 0.37136
0.462687 0.328529
0.467662 0.285377
0.472637 0.241947
0.477612 0.19828
0.482587 0.154419
0.487562 0.110407
0.492537 0.0662874
0.497512 0.022103
0.502488 -0.022103
0.507463 -0.0662874
0.512438 -0.110407
0.517413 -0.154419
0.522388 -0.19828
0.527363 -0.241947
0.532338 -0.285377
0.537313 -0.328529
0.542289 -0.37136
0.547264 -0.413828
0.552239 -0.455892
0.557214 -0.49751
0.562189 -0.538642
0.567164 -0.579248
0.572139 -0.619288
0.577114 -0.658723
0.58209 -0.697514
0.587065 -0.735624
0.59204 -0.773014
0.597015 -0.80965
0.60199 -0.845494
0.606965 -0.880513
0.61194 -0.914671
0.616915 -0.947935
0.621891 -0.980273
0.626866 -1.01165
0.631841 -1.04205
0.636816 -1.07142
0.641791 -1.09975
0.646766 -1.127
0.651741 -1.15315
0.656716 -1.17817
0.661692 -1.20205
0.666667 -1.22474
0.671642 -1.24625
0.676617 -1.26653
0.681592 -1.28558
0.686567 -1.30337
0.691542 -1.31989
0.696517 -1.33511
0.701493 -1.34904
0.706468 -1.36164
0.711443 -1.37292
0.716418 -1.38285
0.721393 -1.39143
0.726368 -1.39865
0.731343 -1.40451
0.736318 -1.40899
0.741294 -1.4121
0.746269 -1.41382
0.751244 -1.41417
0.756219 -1.41313
0.761194 -1.41072
0.766169 -1.40692
0.771144 -1.40175
0.776119 -1.39521
0.781095 -1.38731
0.78607 -1.37805
0.791045 -1.36745
0.79602 -1.3555
0.800995 -1.34224
0.80597 -1.32766
0.810945 -1.31179
0.81592 -1.29463
0.820896 -1.27621
0.825871 -1.25654
0.830846 -1.23565
0.835821 -1.21354
0.840796 -1.19026
0.845771 -1.1658
0.850746 -1.14021
0.855721 -1.11351
0.860697 -1.08571
0.865672 -1.05686
0.870647 -1.02697
0.875622 -0.996085
0.880597 -0.964222
0.885572 -0.931417
0.890547 -0.897701
0.895522 -0.863109
0.900498 -0.827673
0.905473 -0.791429
0.910448 -0.754411
0.915423 -0.716656
0.920398 -0.678201
0.925373 -0.639084
0.930348 -0.599341
0.935323 -0.559014
0.940299 -0.51814
0.945274 -0.476759
0.950249 -0.434913
0.955224 -0.392642
0.960199 -0.349988
0.965174 -0.306991
0.970149 -0.263694
0.975124 -0.22014
0.9801 -0.176371
0.985075 -0.132429
0.99005 -0.088358
0.995025 -0.0442006
1 0


#INDEX 2 - computed eigenfunction 2
0 0
0.00497512 -0.0662874
0.00995025 -0.132429
0.0149254 -0.19828
0.0199005 -0.263694
0.0248756 -0.328529
0.0298507 -0.392642
0.0348259 -0.455892
0.039801 -0.51814
0.0447761 -0.579248
0.0497512 -0.639084
0.0547264 -0.697514
0.0597015 -0.754411
0.0646766 -0.80965
0.0696517 -0.863109
0.0746269 -0.914671
0.079602 -0.964222
0.0845771 -1.01165
0.0895522 -1.05686
0.0945274 -1.09975
0.0995025 -1.14021
0.104478 -1.17817
0.109453 -1.21354
0.114428 -1.24625
0.119403 -1.27621
0.124378 -1.30337
0.129353 -1.32766
0.134328 -1.34904
0.139303 -1.36745
0.144279 -1.38285
0.149254 -1.39521
0.154229 -1.40451
0.159204 -1.41072
0.164179 -1.41382
0.169154 -1.41382
0.174129 -1.41072
0.179104 -1.40451
0.18408 -1.39521
0.189055 -1.38285
0.19403 -1.36745
0.199005 -1.34904
0.20398 -1.32766
0.208955 -1.30337
0.21393 -1.27621
0.218905 -1.24625
0.223881 -1.21354
0.228856 -1.17817
0.233831 -1.14021
0.238806 -1.09975
0.243781 -1.05686
0.248756 -1.01165
0.253731 -0.964222
0.258706 -0.914671
0.263682 -0.863109
0.268657 -0.80965
0.273632 -0.754411
0.278607 -0.697514
0.283582 -0.639084
0.288557 -0.579248
0.293532 -0.51814
0.298507 -0.455892
0.303483 -0.392642
0.308458 -0.328529
0.313433 -0.263694
0.318408 -0.19828
0.323383 -0.132429
0.328358 -0.0662874
0.333333 -7.1248e-09
0.338308 0.0662874
0.343284 0.132429
0.348259 0.19828
0.353234 0.263694
0.358209 0.328529
0.363184 0.392642
0.368159 0.455892
0.373134 0.51814
0.378109 0.579248
0.383085 0.639084
0.38806 0.697514
0.393035 0.754411
0.39801 0.80965
0.402985 0.863109
0.40796 0.914671
0.412935 0.964222
0.41791 1.01165
0.422886 1.05686
0.427861 1.09975
0.432836 1.14021
0.437811 1.17817
0.442786 1.21354
0.447761 1.24625
0.452736 1.27621
0.457711 1.30337
0.462687 1.32766
0.467662 1.34904
0.472637 1.36745
0.477612 1.38285
0.482587 1.39521
0.487562 1.40451
0.492537 1.41072
0.497512 1.41382
0.502488 1.41382
0.507463 1.41072
0.512438 1.40451
0.517413 1.39521
0.522388 1.38285
0.527363 1.36745
0.532338 1.34904
0.537313 1.32766
0.542289 1.30337
0.547264 1.27621
0.552239 1.24625
0.557214 1.21354
0.562189 1.17817
0.567164 1.14021
0.572139 1.09975
0.577114 1.05686
0.58209 1.01165
0.587065 0.964222
0.59204 0.914671
0.597015 0.863109
0.60199 0.80965
0.606965 0.754411
0.61194 0.697514
0.616915 0.639084
0.621891 0.579248
0.626866 0.51814
0.631841 0.455892
0.636816 0.392642
0.641791 0.328529
0.646766 0.263694
0.651741 0.19828
0.656716 0.132429
0.661692 0.0662874
0.666667 -1.43251e-09
0.671642 -0.0662874
0.676617 -0.132429
0.681592 -0.19828
0.686567 -0.263694
0.691542 -0.328529
0.696517 -0.392642
0.701493 -0.455892
0.706468 -0.51814
0.711443 -0.579248
0.716418 -0.639084
0.721393 -0.697514
0.726368 -0.754411
0.731343 -0.80965
0.736318 -0.863109
0.741294 -0.914671
0.746269 -0.964222
0.751244 -1.01165
0.756219 -1.05686
0.761194 -1.09975
0.766169 -1.14021
0.771144 -1.17817
0.776119 -1.21354
0.781095 -1.24625
0.78607 -1.27621
0.791045 -1.30337
0.79602 -1.32766
0.800995 -1.34904
0.80597 -1.36745
0.810945 -1.38285
0.81592 -1.39521
0.820896 -1.40451
0.825871 -1.41072
0.830846 -1.41382
0.835821 -1.41382
0.840796 -1.41072
0.845771 -1.40451
0.850746 -1.39521
0.855721 -1.38285
0.860697 -1.36745
0.865672 -1.34904
0.870647 -1.32766
0.875622 -1.30337
0.880597 -1.27621
0.885572 -1.24625
0.890547 -1.21354
0.895522 -1.17817
0.900498 -1.14021
0.905473 -1.09975
0.910448 -1.05686
0.915423 -1.01165
0.920398 -0.964222
0.925373 -0.914671
0.930348 -0.863109
0.935323 -0.80965
0.940299 -0.754411
0.945274 -0.697514
0.950249 -0.639084
0.955224 -0.579248
0.960199 -0.51814
0.965174 -0.455892
0.970149 -0.392642
0.975124 -0.328529
0.9801 -0.263694
0.985075 -0.19828
0.99005 -0.132429
0.995025 -0.0662874
1 0


#INDEX 3 - analytic eigenfunction 0
0 0
0.001 0.00444288
0.002 0.00888571
0.003 0.0133285
0.004 0.0177711
0.005 0.0222135
0.006 0.0266557
0.007 0.0310977
0.008 0.0355393
0.009 0.0399806
0.01 0.0444215
0.011 0.048862
0.012 0.053302
0.013 0.0577414
0.014 0.0621803
0.015 0.0666186
0.016 0.0710562
0.017 0.0754931
0.018 0.0799293
0.019 0.0843647
0.02 0.0887992
0.021 0.0932329
0.022 0.0976656
0.023 0.102097
0.024 0.106528
0.025 0.110958
0.026 0.115387
0.027 0.119814
0.028 0.12424
0.029 0.128665
0.03 0.133089
0.031 0.137512
0.032 0.141933
0.033 0.146353
0.034 0.150771
0.035 0.155188
0.036 0.159603
0.037 0.164017
0.038 0.168429
0.039 0.172839
0.04 0.177248
0.041 0.181655
0.042 0.18606
0.043 0.190463
0.044 0.194865
0.045 0.199264
0.046 0.203662
0.047 0.208058
0.048 0.212451
0.049 0.216842
0.05 0.221232
0.051 0.225619
0.052 0.230004
0.053 0.234386
0.054 0.238767
0.055 0.243144
0.056 0.24752
0.057 0.251893
0.058 0.256264
0.059 0.260632
0.06 0.264997
0.061 0.26936
0.062 0.27372
0.063 0.278078
0.064 0.282433
0.065 0.286785
0.066 0.291134
0.067 0.29548
0.068 0.299823
0.069 0.304164
0.07 0.308501
0.071 0.312835
0.072 0.317167
0.073 0.321495
0.074 0.32582
0.075 0.330142
0.076 0.33446
0.077 0.338775
0.078 0.343087
0.079 0.347396
0.08 0.351701
0.081 0.356002
0.082 0.3603
0.083 0.364595
0.084 0.368886
0.085 0.373173
0.086 0.377456
0.087 0.381736
0.088 0.386012
0.089 0.390285
0.09 0.394553
0.091 0.398818
0.092 0.403078
0.093 0.407335
0.094 0.411587
0.095 0.415836
0.096 0.42008
0.097 0.424321
0.098 0.428557
0.099 0.432788
0.1 0.437016
0.101 0.441239
0.102 0.445458
0.103 0.449673
0.104 0.453883
0.105 0.458088
0.106 0.462289
0.107 0.466486
0.108 0.470678
0.109 0.474865
0.11 0.479048
0.111 0.483226
0.112 0.487399
0.113 0.491567
0.114 0.49573
0.115 0.499889
0.116 0.504043
0.117 0.508191
0.118 0.512335
0.119 0.516473
0.12 0.520607
0.121 0.524735
0.122 0.528858
0.123 0.532976
0.124 0.537089
0.125 0.541196
0.126 0.545298
0.127 0.549395
0.128 0.553486
0.129 0.557572
0.13 0.561652
0.131 0.565727
0.132 0.569796
0.133 0.573859
0.134 0.577917
0.135 0.581969
0.136 0.586016
0.137 0.590056
0.138 0.594091
0.139 0.59812
0.14 0.602143
0.141 0.60616
0.142 0.610171
0.143 0.614176
0.144 0.618175
0.145 0.622168
0.146 0.626155
0.147 0.630135
0.148 0.63411
0.149 0.638078
0.15 0.64204
0.151 0.645995
0.152 0.649944
0.153 0.653887
0.154 0.657823
0.155 0.661753
0.156 0.665676
0.157 0.669593
0.158 0.673503
0.159 0.677406
0.16 0.681303
0.161 0.685193
0.162 0.689076
0.163 0.692952
0.164 0.696822
0.165 0.700684
0.166 0.70454
0.167 0.708389
0.168 0.712231
0.169 0.716066
0.17 0.719893
0.171 0.723714
0.172 0.727527
0.173 0.731334
0.174 0.735133
0.175 0.738925
0.176 0.742709
0.177 0.746486
0.178 0.750256
0.179 0.754019
0.18 0.757774
0.181 0.761521
0.182 0.765261
0.183 0.768993
0.184 0.772718
0.185 0.776436
0.186 0.780145
0.187 0.783847
0.188 0.787541
0.189 0.791227
0.19 0.794906
0.191 0.798577
0.192 0.802239
0.193 0.805894
0.194 0.809541
0.195 0.81318
0.196 0.816811
0.197 0.820434
0.198 0.824049
0.199 0.827655
0.2 0.831254
0.201 0.834844
0.202 0.838426
0.203 0.842
0.204 0.845565
0.205 0.849122
0.206 0.852671
0.207 0.856211
0.208 0.859743
0.209 0.863267
0.21 0.866781
0.211 0.870288
0.212 0.873785
0.213 0.877275
0.214 0.880755
0.215 0.884227
0.216 0.88769
0.217 0.891144
0.218 0.894589
0.219 0.898026
0.22 0.901454
0.221 0.904872
0.222 0.908282
0.223 0.911683
0.224 0.915075
0.225 0.918458
0.226 0.921832
0.227 0.925197
0.228 0.928552
0.229 0.931899
0.23 0.935236
0.231 0.938564
0.232 0.941883
0.233 0.945192
0.234 0.948493
0.235 0.951783
0.236 0.955065
0.237 0.958337
0.238 0.961599
0.239 0.964852
0.24 0.968096
0.241 0.97133
0.242 0.974554
0.243 0.977769
0.244 0.980974
0.245 0.984169
0.246 0.987355
0.247 0.990531
0.248 0.993697
0.249 0.996853
0.25 1
0.251 1.00314
0.252 1.00626
0.253 1.00938
0.254 1.01249
0.255 1.01558
0.256 1.01867
0.257 1.02175
0.258 1.02481
0.259 1.02787
0.26 1.03092
0.261 1.03395
0.262 1.03698
0.263 1.04
0.264 1.043
0.265 1.046
0.266 1.04898
0.267 1.05196
0.268 1.05492
0.269 1.05787
0.27 1.06082
0.271 1.06375
0.272 1.06667
0.273 1.06958
0.274 1.07249
0.275 1.07538
0.276 1.07826
0.277 1.08113
0.278 1.08398
0.279 1.08683
0.28 1.08967
0.281 1.0925
0.282 1.09531
0.283 1.09812
0.284 1.10091
0.285 1.1037
0.286 1.10647
0.287 1.10923
0.288 1.11198
0.289 1.11472
0.29 1.11745
0.291 1.12017
0.292 1.12287
0.293 1.12557
0.294 1.12825
0.295 1.13092
0.296 1.13359
0.297 1.13624
0.298 1.13888
0.299 1.14151
0.3 1.14412
0.301 1.14673
0.302 1.14932
0.303 1.15191
0.304 1.15448
0.305 1.15704
0.306 1.15959
0.307 1.16212
0.308 1.16465
0.309 1.16717
0.31 1.16967
0.311 1.17216
0.312 1.17464
0.313 1.17711
0.314 1.17957
0.315 1.18201
0.316 1.18444
0.317 1.18687
0.318 1.18928
0.319 1.19167
0.32 1.19406
0.321 1.19643
0.322 1.1988
0.323 1.20115
0.324 1.20349
0.325 1.20582
0.326 1.20813
0.327 1.21043
0.328 1.21273
0.329 1.21501
0.33 1.21727
0.331 1.21953
0.332 1.22177
0.333 1.224
0.334 1.22622
0.335 1.22843
0.336 1.23063
0.337 1.23281
0.338 1.23498
0.339 1.23714
0.34 1.23928
0.341 1.24142
0.342 1.24354
0.343 1.24565
0.344 1.24775
0.345 1.24983
0.346 1.25191
0.347 1.25397
0.348 1.25601
0.349 1.25805
0.35 1.26007
0.351 1.26208
0.352 1.26408
0.353 1.26607
0.354 1.26804
0.355 1.27
0.356 1.27195
0.357 1.27389
0.358 1.27581
0.359 1.27772
0.36 1.27962
0.361 1.2815
0.362 1.28338
0.363 1.28524
0.364 1.28708
0.365 1.28892
0.366 1.29074
0.367 1.29255
0.368 1.29435
0.369 1.29613
0.37 1.2979
0.371 1.29966
0.372 1.3014
0.373 1.30314
0.374 1.30486
0.375 1.30656
0.376 1.30826
0.377 1.30994
0.378 1.31161
0.379 1.31326
0.38 1.3149
0.381 1.31653
0.382 1.31815
0.383 1.31975
0.384 1.32134
0.385 1.32292
0.386 1.32448
0.387 1.32603
0.388 1.32757
0.389 1.32909
0.39 1.33061
0.391 1.3321
0.392 1.33359
0.393 1.33506
0.394 1.33652
0.395 1.33797
0.396 1.3394
0.397 1.34082
0.398 1.34222
0.399 1.34362
0.4 1.345
0.401 1.34636
0.402 1.34772
0.403 1.34906
0.404 1.35038
0.405 1.3517
0.406 1.353
0.407 1.35428
0.408 1.35555
0.409 1.35681
0.41 1.35806
0.411 1.35929
0.412 1.36051
0.413 1.36172
0.414 1.36291
0.415 1.36409
0.416 1.36526
0.417 1.36641
0.418 1.36755
0.419 1.36867
0.42 1.36978
0.421 1.37088
0.422 1.37197
0.423 1.37304
0.424 1.37409
0.425 1.37514
0.426 1.37617
0.427 1.37719
0.428 1.37819
0.429 1.37918
0.43 1.38015
0.431 1.38112
0.432 1.38207
0.433 1.383
0.434 1.38392
0.435 1.38483
0.436 1.38572
0.437 1.3866
0.438 1.38747
0.439 1.38832
0.44 1.38916
0.441 1.38999
0.442 1.3908
0.443 1.3916
0.444 1.39238
0.445 1.39315
0.446 1.39391
0.447 1.39466
0.448 1.39538
0.449 1.3961
0.45 1.3968
0.451 1.39749
0.452 1.39816
0.453 1.39883
0.454 1.39947
0.455 1.4001
0.456 1.40072
0.457 1.40133
0.458 1.40192
0.459 1.4025
0.46 1.40306
0.461 1.40361
0.462 1.40415
0.463 1.40467
0.464 1.40518
0.465 1.40567
0.466 1.40615
0.467 1.40662
0.468 1.40707
0.469 1.40751
0.47 1.40794
0.471 1.40835
0.472 1.40875
0.473 1.40913
0.474 1.4095
0.475 1.40985
0.476 1.4102
0.477 1.41052
0.478 1.41084
0.479 1.41114
0.48 1.41142
0.481 1.41169
0.482 1.41195
0.483 1.4122
0.484 1.41243
0.485 1.41264
0.486 1.41285
0.487 1.41303
0.488 1.41321
0.489 1.41337
0.49 1.41352
0.491 1.41365
0.492 1.41377
0.493 1.41387
0.494 1.41396
0.495 1.41404
0.496 1.4141
0.497 1.41415
0.498 1.41419
0.499 1.41421
0.5 1.41421
0.501 1.41421
0.502 1.41419
0.503 1.41415
0.504 1.4141
0.505 1.41404
0.506 1.41396
0.507 1.41387
0.508 1.41377
0.509 1.41365
0.51 1.41352
0.511 1.41337
0.512 1.41321
0.513 1.41303
0.514 1.41285
0.515 1.41264
0.516 1.41243
0.517 1.4122
0.518 1.41195
0.519 1.41169
0.52 1.41142
0.521 1.41114
0.522 1.41084
0.523 1.41052
0.524 1.4102
0.525 1.40985
0.526 1.4095
0.527 1.40913
0.528 1.40875
0.529 1.40835
0.53 1.40794
0.531 1.40751
0.532 1.40707
0.533 1.40662
0.534 1.40615
0.535 1.40567
0.536 1.40518
0.537 1.40467
0.538 1.40415
0.539 1.40361
0.54 1.40306
0.541 1.4025
0.542 1.40192
0.543 1.40133
0.544 1.40072
0.545 1.4001
0.546 1.39947
0.547 1.39883
0.548 1.39816
0.549 1.39749
0.55 1.3968
0.551 1.3961
0.552 1.39538
0.553 1.39466
0.554 1.39391
0.555 1.39315
0.556 1.39238
0.557 1.3916
0.558 1.3908
0.559 1.38999
0.56 1.38916
0.561 1.38832
0.562 1.38747
0.563 1.3866
0.564 1.38572
0.565 1.38483
0.566 1.38392
0.567 1.383
0.568 1.38207
0.569 1.38112
0.57 1.38015
0.571 1.37918
0.572 1.37819
0.573 1.37719
0.574 1.37617
0.575 1.37514
0.576 1.37409
0.577 1.37304
0.578 1.37197
0.579 1.37088
0.58 1.36978
0.581 1.36867
0.582 1.36755
0.583 1.36641
0.584 1.36526
0.585 1.36409
0.586 1.36291
0.587 1.36172
0.588 1.36051
0.589 1.35929
0.59 1.35806
0.591 1.35681
0.592 1.35555
0.593 1.35428
0.594 1.353
0.595 1.3517
0.596 1.35038
0.597 1.34906
0.598 1.34772
0.599 1.34636
0.6 1.345
0.601 1.34362
0.602 1.34222
0.603 1.34082
0.604 1.3394
0.605 1.33797
0.606 1.33652
0.607 1.33506
0.608 1.33359
0.609 1.3321
0.61 1.33061
0.611 1.32909
0.612 1.32757
0.613 1.32603
0.614 1.32448
0.615 1.32292
0.616 1.32134
0.617 1.31975
0.618 1.31815
0.619 1.31653
0.62 1.3149
0.621 1.31326
0.622 1.31161
0.623 1.30994
0.624 1.30826
0.625 1.30656
0.626 1.30486
0.627 1.30314
0.628 1.3014
0.629 1.29966
0.63 1.2979
0.631 1.29613
0.632 1.29435
0.633 1.29255
0.634 1.29074
0.635 1.28892
0.636 1.28708
0.637 1.28524
0.638 1.28338
0.639 1.2815
0.64 1.27962
0.641 1.27772
0.642 1.27581
0.643 1.27389
0.644 1.27195
0.645 1.27
0.646 1.26804
0.647 1.26607
0.648 1.26408
0.649 1.26208
0.65 1.26007
0.651 1.25805
0.652 1.25601
0.653 1.25397
0.654 1.25191
0.655 1.24983
0.656 1.24775
0.657 1.24565
0.658 1.24354
0.659 1.24142
0.66 1.23928
0.661 1.23714
0.662 1.23498
0.663 1.23281
0.664 1.23063
0.665 1.22843
0.666 1.22622
0.667 1.224
0.668 1.22177
0.669 1.21953
0.67 1.21727
0.671 1.21501
0.672 1.21273
0.673 1.21043
0.674 1.20813
0.675 1.20582
0.676 1.20349
0.677 1.20115
0.678 1.1988
0.679 1.19643
0.68 1.19406
0.681 1.19167
0.682 1.18928
0.683 1.18687
0.684 1.18444
0.685 1.18201
0.686 1.17957
0.687 1.17711
0.688 1.17464
0.689 1.17216
0.69 1.16967
0.691 1.16717
0.692 1.16465
0.693 1.16212
0.694 1.15959
0.695 1.15704
0.696 1.15448
0.697 1.15191
0.698 1.14932
0.699 1.14673
0.7 1.14412
0.701 1.14151
0.702 1.13888
0.703 1.13624
0.704 1.13359
0.705 1.13092
0.706 1.12825
0.707 1.12557
0.708 1.12287
0.709 1.12017
0.71 1.11745
0.711 1.11472
0.712 1.11198
0.713 1.10923
0.714 1.10647
0.715 1.1037
0.716 1.10091
0.717 1.09812
0.718 1.09531
0.719 1.0925
0.72 1.08967
0.721 1.08683
0.722 1.08398
0.723 1.08113
0.724 1.07826
0.725 1.07538
0.726 1.07249
0.727 1.06958
0.728 1.06667
0.729 1.06375
0.73 1.06082
0.731 1.05787
0.732 1.05492
0.733 1.05196
0.734 1.04898
0.735 1.046
0.736 1.043
0.737 1.04
0.738 1.03698
0.739 1.03395
0.74 1.03092
0.741 1.02787
0.742 1.02481
0.743 1.02175
0.744 1.01867
0.745 1.01558
0.746 1.01249
0.747 1.00938
0.748 1.00626
0.749 1.00314
0.75 1
0.751 0.996853
0.752 0.993697
0.753 0.990531
0.754 0.987355
0.755 0.984169
0.756 0.980974
0.757 0.977769
0.758 0.974554
0.759 0.97133
0.76 0.968096
0.761 0.964852
0.762 0.961599
0.763 0.958337
0.764 0.955065
0.765 0.951783
0.766 0.948493
0.767 0.945192
0.768 0.941883
0.769 0.938564
0.77 0.935236
0.771 0.931899
0.772 0.928552
0.773 0.925197
0.774 0.921832
0.775 0.918458
0.776 0.915075
0.777 0.911683
0.778 0.908282
0.779 0.904872
0.78 0.901454
0.781 0.898026
0.782 0.894589
0.783 0.891144
0.784 0.88769
0.785 0.884227
0.786 0.880755
0.787 0.877275
0.788 0.873785
0.789 0.870288
0.79 0.866781
0.791 0.863267
0.792 0.859743
0.793 0.856211
0.794 0.852671
0.795 0.849122
0.796 0.845565
0.797 0.842
0.798 0.838426
0.799 0.834844
0.8 0.831254
0.801 0.827655
0.802 0.824049
0.803 0.820434
0.804 0.816811
0.805 0.81318
0.806 0.809541
0.807 0.805894
0.808 0.802239
0.809 0.798577
0.81 0.794906
0.811 0.791227
0.812 0.787541
0.813 0.783847
0.814 0.780145
0.815 0.776436
0.816 0.772718
0.817 0.768993
0.818 0.765261
0.819 0.761521
0.82 0.757774
0.821 0.754019
0.822 0.750256
0.823 0.746486
0.824 0.742709
0.825 0.738925
0.826 0.735133
0.827 0.731334
0.828 0.727527
0.829 0.723714
0.83 0.719893
0.831 0.716066
0.832 0.712231
0.833 0.708389
0.834 0.70454
0.835 0.700684
0.836 0.696822
0.837 0.692952
0.838 0.689076
0.839 0.685193
0.84 0.681303
0.841 0.677406
0.842 0.673503
0.843 0.669593
0.844 0.665676
0.845 0.661753
0.846 0.657823
0.847 0.653887
0.848 0.649944
0.849 0.645995
0.85 0.64204
0.851 0.638078
0.852 0.63411
0.853 0.630135
0.854 0.626155
0.855 0.622168
0.856 0.618175
0.857 0.614176
0.858 0.610171
0.859 0.60616
0.86 0.602143
0.861 0.59812
0.862 0.594091
0.863 0.590056
0.864 0.586016
0.865 0.581969
0.866 0.577917
0.867 0.573859
0.868 0.569796
0.869 0.565727
0.87 0.561652
0.871 0.557572
0.872 0.553486
0.873 0.549395
0.874 0.545298
0.875 0.541196
0.876 0.537089
0.877 0.532976
0.878 0.528858
0.879 0.524735
0.88 0.520607
0.881 0.516473
0.882 0.512335
0.883 0.508191
0.884 0.504043
0.885 0.499889
0.886 0.49573
0.887 0.491567
0.888 0.487399
0.889 0.483226
0.89 0.479048
0.891 0.474865
0.892 0.470678
0.893 0.466486
0.894 0.462289
0.895 0.458088
0.896 0.453883
0.897 0.449673
0.898 0.445458
0.899 0.441239
0.9 0.437016
0.901 0.432788
0.902 0.428557
0.903 0.424321
0.904 0.42008
0.905 0.415836
0.906 0.411587
0.907 0.407335
0.908 0.403078
0.909 0.398818
0.91 0.394553
0.911 0.390285
0.912 0.386012
0.913 0.381736
0.914 0.377456
0.915 0.373173
0.916 0.368886
0.917 0.364595
0.918 0.3603
0.919 0.356002
0.92 0.351701
0.921 0.347396
0.922 0.343087
0.923 0.338775
0.924 0.33446
0.925 0.330142
0.926 0.32582
0.927 0.321495
0.928 0.317167
0.929 0.312835
0.93 0.308501
0.931 0.304164
0.932 0.299823
0.933 0.29548
0.934 0.291134
0.935 0.286785
0.936 0.282433
0.937 0.278078
0.938 0.27372
0.939 0.26936
0.94 0.264997
0.941 0.260632
0.942 0.256264
0.943 0.251893
0.944 0.24752
0.945 0.243144
0.946 0.238767
0.947 0.234386
0.948 0.230004
0.949 0.225619
0.95 0.221232
0.951 0.216842
0.952 0.212451
0.953 0.208058
0.954 0.203662
0.955 0.199264
0.956 0.194865
0.957 0.190463
0.958 0.18606
0.959 0.181655
0.96 0.177248
0.961 0.172839
0.962 0.168429
0.963 0.164017
0.964 0.159603
0.965 0.155188
0.966 0.150771
0.967 0.146353
0.968 0.141933
0.969 0.137512
0.97 0.133089
0.971 0.128665
0.972 0.12424
0.973 0.119814
0.974 0.115387
0.975 0.110958
0.976 0.106528
0.977 0.102097
0.978 0.0976656
0.979 0.0932329
0.98 0.0887992
0.981 0.0843647
0.982 0.0799293
0.983 0.0754931
0.984 0.0710562
0.985 0.0666186
0.986 0.0621803
0.987 0.0577414
0.988 0.053302
0.989 0.048862
0.99 0.0444215
0.991 0.0399806
0.992 0.0355393
0.993 0.0310977
0.994 0.0266557
0.995 0.0222135
0.996 0.0177711
0.997 0.0133285
0.998 0.00888571
0.999 0.00444288
1 1.73191e-16



#INDEX 4 - analytic eigenfunction 1
0 0
0.001 0.00888571
0.002 0.0177711
0.003 0.0266557
0.004 0.0355393
0.005 0.0444215
0.006 0.053302
0.007 0.0621803
0.008 0.0710562
0.009 0.0799293
0.01 0.0887992
0.011 0.0976656
0.012 0.106528
0.013 0.115387
0.014 0.12424
0.015 0.133089
0.016 0.141933
0.017 0.150771
0.018 0.159603
0.019 0.168429
0.02 0.177248
0.021 0.18606
0.022 0.194865
0.023 0.203662
0.024 0.212451
0.025 0.221232
0.026 0.230004
0.027 0.238767
0.028 0.24752
0.029 0.256264
0.03 0.264997
0.031 0.27372
0.032 0.282433
0.033 0.291134
0.034 0.299823
0.035 0.308501
0.036 0.317167
0.037 0.32582
0.038 0.33446
0.039 0.343087
0.04 0.351701
0.041 0.3603
0.042 0.368886
0.043 0.377456
0.044 0.386012
0.045 0.394553
0.046 0.403078
0.047 0.411587
0.048 0.42008
0.049 0.428557
0.05 0.437016
0.051 0.445458
0.052 0.453883
0.053 0.462289
0.054 0.470678
0.055 0.479048
0.056 0.487399
0.057 0.49573
0.058 0.504043
0.059 0.512335
0.06 0.520607
0.061 0.528858
0.062 0.537089
0.063 0.545298
0.064 0.553486
0.065 0.561652
0.066 0.569796
0.067 0.577917
0.068 0.586016
0.069 0.594091
0.07 0.602143
0.071 0.610171
0.072 0.618175
0.073 0.626155
0.074 0.63411
0.075 0.64204
0.076 0.649944
0.077 0.657823
0.078 0.665676
0.079 0.673503
0.08 0.681303
0.081 0.689076
0.082 0.696822
0.083 0.70454
0.084 0.712231
0.085 0.719893
0.086 0.727527
0.087 0.735133
0.088 0.742709
0.089 0.750256
0.09 0.757774
0.091 0.765261
0.092 0.772718
0.093 0.780145
0.094 0.787541
0.095 0.794906
0.096 0.802239
0.097 0.809541
0.098 0.816811
0.099 0.824049
0.1 0.831254
0.101 0.838426
0.102 0.845565
0.103 0.852671
0.104 0.859743
0.105 0.866781
0.106 0.873785
0.107 0.880755
0.108 0.88769
0.109 0.894589
0.11 0.901454
0.111 0.908282
0.112 0.915075
0.113 0.921832
0.114 0.928552
0.115 0.935236
0.116 0.941883
0.117 0.948493
0.118 0.955065
0.119 0.961599
0.12 0.968096
0.121 0.974554
0.122 0.980974
0.123 0.987355
0.124 0.993697
0.125 1
0.126 1.00626
0.127 1.01249
0.128 1.01867
0.129 1.02481
0.13 1.03092
0.131 1.03698
0.132 1.043
0.133 1.04898
0.134 1.05492
0.135 1.06082
0.136 1.06667
0.137 1.07249
0.138 1.07826
0.139 1.08398
0.14 1.08967
0.141 1.09531
0.142 1.10091
0.143 1.10647
0.144 1.11198
0.145 1.11745
0.146 1.12287
0.147 1.12825
0.148 1.13359
0.149 1.13888
0.15 1.14412
0.151 1.14932
0.152 1.15448
0.153 1.15959
0.154 1.16465
0.155 1.16967
0.156 1.17464
0.157 1.17957
0.158 1.18444
0.159 1.18928
0.16 1.19406
0.161 1.1988
0.162 1.20349
0.163 1.20813
0.164 1.21273
0.165 1.21727
0.166 1.22177
0.167 1.22622
0.168 1.23063
0.169 1.23498
0.17 1.23928
0.171 1.24354
0.172 1.24775
0.173 1.25191
0.174 1.25601
0.175 1.26007
0.176 1.26408
0.177 1.26804
0.178 1.27195
0.179 1.27581
0.18 1.27962
0.181 1.28338
0.182 1.28708
0.183 1.29074
0.184 1.29435
0.185 1.2979
0.186 1.3014
0.187 1.30486
0.188 1.30826
0.189 1.31161
0.19 1.3149
0.191 1.31815
0.192 1.32134
0.193 1.32448
0.194 1.32757
0.195 1.33061
0.196 1.33359
0.197 1.33652
0.198 1.3394
0.199 1.34222
0.2 1.345
0.201 1.34772
0.202 1.35038
0.203 1.353
0.204 1.35555
0.205 1.35806
0.206 1.36051
0.207 1.36291
0.208 1.36526
0.209 1.36755
0.21 1.36978
0.211 1.37197
0.212 1.37409
0.213 1.37617
0.214 1.37819
0.215 1.38015
0.216 1.38207
0.217 1.38392
0.218 1.38572
0.219 1.38747
0.22 1.38916
0.221 1.3908
0.222 1.39238
0.223 1.39391
0.224 1.39538
0.225 1.3968
0.226 1.39816
0.227 1.39947
0.228 1.40072
0.229 1.40192
0.23 1.40306
0.231 1.40415
0.232 1.40518
0.233 1.40615
0.234 1.40707
0.235 1.40794
0.236 1.40875
0.237 1.4095
0.238 1.4102
0.239 1.41084
0.24 1.41142
0.241 1.41195
0.242 1.41243
0.243 1.41285
0.244 1.41321
0.245 1.41352
0.246 1.41377
0.247 1.41396
0.248 1.4141
0.249 1.41419
0.25 1.41421
0.251 1.41419
0.252 1.4141
0.253 1.41396
0.254 1.41377
0.255 1.41352
0.256 1.41321
0.257 1.41285
0.258 1.41243
0.259 1.41195
0.26 1.41142
0.261 1.41084
0.262 1.4102
0.263 1.4095
0.264 1.40875
0.265 1.40794
0.266 1.40707
0.267 1.40615
0.268 1.40518
0.269 1.40415
0.27 1.40306
0.271 1.40192
0.272 1.40072
0.273 1.39947
0.274 1.39816
0.275 1.3968
0.276 1.39538
0.277 1.39391
0.278 1.39238
0.279 1.3908
0.28 1.38916
0.281 1.38747
0.282 1.38572
0.283 1.38392
0.284 1.38207
0.285 1.38015
0.286 1.37819
0.287 1.37617
0.288 1.37409
0.289 1.37197
0.29 1.36978
0.291 1.36755
0.292 1.36526
0.293 1.36291
0.294 1.36051
0.295 1.35806
0.296 1.35555
0.297 1.353
0.298 1.35038
0.299 1.34772
0.3 1.345
0.301 1.34222
0.302 1.3394
0.303 1.33652
0.304 1.33359
0.305 1.33061
0.306 1.32757
0.307 1.32448
0.308 1.32134
0.309 1.31815
0.31 1.3149
0.311 1.31161
0.312 1.30826
0.313 1.30486
0.314 1.3014
0.315 1.2979
0.316 1.29435
0.317 1.29074
0.318 1.28708
0.319 1.28338
0.32 1.27962
0.321 1.27581
0.322 1.27195
0.323 1.26804
0.324 1.26408
0.325 1.26007
0.326 1.25601
0.327 1.25191
0.328 1.24775
0.329 1.24354
0.33 1.23928
0.331 1.23498
0.332 1.23063
0.333 1.22622
0.334 1.22177
0.335 1.21727
0.336 1.21273
0.337 1.20813
0.338 1.20349
0.339 1.1988
0.34 1.19406
0.341 1.18928
0.342 1.18444
0.343 1.17957
0.344 1.17464
0.345 1.16967
0.346 1.16465
0.347 1.15959
0.348 1.15448
0.349 1.14932
0.35 1.14412
0.351 1.13888
0.352 1.13359
0.353 1.12825
0.354 1.12287
0.355 1.11745
0.356 1.11198
0.357 1.10647
0.358 1.10091
0.359 1.09531
0.36 1.08967
0.361 1.08398
0.362 1.07826
0.363 1.07249
0.364 1.06667
0.365 1.06082
0.366 1.05492
0.367 1.04898
0.368 1.043
0.369 1.03698
0.37 1.03092
0.371 1.02481
0.372 1.01867
0.373 1.01249
0.374 1.00626
0.375 1
0.376 0.993697
0.377 0.987355
0.378 0.980974
0.379 0.974554
0.38 0.968096
0.381 0.961599
0.382 0.955065
0.383 0.948493
0.384 0.941883
0.385 0.935236
0.386 0.928552
0.387 0.921832
0.388 0.915075
0.389 0.908282
0.39 0.901454
0.391 0.894589
0.392 0.88769
0.393 0.880755
0.394 0.873785
0.395 0.866781
0.396 0.859743
0.397 0.852671
0.398 0.845565
0.399 0.838426
0.4 0.831254
0.401 0.824049
0.402 0.816811
0.403 0.809541
0.404 0.802239
0.405 0.794906
0.406 0.787541
0.407 0.780145
0.408 0.772718
0.409 0.765261
0.41 0.757774
0.411 0.750256
0.412 0.742709
0.413 0.735133
0.414 0.727527
0.415 0.719893
0.416 0.712231
0.417 0.70454
0.418 0.696822
0.419 0.689076
0.42 0.681303
0.421 0.673503
0.422 0.665676
0.423 0.657823
0.424 0.649944
0.425 0.64204
0.426 0.63411
0.427 0.626155
0.428 0.618175
0.429 0.610171
0.43 0.602143
0.431 0.594091
0.432 0.586016
0.433 0.577917
0.434 0.569796
0.435 0.561652
0.436 0.553486
0.437 0.545298
0.438 0.537089
0.439 0.528858
0.44 0.520607
0.441 0.512335
0.442 0.504043
0.443 0.49573
0.444 0.487399
0.445 0.479048
0.446 0.470678
0.447 0.462289
0.448 0.453883
0.449 0.445458
0.45 0.437016
0.451 0.428557
0.452 0.42008
0.453 0.411587
0.454 0.403078
0.455 0.394553
0.456 0.386012
0.457 0.377456
0.458 0.368886
0.459 0.3603
0.46 0.351701
0.461 0.343087
0.462 0.33446
0.463 0.32582
0.464 0.317167
0.465 0.308501
0.466 0.299823
0.467 0.291134
0.468 0.282433
0.469 0.27372
0.47 0.264997
0.471 0.256264
0.472 0.24752
0.473 0.238767
0.474 0.230004
0.475 0.221232
0.476 0.212451
0.477 0.203662
0.478 0.194865
0.479 0.18606
0.48 0.177248
0.481 0.168429
0.482 0.159603
0.483 0.150771
0.484 0.141933
0.485 0.133089
0.486 0.12424
0.487 0.115387
0.488 0.106528
0.489 0.0976656
0.49 0.0887992
0.491 0.0799293
0.492 0.0710562
0.493 0.0621803
0.494 0.053302
0.495 0.0444215
0.496 0.0355393
0.497 0.0266557
0.498 0.0177711
0.499 0.00888571
0.5 1.73191e-16
0.501 -0.00888571
0.502 -0.0177711
0.503 -0.0266557
0.504 -0.0355393
0.505 -0.0444215
0.506 -0.053302
0.507 -0.0621803
0.508 -0.0710562
0.509 -0.0799293
0.51 -0.0887992
0.511 -0.0976656
0.512 -0.106528
0.513 -0.115387
0.514 -0.12424
0.515 -0.133089
0.516 -0.141933
0.517 -0.150771
0.518 -0.159603
0.519 -0.168429
0.52 -0.177248
0.521 -0.18606
0.522 -0.194865
0.523 -0.203662
0.524 -0.212451
0.525 -0.221232
0.526 -0.230004
0.527 -0.238767
0.528 -0.24752
0.529 -0.256264
0.53 -0.264997
0.531 -0.27372
0.532 -0.282433
0.533 -0.291134
0.534 -0.299823
0.535 -0.308501
0.536 -0.317167
0.537 -0.32582
0.538 -0.33446
0.539 -0.343087
0.54 -0.351701
0.541 -0.3603
0.542 -0.368886
0.543 -0.377456
0.544 -0.386012
0.545 -0.394553
0.546 -0.403078
0.547 -0.411587
0.548 -0.42008
0.549 -0.428557
0.55 -0.437016
0.551 -0.445458
0.552 -0.453883
0.553 -0.462289
0.554 -0.470678
0.555 -0.479048
0.556 -0.487399
0.557 -0.49573
0.558 -0.504043
0.559 -0.512335
0.56 -0.520607
0.561 -0.528858
0.562 -0.537089
0.563 -0.545298
0.564 -0.553486
0.565 -0.561652
0.566 -0.569796
0.567 -0.577917
0.568 -0.586016
0.569 -0.594091
0.57 -0.602143
0.571 -0.610171
0.572 -0.618175
0.573 -0.626155
0.574 -0.63411
0.575 -0.64204
0.576 -0.649944
0.577 -0.657823
0.578 -0.665676
0.579 -0.673503
0.58 -0.681303
0.581 -0.689076
0.582 -0.696822
0.583 -0.70454
0.584 -0.712231
0.585 -0.719893
0.586 -0.727527
0.587 -0.735133
0.588 -0.742709
0.589 -0.750256
0.59 -0.757774
0.591 -0.765261
0.592 -0.772718
0.593 -0.780145
0.594 -0.787541
0.595 -0.794906
0.596 -0.802239
0.597 -0.809541
0.598 -0.816811
0.599 -0.824049
0.6 -0.831254
0.601 -0.838426
0.602 -0.845565
0.603 -0.852671
0.604 -0.859743
0.605 -0.866781
0.606 -0.873785
0.607 -0.880755
0.608 -0.88769
0.609 -0.894589
0.61 -0.901454
0.611 -0.908282
0.612 -0.915075
0.613 -0.921832
0.614 -0.928552
0.615 -0.935236
0.616 -0.941883
0.617 -0.948493
0.618 -0.955065
0.619 -0.961599
0.62 -0.968096
0.621 -0.974554
0.622 -0.980974
0.623 -0.987355
0.624 -0.993697
0.625 -1
0.626 -1.00626
0.627 -1.01249
0.628 -1.01867
0.629 -1.02481
0.63 -1.03092
0.631 -1.03698
0.632 -1.043
0.633 -1.04898
0.634 -1.05492
0.635 -1.06082
0.636 -1.06667
0.637 -1.07249
0.638 -1.07826
0.639 -1.08398
0.64 -1.08967
0.641 -1.09531
0.642 -1.10091
0.643 -1.10647
0.644 -1.11198
0.645 -1.11745
0.646 -1.12287
0.647 -1.12825
0.648 -1.13359
0.649 -1.13888
0.65 -1.14412
0.651 -1.14932
0.652 -1.15448
0.653 -1.15959
0.654 -1.16465
0.655 -1.16967
0.656 -1.17464
0.657 -1.17957
0.658 -1.18444
0.659 -1.18928
0.66 -1.19406
0.661 -1.1988
0.662 -1.20349
0.663 -1.20813
0.664 -1.21273
0.665 -1.21727
0.666 -1.22177
0.667 -1.22622
0.668 -1.23063
0.669 -1.23498
0.67 -1.23928
0.671 -1.24354
0.672 -1.24775
0.673 -1.25191
0.674 -1.25601
0.675 -1.26007
0.676 -1.26408
0.677 -1.26804
0.678 -1.27195
0.679 -1.27581
0.68 -1.27962
0.681 -1.28338
0.682 -1.28708
0.683 -1.29074
0.684 -1.29435
0.685 -1.2979
0.686 -1.3014
0.687 -1.30486
0.688 -1.30826
0.689 -1.31161
0.69 -1.3149
0.691 -1.31815
0.692 -1.32134
0.693 -1.32448
0.694 -1.32757
0.695 -1.33061
0.696 -1.33359
0.697 -1.33652
0.698 -1.3394
0.699 -1.34222
0.7 -1.345
0.701 -1.34772
0.702 -1.35038
0.703 -1.353
0.704 -1.35555
0.705 -1.35806
0.706 -1.36051
0.707 -1.36291
0.708 -1.36526
0.709 -1.36755
0.71 -1.36978
0.711 -1.37197
0.712 -1.37409
0.713 -1.37617
0.714 -1.37819
0.715 -1.38015
0.716 -1.38207
0.717 -1.38392
0.718 -1.38572
0.719 -1.38747
0.72 -1.38916
0.721 -1.3908
0.722 -1.39238
0.723 -1.39391
0.724 -1.39538
0.725 -1.3968
0.726 -1.39816
0.727 -1.39947
0.728 -1.40072
0.729 -1.40192
0.73 -1.40306
0.731 -1.40415
0.732 -1.40518
0.733 -1.40615
0.734 -1.40707
0.735 -1.40794
0.736 -1.40875
0.737 -1.4095
0.738 -1.4102
0.739 -1.41084
0.74 -1.41142
0.741 -1.41195
0.742 -1.41243
0.743 -1.41285
0.744 -1.41321
0.745 -1.41352
0.746 -1.41377
0.747 -1.41396
0.748 -1.4141
0.749 -1.41419
0.75 -1.41421
0.751 -1.41419
0.752 -1.4141
0.753 -1.41396
0.754 -1.41377
0.755 -1.41352
0.756 -1.41321
0.757 -1.41285
0.758 -1.41243
0.759 -1.41195
0.76 -1.41142
0.761 -1.41084
0.762 -1.4102
0.763 -1.4095
0.764 -1.40875
0.765 -1.40794
0.766 -1.40707
0.767 -1.40615
0.768 -1.40518
0.769 -1.40415
0.77 -1.40306
0.771 -1.40192
0.772 -1.40072
0.773 -1.39947
0.774 -1.39816
0.775 -1.3968
0.776 -1.39538
0.777 -1.39391
0.778 -1.39238
0.779 -1.3908
0.78 -1.38916
0.781 -1.38747
0.782 -1.38572
0.783 -1.38392
0.784 -1.38207
0.785 -1.38015
0.786 -1.37819
0.787 -1.37617
0.788 -1.37409
0.789 -1.37197
0.79 -1.36978
0.791 -1.36755
0.792 -1.36526
0.793 -1.36291
0.794 -1.36051
0.795 -1.35806
0.796 -1.35555
0.797 -1.353
0.798 -1.35038
0.799 -1.34772
0.8 -1.345
0.801 -1.34222
0.802 -1.3394
0.803 -1.33652
0.804 -1.33359
0.805 -1.33061
0.806 -1.32757
0.807 -1.32448
0.808 -1.32134
0.809 -1.31815
0.81 -1.3149
0.811 -1.31161
0.812 -1.30826
0.813 -1.30486
0.814 -1.3014
0.815 -1.2979
0.816 -1.29435
0.817 -1.29074
0.818 -1.28708
0.819 -1.28338
0.82 -1.27962
0.821 -1.27581
0.822 -1.27195
0.823 -1.26804
0.824 -1.26408
0.825 -1.26007
0.826 -1.25601
0.827 -1.25191
0.828 -1.24775
0.829 -1.24354
0.83 -1.23928
0.831 -1.23498
0.832 -1.23063
0.833 -1.22622
0.834 -1.22177
0.835 -1.21727
0.836 -1.21273
0.837 -1.20813
0.838 -1.20349
0.839 -1.1988
0.84 -1.19406
0.841 -1.18928
0.842 -1.18444
0.843 -1.17957
0.844 -1.17464
0.845 -1.16967
0.846 -1.16465
0.847 -1.15959
0.848 -1.15448
0.849 -1.14932
0.85 -1.14412
0.851 -1.13888
0.852 -1.13359
0.853 -1.12825
0.854 -1.12287
0.855 -1.11745
0.856 -1.11198
0.857 -1.10647
0.858 -1.10091
0.859 -1.09531
0.86 -1.08967
0.861 -1.08398
0.862 -1.07826
0.863 -1.07249
0.864 -1.06667
0.865 -1.06082
0.866 -1.05492
0.867 -1.04898
0.868 -1.043
0.869 -1.03698
0.87 -1.03092
0.871 -1.02481
0.872 -1.01867
0.873 -1.01249
0.874 -1.00626
0.875 -1
0.876 -0.993697
0.877 -0.987355
0.878 -0.980974
0.879 -0.974554
0.88 -0.968096
0.881 -0.961599
0.882 -0.955065
0.883 -0.948493
0.884 -0.941883
0.885 -0.935236
0.886 -0.928552
0.887 -0.921832
0.888 -0.915075
0.889 -0.908282
0.89 -0.901454
0.891 -0.894589
0.892 -0.88769
0.893 -0.880755
0.894 -0.873785
0.895 -0.866781
0.896 -0.859743
0.897 -0.852671
0.898 -0.845565
0.899 -0.838426
0.9 -0.831254
0.901 -0.824049
0.902 -0.816811
0.903 -0.809541
0.904 -0.802239
0.905 -0.794906
0.906 -0.787541
0.907 -0.780145
0.908 -0.772718
0.909 -0.765261
0.91 -0.757774
0.911 -0.750256
0.912 -0.742709
0.913 -0.735133
0.914 -0.727527
0.915 -0.719893
0.916 -0.712231
0.917 -0.70454
0.918 -0.696822
0.919 -0.689076
0.92 -0.681303
0.921 -0.673503
0.922 -0.665676
0.923 -0.657823
0.924 -0.649944
0.925 -0.64204
0.926 -0.63411
0.927 -0.626155
0.928 -0.618175
0.929 -0.610171
0.93 -0.602143
0.931 -0.594091
0.932 -0.586016
0.933 -0.577917
0.934 -0.569796
0.935 -0.561652
0.936 -0.553486
0.937 -0.545298
0.938 -0.537089
0.939 -0.528858
0.94 -0.520607
0.941 -0.512335
0.942 -0.504043
0.943 -0.49573
0.944 -0.487399
0.945 -0.479048
0.946 -0.470678
0.947 -0.462289
0.948 -0.453883
0.949 -0.445458
0.95 -0.437016
0.951 -0.428557
0.952 -0.42008
0.953 -0.411587
0.954 -0.403078
0.955 -0.394553
0.956 -0.386012
0.957 -0.377456
0.958 -0.368886
0.959 -0.3603
0.96 -0.351701
0.961 -0.343087
0.962 -0.33446
0.963 -0.32582
0.964 -0.317167
0.965 -0.308501
0.966 -0.299823
0.967 -0.291134
0.968 -0.282433
0.969 -0.27372
0.97 -0.264997
0.971 -0.256264
0.972 -0.24752
0.973 -0.238767
0.974 -0.230004
0.975 -0.221232
0.976 -0.212451
0.977 -0.203662
0.978 -0.194865
0.979 -0.18606
0.98 -0.177248
0.981 -0.168429
0.982 -0.159603
0.983 -0.150771
0.984 -0.141933
0.985 -0.133089
0.986 -0.12424
0.987 -0.115387
0.988 -0.106528
0.989 -0.0976656
0.99 -0.0887992
0.991 -0.0799293
0.992 -0.0710562
0.993 -0.0621803
0.994 -0.053302
0.995 -0.0444215
0.996 -0.0355393
0.997 -0.0266557
0.998 -0.0177711
0.999 -0.00888571
1 -3.46382e-16



#INDEX 5 - analytic eigenfunction 2
0 0
0.001 0.0133285
0.002 0.0266557
0.003 0.0399806
0.004 0.053302
0.005 0.0666186
0.006 0.0799293
0.007 0.0932329
0.008 0.106528
0.009 0.119814
0.01 0.133089
0.011 0.146353
0.012 0.159603
0.013 0.172839
0.014 0.18606
0.015 0.199264
0.016 0.212451
0.017 0.225619
0.018 0.238767
0.019 0.251893
0.02 0.264997
0.021 0.278078
0.022 0.291134
0.023 0.304164
0.024 0.317167
0.025 0.330142
0.026 0.343087
0.027 0.356002
0.028 0.368886
0.029 0.381736
0.03 0.394553
0.031 0.407335
0.032 0.42008
0.033 0.432788
0.034 0.445458
0.035 0.458088
0.036 0.470678
0.037 0.483226
0.038 0.49573
0.039 0.508191
0.04 0.520607
0.041 0.532976
0.042 0.545298
0.043 0.557572
0.044 0.569796
0.045 0.581969
0.046 0.594091
0.047 0.60616
0.048 0.618175
0.049 0.630135
0.05 0.64204
0.051 0.653887
0.052 0.665676
0.053 0.677406
0.054 0.689076
0.055 0.700684
0.056 0.712231
0.057 0.723714
0.058 0.735133
0.059 0.746486
0.06 0.757774
0.061 0.768993
0.062 0.780145
0.063 0.791227
0.064 0.802239
0.065 0.81318
0.066 0.824049
0.067 0.834844
0.068 0.845565
0.069 0.856211
0.07 0.866781
0.071 0.877275
0.072 0.88769
0.073 0.898026
0.074 0.908282
0.075 0.918458
0.076 0.928552
0.077 0.938564
0.078 0.948493
0.079 0.958337
0.08 0.968096
0.081 0.977769
0.082 0.987355
0.083 0.996853
0.084 1.00626
0.085 1.01558
0.086 1.02481
0.087 1.03395
0.088 1.043
0.089 1.05196
0.09 1.06082
0.091 1.06958
0.092 1.07826
0.093 1.08683
0.094 1.09531
0.095 1.1037
0.096 1.11198
0.097 1.12017
0.098 1.12825
0.099 1.13624
0.1 1.14412
0.101 1.15191
0.102 1.15959
0.103 1.16717
0.104 1.17464
0.105 1.18201
0.106 1.18928
0.107 1.19643
0.108 1.20349
0.109 1.21043
0.11 1.21727
0.111 1.224
0.112 1.23063
0.113 1.23714
0.114 1.24354
0.115 1.24983
0.116 1.25601
0.117 1.26208
0.118 1.26804
0.119 1.27389
0.12 1.27962
0.121 1.28524
0.122 1.29074
0.123 1.29613
0.124 1.3014
0.125 1.30656
0.126 1.31161
0.127 1.31653
0.128 1.32134
0.129 1.32603
0.13 1.33061
0.131 1.33506
0.132 1.3394
0.133 1.34362
0.134 1.34772
0.135 1.3517
0.136 1.35555
0.137 1.35929
0.138 1.36291
0.139 1.36641
0.14 1.36978
0.141 1.37304
0.142 1.37617
0.143 1.37918
0.144 1.38207
0.145 1.38483
0.146 1.38747
0.147 1.38999
0.148 1.39238
0.149 1.39466
0.15 1.3968
0.151 1.39883
0.152 1.40072
0.153 1.4025
0.154 1.40415
0.155 1.40567
0.156 1.40707
0.157 1.40835
0.158 1.4095
0.159 1.41052
0.16 1.41142
0.161 1.4122
0.162 1.41285
0.163 1.41337
0.164 1.41377
0.165 1.41404
0.166 1.41419
0.167 1.41421
0.168 1.4141
0.169 1.41387
0.17 1.41352
0.171 1.41303
0.172 1.41243
0.173 1.41169
0.174 1.41084
0.175 1.40985
0.176 1.40875
0.177 1.40751
0.178 1.40615
0.179 1.40467
0.18 1.40306
0.181 1.40133
0.182 1.39947
0.183 1.39749
0.184 1.39538
0.185 1.39315
0.186 1.3908
0.187 1.38832
0.188 1.38572
0.189 1.383
0.19 1.38015
0.191 1.37719
0.192 1.37409
0.193 1.37088
0.194 1.36755
0.195 1.36409
0.196 1.36051
0.197 1.35681
0.198 1.353
0.199 1.34906
0.2 1.345
0.201 1.34082
0.202 1.33652
0.203 1.3321
0.204 1.32757
0.205 1.32292
0.206 1.31815
0.207 1.31326
0.208 1.30826
0.209 1.30314
0.21 1.2979
0.211 1.29255
0.212 1.28708
0.213 1.2815
0.214 1.27581
0.215 1.27
0.216 1.26408
0.217 1.25805
0.218 1.25191
0.219 1.24565
0.22 1.23928
0.221 1.23281
0.222 1.22622
0.223 1.21953
0.224 1.21273
0.225 1.20582
0.226 1.1988
0.227 1.19167
0.228 1.18444
0.229 1.17711
0.23 1.16967
0.231 1.16212
0.232 1.15448
0.233 1.14673
0.234 1.13888
0.235 1.13092
0.236 1.12287
0.237 1.11472
0.238 1.10647
0.239 1.09812
0.24 1.08967
0.241 1.08113
0.242 1.07249
0.243 1.06375
0.244 1.05492
0.245 1.046
0.246 1.03698
0.247 1.02787
0.248 1.01867
0.249 1.00938
0.25 1
0.251 0.990531
0.252 0.980974
0.253 0.97133
0.254 0.961599
0.255 0.951783
0.256 0.941883
0.257 0.931899
0.258 0.921832
0.259 0.911683
0.26 0.901454
0.261 0.891144
0.262 0.880755
0.263 0.870288
0.264 0.859743
0.265 0.849122
0.266 0.838426
0.267 0.827655
0.268 0.816811
0.269 0.805894
0.27 0.794906
0.271 0.783847
0.272 0.772718
0.273 0.761521
0.274 0.750256
0.275 0.738925
0.276 0.727527
0.277 0.716066
0.278 0.70454
0.279 0.692952
0.28 0.681303
0.281 0.669593
0.282 0.657823
0.283 0.645995
0.284 0.63411
0.285 0.622168
0.286 0.610171
0.287 0.59812
0.288 0.586016
0.289 0.573859
0.29 0.561652
0.291 0.549395
0.292 0.537089
0.293 0.524735
0.294 0.512335
0.295 0.499889
0.296 0.487399
0.297 0.474865
0.298 0.462289
0.299 0.449673
0.3 0.437016
0.301 0.424321
0.302 0.411587
0.303 0.398818
0.304 0.386012
0.305 0.373173
0.306 0.3603
0.307 0.347396
0.308 0.33446
0.309 0.321495
0.31 0.308501
0.311 0.29548
0.312 0.282433
0.313 0.26936
0.314 0.256264
0.315 0.243144
0.316 0.230004
0.317 0.216842
0.318 0.203662
0.319 0.190463
0.32 0.177248
0.321 0.164017
0.322 0.150771
0.323 0.137512
0.324 0.12424
0.325 0.110958
0.326 0.0976656
0.327 0.0843647
0.328 0.0710562
0.329 0.0577414
0.33 0.0444215
0.331 0.0310977
0.332 0.0177711
0.333 0.00444288
0.334 -0.00888571
0.335 -0.0222135
0.336 -0.0355393
0.337 -0.048862
0.338 -0.0621803
0.339 -0.0754931
0.34 -0.0887992
0.341 -0.102097
0.342 -0.115387
0.343 -0.128665
0.344 -0.141933
0.345 -0.155188
0.346 -0.168429
0.347 -0.181655
0.348 -0.194865
0.349 -0.208058
0.35 -0.221232
0.351 -0.234386
0.352 -0.24752
0.353 -0.260632
0.354 -0.27372
0.355 -0.286785
0.356 -0.299823
0.357 -0.312835
0.358 -0.32582
0.359 -0.338775
0.36 -0.351701
0.361 -0.364595
0.362 -0.377456
0.363 -0.390285
0.364 -0.403078
0.365 -0.415836
0.366 -0.428557
0.367 -0.441239
0.368 -0.453883
0.369 -0.466486
0.37 -0.479048
0.371 -0.491567
0.372 -0.504043
0.373 -0.516473
0.374 -0.528858
0.375 -0.541196
0.376 -0.553486
0.377 -0.565727
0.378 -0.577917
0.379 -0.590056
0.38 -0.602143
0.381 -0.614176
0.382 -0.626155
0.383 -0.638078
0.384 -0.649944
0.385 -0.661753
0.386 -0.673503
0.387 -0.685193
0.388 -0.696822
0.389 -0.708389
0.39 -0.719893
0.391 -0.731334
0.392 -0.742709
0.393 -0.754019
0.394 -0.765261
0.395 -0.776436
0.396 -0.787541
0.397 -0.798577
0.398 -0.809541
0.399 -0.820434
0.4 -0.831254
0.401 -0.842
0.402 -0.852671
0.403 -0.863267
0.404 -0.873785
0.405 -0.884227
0.406 -0.894589
0.407 -0.904872
0.408 -0.915075
0.409 -0.925197
0.41 -0.935236
0.411 -0.945192
0.412 -0.955065
0.413 -0.964852
0.414 -0.974554
0.415 -0.984169
0.416 -0.993697
0.417 -1.00314
0.418 -1.01249
0.419 -1.02175
0.42 -1.03092
0.421 -1.04
0.422 -1.04898
0.423 -1.05787
0.424 -1.06667
0.425 -1.07538
0.426 -1.08398
0.427 -1.0925
0.428 -1.10091
0.429 -1.10923
0.43 -1.11745
0.431 -1.12557
0.432 -1.13359
0.433 -1.14151
0.434 -1.14932
0.435 -1.15704
0.436 -1.16465
0.437 -1.17216
0.438 -1.17957
0.439 -1.18687
0.44 -1.19406
0.441 -1.20115
0.442 -1.20813
0.443 -1.21501
0.444 -1.22177
0.445 -1.22843
0.446 -1.23498
0.447 -1.24142
0.448 -1.24775
0.449 -1.25397
0.45 -1.26007
0.451 -1.26607
0.452 -1.27195
0.453 -1.27772
0.454 -1.28338
0.455 -1.28892
0.456 -1.29435
0.457 -1.29966
0.458 -1.30486
0.459 -1.30994
0.46 -1.3149
0.461 -1.31975
0.462 -1.32448
0.463 -1.32909
0.464 -1.33359
0.465 -1.33797
0.466 -1.34222
0.467 -1.34636
0.468 -1.35038
0.469 -1.35428
0.47 -1.35806
0.471 -1.36172
0.472 -1.36526
0.473 -1.36867
0.474 -1.37197
0.475 -1.37514
0.476 -1.37819
0.477 -1.38112
0.478 -1.38392
0.479 -1.3866
0.48 -1.38916
0.481 -1.3916
0.482 -1.39391
0.483 -1.3961
0.484 -1.39816
0.485 -1.4001
0.486 -1.40192
0.487 -1.40361
0.488 -1.40518
0.489 -1.40662
0.49 -1.40794
0.491 -1.40913
0.492 -1.4102
0.493 -1.41114
0.494 -1.41195
0.495 -1.41264
0.496 -1.41321
0.497 -1.41365
0.498 -1.41396
0.499 -1.41415
0.5 -1.41421
0.501 -1.41415
0.502 -1.41396
0.503 -1.41365
0.504 -1.41321
0.505 -1.41264
0.506 -1.41195
0.507 -1.41114
0.508 -1.4102
0.509 -1.40913
0.51 -1.40794
0.511 -1.40662
0.512 -1.40518
0.513 -1.40361
0.514 -1.40192
0.515 -1.4001
0.516 -1.39816
0.517 -1.3961
0.518 -1.39391
0.519 -1.3916
0.52 -1.38916
0.521 -1.3866
0.522 -1.38392
0.523 -1.38112
0.524 -1.37819
0.525 -1.37514
0.526 -1.37197
0.527 -1.36867
0.528 -1.36526
0.529 -1.36172
0.53 -1.35806
0.531 -1.35428
0.532 -1.35038
0.533 -1.34636
0.534 -1.34222
0.535 -1.33797
0.536 -1.33359
0.537 -1.32909
0.538 -1.32448
0.539 -1.31975
0.54 -1.3149
0.541 -1.30994
0.542 -1.30486
0.543 -1.29966
0.544 -1.29435
0.545 -1.28892
0.546 -1.28338
0.547 -1.27772
0.548 -1.27195
0.549 -1.26607
0.55 -1.26007
0.551 -1.25397
0.552 -1.24775
0.553 -1.24142
0.554 -1.23498
0.555 -1.22843
0.556 -1.22177
0.557 -1.21501
0.558 -1.20813
0.559 -1.20115
0.56 -1.19406
0.561 -1.18687
0.562 -1.17957
0.563 -1.17216
0.564 -1.16465
0.565 -1.15704
0.566 -1.14932
0.567 -1.14151
0.568 -1.13359
0.569 -1.12557
0.57 -1.11745
0.571 -1.10923
0.572 -1.10091
0.573 -1.0925
0.574 -1.08398
0.575 -1.07538
0.576 -1.06667
0.577 -1.05787
0.578 -1.04898
0.579 -1.04
0.58 -1.03092
0.581 -1.02175
0.582 -1.01249
0.583 -1.00314
0.584 -0.993697
0.585 -0.984169
0.586 -0.974554
0.587 -0.964852
0.588 -0.955065
0.589 -0.945192
0.59 -0.935236
0.591 -0.925197
0.592 -0.915075
0.593 -0.904872
0.594 -0.894589
0.595 -0.884227
0.596 -0.873785
0.597 -0.863267
0.598 -0.852671
0.599 -0.842
0.6 -0.831254
0.601 -0.820434
0.602 -0.809541
0.603 -0.798577
0.604 -0.787541
0.605 -0.776436
0.606 -0.765261
0.607 -0.754019
0.608 -0.742709
0.609 -0.731334
0.61 -0.719893
0.611 -0.708389
0.612 -0.696822
0.613 -0.685193
0.614 -0.673503
0.615 -0.661753
0.616 -0.649944
0.617 -0.638078
0.618 -0.626155
0.619 -0.614176
0.62 -0.602143
0.621 -0.590056
0.622 -0.577917
0.623 -0.565727
0.624 -0.553486
0.625 -0.541196
0.626 -0.528858
0.627 -0.516473
0.628 -0.504043
0.629 -0.491567
0.63 -0.479048
0.631 -0.466486
0.632 -0.453883
0.633 -0.441239
0.634 -0.428557
0.635 -0.415836
0.636 -0.403078
0.637 -0.390285
0.638 -0.377456
0.639 -0.364595
0.64 -0.351701
0.641 -0.338775
0.642 -0.32582
0.643 -0.312835
0.644 -0.299823
0.645 -0.286785
0.646 -0.27372
0.647 -0.260632
0.648 -0.24752
0.649 -0.234386
0.65 -0.221232
0.651 -0.208058
0.652 -0.194865
0.653 -0.181655
0.654 -0.168429
0.655 -0.155188
0.656 -0.141933
0.657 -0.128665
0.658 -0.115387
0.659 -0.102097
0.66 -0.0887992
0.661 -0.0754931
0.662 -0.0621803
0.663 -0.048862
0.664 -0.0355393
0.665 -0.0222135
0.666 -0.00888571
0.667 0.00444288
0.668 0.0177711
0.669 0.0310977
0.67 0.0444215
0.671 0.0577414
0.672 0.0710562
0.673 0.0843647
0.674 0.0976656
0.675 0.110958
0.676 0.12424
0.677 0.137512
0.678 0.150771
0.679 0.164017
0.68 0.177248
0.681 0.190463
0.682 0.203662
0.683 0.216842
0.684 0.230004
0.685 0.243144
0.686 0.256264
0.687 0.26936
0.688 0.282433
0.689 0.29548
0.69 0.308501
0.691 0.321495
0.692 0.33446
0.693 0.347396
0.694 0.3603
0.695 0.373173
0.696 0.386012
0.697 0.398818
0.698 0.411587
0.699 0.424321
0.7 0.437016
0.701 0.449673
0.702 0.462289
0.703 0.474865
0.704 0.487399
0.705 0.499889
0.706 0.512335
0.707 0.524735
0.708 0.537089
0.709 0.549395
0.71 0.561652
0.711 0.573859
0.712 0.586016
0.713 0.59812
0.714 0.610171
0.715 0.622168
0.716 0.63411
0.717 0.645995
0.718 0.657823
0.719 0.669593
0.72 0.681303
0.721 0.692952
0.722 0.70454
0.723 0.716066
0.724 0.727527
0.725 0.738925
0.726 0.750256
0.727 0.761521
0.728 0.772718
0.729 0.783847
0.73 0.794906
0.731 0.805894
0.732 0.816811
0.733 0.827655
0.734 0.838426
0.735 0.849122
0.736 0.859743
0.737 0.870288
0.738 0.880755
0.739 0.891144
0.74 0.901454
0.741 0.911683
0.742 0.921832
0.743 0.931899
0.744 0.941883
0.745 0.951783
0.746 0.961599
0.747 0.97133
0.748 0.980974
0.749 0.990531
0.75 1
0.751 1.00938
0.752 1.01867
0.753 1.02787
0.754 1.03698
0.755 1.046
0.756 1.05492
0.757 1.06375
0.758 1.07249
0.759 1.08113
0.76 1.08967
0.761 1.09812
0.762 1.10647
0.763 1.11472
0.764 1.12287
0.765 1.13092
0.766 1.13888
0.767 1.14673
0.768 1.15448
0.769 1.16212
0.77 1.16967
0.771 1.17711
0.772 1.18444
0.773 1.19167
0.774 1.1988
0.775 1.20582
0.776 1.21273
0.777 1.21953
0.778 1.22622
0.779 1.23281
0.78 1.23928
0.781 1.24565
0.782 1.25191
0.783 1.25805
0.784 1.26408
0.785 1.27
0.786 1.27581
0.787 1.2815
0.788 1.28708
0.789 1.29255
0.79 1.2979
0.791 1.30314
0.792 1.30826
0.793 1.31326
0.794 1.31815
0.795 1.32292
0.796 1.32757
0.797 1.3321
0.798 1.33652
0.799 1.34082
0.8 1.345
0.801 1.34906
0.802 1.353
0.803 1.35681
0.804 1.36051
0.805 1.36409
0.806 1.36755
0.807 1.37088
0.808 1.37409
0.809 1.37719
0.81 1.38015
0.811 1.383
0.812 1.38572
0.813 1.38832
0.814 1.3908
0.815 1.39315
0.816 1.39538
0.817 1.39749
0.818 1.39947
0.819 1.40133
0.82 1.40306
0.821 1.40467
0.822 1.40615
0.823 1.40751
0.824 1.40875
0.825 1.40985
0.826 1.41084
0.827 1.41169
0.828 1.41243
0.829 1.41303
0.83 1.41352
0.831 1.41387
0.832 1.4141
0.833 1.41421
0.834 1.41419
0.835 1.41404
0.836 1.41377
0.837 1.41337
0.838 1.41285
0.839 1.4122
0.84 1.41142
0.841 1.41052
0.842 1.4095
0.843 1.40835
0.844 1.40707
0.845 1.40567
0.846 1.40415
0.847 1.4025
0.848 1.40072
0.849 1.39883
0.85 1.3968
0.851 1.39466
0.852 1.39238
0.853 1.38999
0.854 1.38747
0.855 1.38483
0.856 1.38207
0.857 1.37918
0.858 1.37617
0.859 1.37304
0.86 1.36978
0.861 1.36641
0.862 1.36291
0.863 1.35929
0.864 1.35555
0.865 1.3517
0.866 1.34772
0.867 1.34362
0.868 1.3394
0.869 1.33506
0.87 1.33061
0.871 1.32603
0.872 1.32134
0.873 1.31653
0.874 1.31161
0.875 1.30656
0.876 1.3014
0.877 1.29613
0.878 1.29074
0.879 1.28524
0.88 1.27962
0.881 1.27389
0.882 1.26804
0.883 1.26208
0.884 1.25601
0.885 1.24983
0.886 1.24354
0.887 1.23714
0.888 1.23063
0.889 1.224
0.89 1.21727
0.891 1.21043
0.892 1.20349
0.893 1.19643
0.894 1.18928
0.895 1.18201
0.896 1.17464
0.897 1.16717
0.898 1.15959
0.899 1.15191
0.9 1.14412
0.901 1.13624
0.902 1.12825
0.903 1.12017
0.904 1.11198
0.905 1.1037
0.906 1.09531
0.907 1.08683
0.908 1.07826
0.909 1.06958
0.91 1.06082
0.911 1.05196
0.912 1.043
0.913 1.03395
0.914 1.02481
0.915 1.01558
0.916 1.00626
0.917 0.996853
0.918 0.987355
0.919 0.977769
0.92 0.968096
0.921 0.958337
0.922 0.948493
0.923 0.938564
0.924 0.928552
0.925 0.918458
0.926 0.908282
0.927 0.898026
0.928 0.88769
0.929 0.877275
0.93 0.866781
0.931 0.856211
0.932 0.845565
0.933 0.834844
0.934 0.824049
0.935 0.81318
0.936 0.802239
0.937 0.791227
0.938 0.780145
0.939 0.768993
0.94 0.757774
0.941 0.746486
0.942 0.735133
0.943 0.723714
0.944 0.712231
0.945 0.700684
0.946 0.689076
0.947 0.677406
0.948 0.665676
0.949 0.653887
0.95 0.64204
0.951 0.630135
0.952 0.618175
0.953 0.60616
0.954 0.594091
0.955 0.581969
0.956 0.569796
0.957 0.557572
0.958 0.545298
0.959 0.532976
0.96 0.520607
0.961 0.508191
0.962 0.49573
0.963 0.483226
0.964 0.470678
0.965 0.458088
0.966 0.445458
0.967 0.432788
0.968 0.42008
0.969 0.407335
0.97 0.394553
0.971 0.381736
0.972 0.368886
0.973 0.356002
0.974 0.343087
0.975 0.330142
0.976 0.317167
0.977 0.304164
0.978 0.291134
0.979 0.278078
0.98 0.264997
0.981 0.251893
0.982 0.238767
0.983 0.225619
0.984 0.212451
0.985 0.199264
0.986 0.18606
0.987 0.172839
0.988 0.159603
0.989 0.146353
0.99 0.133089
0.991 0.119814
0.992 0.106528
0.993 0.0932329
0.994 0.0799293
0.995 0.0666186
0.996 0.053302
0.997 0.0399806
0.998 0.0266557
0.999 0.0133285
1 5.19574e-16



