10 0.148 0.052 0.149 0.095
20 1.173 0.05 1.283 0.785
30 3.376 0.124 3.532 2.293
40 8.164 0.255 9.633 5.482
50 16.217 0.467 18.623 10.953
60 28.764 0.761 36.352 19.511
70 45.158 1.142 50.333 30.539
80 69.639 1.627 85.463 46.974
90 99.135 2.246 121.329 66.594
100 127.829 2.659 148.145 76.784
110 141.245 2.899 165.611 84.4
120 153.749 3.218 179.216 93.948
130 174.443 4.031 220.344 117.888
140 219.213 5.014 275.01 148.267
150 273.677 6.125 338.221 184.781
160 330.721 7.76 410.385 224.346
170 412.462 8.687 495.959 274.113
180 481.15 10.297 586.888 324.317
190 557.574 12.156 695.382 374.71
200 675.687 13.83 806.589 454.803
