100 0.261593 0.0584073 0.1796 0.08
1100 0.0615927 0.014771 0.0507543 0.00727273
2100 0.0698359 0.00507401 0.0347264 0
3100 0.00034283 0.00163315 0.0294902 0.00516129
4100 0.0262122 0.000846371 0.0253571 0.00292683
5100 0.00115244 0.000368131 0.0229839 0.00156863
6100 0.0662762 0.00332538 0.0204099 0.00131148
7100 0.0533369 0.00131096 0.0190335 0.00225352
8100 0.0122099 0.000358086 0.01834 0.00148148
9100 0.0123619 0.000493752 0.0173041 0.000879121
10100 0.0164441 0.000206515 0.0164529 0
11100 0.0165476 0.000749689 0.0156949 0.000720721
12100 0.0235761 0.000766207 0.0150757 0.00165289
13100 0.00130811 0.00161345 0.0143399 0.00244275
14100 0.0133657 0.000883434 0.0139073 0.000283688
15100 0.0454337 0.000923903 0.0136135 0.000794702
16100 0.0213887 0.00126449 0.0128234 0.000993789
17100 0.00484009 0.00133132 0.0125323 0.000935673
18100 0.00669464 0.000285799 0.0121715 0.000220994
19100 0.00798009 0.000187451 0.0119224 0.00167539
20100 0.0118402 0.000100116 0.0115246 0
21100 0.000360426 0.000208294 0.011307 0.000189573
22100 0.0103709 5.41921e-05 0.0110947 0.000542986
23100 0.00115975 0.000467112 0.0108101 0.00138528
24100 0.00549307 0.000181865 0.0106027 0.00182573
25100 0.0109173 0.000397434 0.0103171 0.000478088
26100 0.00507401 0.000323055 0.010143 0.000153257
27100 0.0039424 0.000485643 0.00995886 0.000147601
28100 0.0117706 0.000525038 0.00984489 0.000284698
29100 0.00674729 0.000263017 0.00965403 0.000412371
30100 0.00750627 6.44144e-05 0.00949532 0.000531561
31100 0.00155847 0.000529533 0.00930582 0
32100 0.00557246 8.95894e-05 0.00914407 0.000249221
33100 0.0192966 0.00124723 0.00909907 0.00060423
34100 0.00775101 0.00104664 0.00892195 0.00058651
35100 0.00803698 0.000515609 0.00873535 0
36100 0.0148337 0.000457208 0.00869682 0.000554017
37100 0.0165745 0.00115667 0.00846532 0.00032345
38100 0.00615958 0.000769551 0.00843501 0.000524934
39100 0.00604278 0.000197628 0.00832604 0.000306905
40100 0.0126218 0.000950987 0.00815649 0.000199501
41100 0.000791775 0.000597127 0.00809758 0.000194647
42100 0.00624583 0.00111518 0.00798226 0.000285036
43100 0.0122821 0.000402706 0.00786866 0.000278422
44100 0.000629569 0.00035746 0.00781784 0.000362812
45100 0.00349953 0.000136836 0.00774417 0.000266075
46100 0.0131145 9.93204e-05 0.00760559 0
47100 0.00278102 0.000106454 0.00755786 0.00059448
48100 0.00329744 0.000386832 0.00749814 0.000582121
49100 0.0037434 0.000166992 0.0073993 0.00089613
50100 0.00211162 0.000123913 0.00734328 0.000479042
51100 0.00666566 6.62348e-05 0.007244 0.000234834
52100 0.00877116 0.000134794 0.0072211 0.000230326
53100 0.00471883 0.000102262 0.00714066 0
54100 0.00761252 0.000446628 0.00703743 0.000147874
55100 0.00519501 0.000394831 0.0069805 0.000580762
56100 0.0205464 0.000630087 0.00687219 0.00057041
57100 0.00940351 8.6524e-05 0.00689951 0.000210158
58100 0.00135169 2.52466e-05 0.00681682 0.000275387
59100 0.00405878 0.000475902 0.0067434 0.000676819
60100 0.000228261 9.51494e-05 0.00669925 0.000332779
61100 0.00110166 5.41921e-05 0.00664666 6.54664e-05
62100 0.00800167 4.98585e-05 0.00661206 0.000257649
63100 0.00579245 2.38282e-05 0.00652134 0.000316957
64100 0.00636644 0.000313402 0.00650364 0.000187207
65100 0.00992808 0.000219942 0.006409 0.000430108
66100 0.000412623 7.14916e-05 0.00638847 0.000484115
67100 0.00994237 0.000285141 0.00631272 0.000536513
68100 0.00530896 0.00019883 0.00627867 0.000293686
69100 0.00573158 0.000288678 0.00626226 0.000694645
70100 0.0105899 0.000433024 0.00617444 0.000570613
71100 0.0108687 0.000348275 0.00613013 0.000337553
72100 0.00231858 0.000122473 0.0061098 5.54785e-05
73100 0.0010181 0.000131013 0.00607645 0.000383037
74100 0.00572221 0.000324098 0.00604727 0.000539811
75100 0.010631 0.000554038 0.00596526 0.000266312
76100 0.00324837 0.00019975 0.00596108 5.25624e-05
77100 0.0138937 1.0293e-05 0.00587908 0.000415045
78100 0.00048161 7.18791e-05 0.005875 0.000256082
79100 0.00268042 2.66764e-07 0.0058323 0.000252845
80100 0.00767077 0.000169433 0.00578343 0.000249688
81100 0.00738797 5.96275e-05 0.00578443 4.93218e-05
82100 0.00410179 0.000252824 0.00574118 9.74421e-05
83100 0.000461486 0.000116131 0.00569778 0.000144404
84100 0.00447156 0.000284687 0.00565195 0.000285375
85100 0.00838466 6.5039e-05 0.0056492 0.000188014
86100 0.0059829 0.000103049 0.00561067 0.000325203
87100 0.00460069 0.00040505 0.00557513 4.59242e-05
88100 0.000700195 0.00015536 0.00553102 0.000136209
89100 0.0057004 0.000135741 0.00551475 0
90100 0.00139288 0.000427324 0.00547413 8.87902e-05
91100 0.000492967 0.000317335 0.00543966 0.000131723
92100 0.00317789 0.000209735 0.00541844 0.000173724
93100 0.00354754 0.00023334 0.0053901 0.000171858
94100 0.00140416 0.000809047 0.00535018 4.2508e-05
95100 0.0012044 0.000447304 0.00532243 8.4122e-05
96100 0.00125854 0.000634193 0.00529454 8.32466e-05
97100 0.00246502 0.000940817 0.00526451 4.11946e-05
98100 0.00385077 0.00103732 0.00523452 0.000122324
99100 0.00573328 0.000849324 0.00520386 0.000403633
100100 0.0112545 0.000505249 0.00516553 0.00035964
101100 0.00980235 0.000524063 0.00518601 0.000514342
102100 0.000973458 0.00101264 0.00513724 0.000509305
103100 0.00130167 0.000715785 0.00511719 0.000504365
104100 0.0016158 0.000347788 0.00508626 0.000422671
105100 0.00153557 0.000215149 0.00506877 0.000342531
106100 0.00296871 0.000499712 0.00504787 0.000301602
107100 0.00332935 0.000293434 0.00502501 0.00022409
108100 0.00649552 2.00356e-05 0.00500837 0.000481036
109100 0.00440185 0.000148868 0.00496246 0.000696609
110100 0.00546186 0.000351034 0.00496052 0.000435967
111100 0.0039339 0.000297535 0.00491857 0.000576058
112100 0.00163661 0.000244991 0.00490137 0.000570919
113100 0.00157269 5.41921e-05 0.00487979 0.00045977
114100 0.00021278 0.000247837 0.00486116 0.000245399
115100 0.002456 2.33325e-05 0.00483539 0.000417029
116100 0.00667448 0.000128399 0.0048331 0.00044789
117100 0.00980785 2.98912e-05 0.00481871 0.000512383
118100 0.00387885 1.77171e-05 0.00478638 0.000237087
119100 0.001917 2.64448e-06 0.00475459 0.000100756
120100 0.000710056 4.39442e-05 0.00474002 0.000366361
121100 0.00415252 0.000174481 0.00472727 9.90917e-05
122100 0.00635165 0.000127248 0.00468694 0.0001638
123100 0.00264871 0.00030824 0.00468574 6.49878e-05
124100 0.00189886 0.000196226 0.00466535 0
125100 0.00373109 0.000117978 0.00463559 0.000159872
126100 0.0158697 4.09705e-05 0.0045931 6.34417e-05
127100 0.00440263 9.106e-05 0.00459766 3.14713e-05
128100 0.00903996 0.000202819 0.00460571 0.000124902
129100 0.00263663 6.49762e-05 0.00456534 0.000154919
130100 0.00520526 2.14894e-05 0.00456284 0.000215219
131100 0.00145535 3.96881e-05 0.00453824 3.05111e-05
132100 0.00411514 5.76114e-05 0.00451036 9.08403e-05
133100 0.00115689 0.000165423 0.00450345 6.01052e-05
134100 0.00238945 8.6315e-05 0.00447989 8.94855e-05
135100 0.00120527 0.000127073 0.00446552 8.88231e-05
136100 0.000519913 0.000372962 0.00445234 0.000117561
137100 0.00772901 0.000323507 0.00442051 2.91758e-05
138100 0.00522849 0.000303733 0.00440919 8.68936e-05
139100 0.0063297 0.000284242 0.00439125 2.87563e-05
140100 0.00865903 0.000350684 0.00440334 0.000228408
141100 0.00350619 0.000246091 0.00437825 8.50461e-05
142100 0.0115389 0.000255567 0.00433493 0
143100 0.00817674 0.000125148 0.00432601 0
144100 0.00751909 0.000385159 0.00433973 0.000111034
145100 0.00186703 0.000503749 0.00430769 0.000137836
146100 0.00431682 0.000401688 0.00430415 0.000109514
147100 0.0003554 0.000518554 0.00428233 0.000299116
148100 0.00649475 0.000309737 0.00427889 0.000108035
149100 0.00349118 0.000506134 0.00424658 0
150100 0.00806757 0.000326831 0.00422413 0.000106596
151100 0.000856056 0.000202846 0.00422311 0.00010589
152100 0.00323312 0.00026458 0.00420495 7.88955e-05
153100 0.00225888 0.000351635 0.00420096 2.61267e-05
154100 0.00368963 0.000152031 0.00417676 5.19143e-05
155100 1.92097e-05 0.000264478 0.00416977 7.73694e-05
156100 0.000188256 0.000196113 0.0041561 2.56246e-05
157100 0.000406073 0.000230464 0.00414247 2.54615e-05
158100 0.0012258 0.000137878 0.0041322 0.000151803
159100 0.00263602 0.000129534 0.00412164 5.02828e-05
160100 0.000943261 0.000181036 0.00410254 2.49844e-05
161100 0.00339278 0.000264286 0.00409728 2.48293e-05
162100 0.0012842 0.000198452 0.00408099 2.46761e-05
163100 0.00246621 0.000133426 0.004062 7.35745e-05
164100 0.00128796 2.04415e-05 0.00405606 7.31261e-05
165100 0.00039338 0.000296469 0.00404222 2.42277e-05
166100 0.0018696 8.75362e-05 0.00403255 2.40819e-05
167100 0.00581608 0.000120481 0.00400736 2.39378e-05
168100 0.000153034 3.40575e-05 0.00400558 9.51814e-05
169100 0.00098946 0.000208857 0.00399514 9.46186e-05
170100 0.00327402 0.000311055 0.00398722 2.35156e-05
171100 0.00508181 0.00024841 0.00396149 2.33781e-05
172100 0.00344042 0.000325948 0.00396426 2.32423e-05
173100 0.00518595 0.000240834 0.00395569 4.62161e-05
174100 0.00142034 0.000294549 0.00393807 2.29753e-05
175100 0.00789907 0.00011921 0.00391126 0.000137065
176100 0.00310316 0.000286577 0.00391842 4.54287e-05
177100 0.00440396 0.000158436 0.00389493 2.25861e-05
178100 0.00212436 0.000188948 0.00388775 0.000157215
179100 0.00167082 0.000174451 0.00388312 0.000156337
180100 0.00468164 0.000360005 0.0038619 0.000133259
181100 0.00666168 0.000410986 0.00386973 0.000110436
182100 0.00287742 0.000241747 0.00384358 0.000131796
183100 0.00114481 0.000139896 0.00383962 0.000305844
184100 0.000960307 1.74227e-05 0.00382576 0.000239001
185100 0.00119287 3.88969e-05 0.00381889 0.00010805
186100 0.00523586 1.28578e-05 0.00381511 0.000257926
187100 0.00307849 2.14565e-05 0.00380145 0.0004062
188100 0.00872716 0.000114716 0.00380032 0.000467836
189100 0.00403581 0.00018599 0.00378282 0.000211528
190100 0.00762106 0.00019339 0.00377853 0.000147291
191100 0.00202175 9.6055e-05 0.00375978 0.000272109
192100 0.00268637 2.05557e-05 0.00374251 0.00016658
193100 4.94117e-05 7.01264e-05 0.00373714 0.000186432
194100 0.00399348 0.000201618 0.00373371 0.000206079
195100 0.00137738 2.42271e-05 0.00372003 0.000328037
196100 0.00243916 0.000215805 0.00371219 0.000326364
197100 0.00468753 0.000182202 0.00370627 0.000223237
198100 0.00289503 0.000128746 0.00369411 0.000343261
199100 0.00383273 0.00019637 0.00368628 0.000261175
