#index 0 -- points
-1 0.353227
-0.894737 0.309802
-0.789474 0.124837
-0.684211 -0.179854
-0.578947 -0.521775
-0.473684 -0.778547
-0.368421 -0.834212
-0.263158 -0.632605
-0.157895 -0.211597
-0.0526316 0.301971
0.0526316 0.738546
0.157895 0.953842
0.263158 0.886951
0.368421 0.581375
0.473684 0.160599
0.578947 -0.227654
0.684211 -0.47053
0.789474 -0.526107
0.894737 -0.424543
1 -0.240462


#index 1 -- interpolated
-1 0.353227
-0.98 0.355132
-0.96 0.352587
-0.94 0.345296
-0.92 0.333017
-0.9 0.31557
-0.88 0.292841
-0.86 0.264788
-0.84 0.231449
-0.82 0.192941
-0.8 0.149465
-0.78 0.101307
-0.76 0.0488377
-0.74 -0.00748844
-0.72 -0.067137
-0.7 -0.129497
-0.68 -0.193888
-0.66 -0.259566
-0.64 -0.325731
-0.62 -0.391541
-0.6 -0.456118
-0.58 -0.518565
-0.56 -0.577974
-0.54 -0.633446
-0.52 -0.684097
-0.5 -0.729081
-0.48 -0.767599
-0.46 -0.798914
-0.44 -0.822367
-0.42 -0.837387
-0.4 -0.843506
-0.38 -0.840365
-0.36 -0.827728
-0.34 -0.805486
-0.32 -0.773664
-0.3 -0.732423
-0.28 -0.68206
-0.26 -0.623011
-0.24 -0.55584
-0.22 -0.481239
-0.2 -0.400018
-0.18 -0.313092
-0.16 -0.221471
-0.14 -0.126243
-0.12 -0.0285632
-0.1 0.0703712
-0.08 0.169333
-0.06 0.267086
-0.04 0.362406
-0.02 0.454095
0 0.541007
0.02 0.622059
0.04 0.696252
0.06 0.762685
0.08 0.820567
0.1 0.869232
0.12 0.908145
0.14 0.93691
0.16 0.955278
0.18 0.963142
0.2 0.960543
0.22 0.947666
0.24 0.924832
0.26 0.892495
0.28 0.851229
0.3 0.801721
0.32 0.744754
0.34 0.681196
0.36 0.611988
0.38 0.53812
0.4 0.460626
0.42 0.380558
0.44 0.298976
0.46 0.216932
0.48 0.135451
0.5 0.0555212
0.52 -0.0219222
0.54 -0.096008
0.56 -0.16594
0.58 -0.231007
0.6 -0.290588
0.62 -0.344164
0.64 -0.391316
0.66 -0.431732
0.68 -0.465207
0.7 -0.491642
0.72 -0.511043
0.74 -0.523517
0.76 -0.529264
0.78 -0.528576
0.8 -0.521823
0.82 -0.509449
0.84 -0.49196
0.86 -0.469914
0.88 -0.443909
0.9 -0.414572
0.92 -0.382551
0.94 -0.348499
0.96 -0.313064
0.98 -0.276881
1 -0.240559
