#index 0 -- points
-1 0.353227
-0.894737 0.309802
-0.789474 0.124837
-0.684211 -0.179854
-0.578947 -0.521775
-0.473684 -0.778547
-0.368421 -0.834212
-0.263158 -0.632605
-0.157895 -0.211597
-0.0526316 0.301971
0.0526316 0.738546
0.157895 0.953842
0.263158 0.886951
0.368421 0.581375
0.473684 0.160599
0.578947 -0.227654
0.684211 -0.47053
0.789474 -0.526107
0.894737 -0.424543
1 -0.240462


#index 1 -- interpolated
-1 0.37158
-0.98 0.367807
-0.96 0.360474
-0.94 0.349309
-0.92 0.334067
-0.9 0.314541
-0.88 0.290567
-0.86 0.262032
-0.84 0.228881
-0.82 0.191126
-0.8 0.148852
-0.78 0.102217
-0.76 0.0514655
-0.74 -0.0030763
-0.72 -0.0609951
-0.7 -0.121792
-0.68 -0.184883
-0.66 -0.249605
-0.64 -0.31522
-0.62 -0.380924
-0.6 -0.445854
-0.58 -0.509106
-0.56 -0.569741
-0.54 -0.626806
-0.52 -0.679347
-0.5 -0.726428
-0.48 -0.767148
-0.46 -0.800661
-0.44 -0.826193
-0.42 -0.843062
-0.4 -0.85069
-0.38 -0.848623
-0.36 -0.836542
-0.34 -0.814277
-0.32 -0.781809
-0.3 -0.739283
-0.28 -0.687008
-0.26 -0.625452
-0.24 -0.555243
-0.22 -0.477161
-0.2 -0.392123
-0.18 -0.301171
-0.16 -0.205458
-0.14 -0.106224
-0.12 -0.00477652
-0.1 0.0975313
-0.08 0.199327
-0.06 0.299241
-0.04 0.395935
-0.02 0.488122
0 0.574589
0.02 0.654225
0.04 0.726029
0.06 0.789137
0.08 0.842827
0.1 0.886537
0.12 0.919865
0.14 0.942577
0.16 0.954607
0.18 0.95605
0.2 0.947161
0.22 0.92834
0.24 0.900126
0.26 0.863178
0.28 0.818259
0.3 0.766224
0.32 0.707993
0.34 0.644541
0.36 0.57687
0.38 0.505998
0.4 0.432936
0.42 0.358673
0.44 0.284163
0.46 0.210304
0.48 0.137936
0.5 0.0678203
0.52 0.000641472
0.54 -0.0630046
0.56 -0.122612
0.58 -0.177768
0.6 -0.228151
0.62 -0.273529
0.64 -0.313759
0.66 -0.348776
0.68 -0.378596
0.7 -0.4033
0.72 -0.423033
0.74 -0.437994
0.76 -0.448427
0.78 -0.454614
0.8 -0.456866
0.82 -0.455516
0.84 -0.450911
0.86 -0.443408
0.88 -0.433361
0.9 -0.421123
0.92 -0.407037
0.94 -0.391431
0.96 -0.374619
0.98 -0.356892
1 -0.338523


#index 2 -- derivatives and integrals
-1 -0.104487 0 0.192498 0
-0.98 -0.275277 0.00739956 -0.0197209 0.00708917
-0.96 -0.460286 0.0146885 -0.247806 0.0141699
-0.94 -0.658272 0.021793 -0.489407 0.0211511
-0.92 -0.86762 0.0286337 -0.741791 0.027936
-0.9 -1.08633 0.0351271 -1.00186 0.0344237
-0.88 -1.31204 0.0411857 -1.2662 0.0405099
-0.86 -1.54197 0.0467194 -1.5311 0.0460887
-0.84 -1.77302 0.0516362 -1.79262 0.0510534
-0.82 -2.00175 0.0558439 -2.04662 0.0552987
-0.8 -2.22441 0.0592511 -2.28885 0.0587218
-0.78 -2.43702 0.0617689 -2.51501 0.0612244
-0.76 -2.63542 0.0633123 -2.72081 0.062773
-0.74 -2.81532 0.0638022 -2.90206 0.0631965
-0.72 -2.9724 0.0631667 -3.05475 0.0624595
-0.7 -3.1024 0.0613432 -3.1751 0.0605009
-0.68 -3.20118 0.0582797 -3.25968 0.0572725
-0.66 -3.26487 0.053937 -3.30546 0.0527404
-0.64 -3.28992 0.0482896 -3.30989 0.0468864
-0.62 -3.27324 0.0413276 -3.27096 0.0397086
-0.6 -3.21227 0.0330578 -3.18725 0.0312228
-0.58 -3.10508 0.0235046 -3.05802 0.0214913
-0.56 -2.95048 0.012711 -2.88318 0.0105164
-0.54 -2.74805 0.000738742 -2.66339 -0.0016091
-0.52 -2.49822 -0.0123311 -2.40004 -0.0147968
-0.5 -2.20232 -0.0263987 -2.09526 -0.0289407
-0.48 -1.86261 -0.0413458 -1.75191 -0.0439179
-0.46 -1.48224 -0.0570366 -1.37353 -0.0595902
-0.44 -1.06531 -0.073319 -0.96437 -0.075816
-0.42 -0.616732 -0.0900265 -0.529267 -0.092432
-0.4 -0.142267 -0.10698 -0.0736201 -0.109259
-0.38 0.351624 -0.123989 0.396694 -0.126114
-0.36 0.85786 -0.140858 0.875408 -0.14281
-0.34 1.36887 -0.157383 1.35596 -0.159169
-0.32 1.87671 -0.173361 1.8316 -0.179825
-0.3 2.37327 -0.188588 2.2955 -0.190048
-0.28 2.85037 -0.202867 2.74085 -0.204203
-0.26 3.29998 -0.216007 3.16099 -0.217249
-0.24 3.71435 -0.227828 3.54954 -0.229054
-0.22 4.08621 -0.238164 3.90049 -0.239432
-0.2 4.40892 -0.246868 4.20829 -0.248252
-0.18 4.67662 -0.25381 4.46798 -0.25539
-0.16 4.88434 -0.258883 4.6753 -0.260742
-0.14 5.02817 -0.262004 4.82671 -0.264226
-0.12 5.10528 -0.263117 4.91951 -0.265781
-0.1 5.11405 -0.26219 4.95186 -0.26537
-0.08 5.05407 -0.259219 4.92284 -0.26298
-0.06 4.92619 -0.254229 4.83246 -0.258623
-0.04 4.73245 -0.247271 4.68169 -0.252334
-0.02 4.47608 -0.238422 4.47239 -0.244174
0 4.16141 -0.227784 4.20735 -0.234196
0.02 3.79378 -0.215484 3.89021 -0.22258
0.04 3.37943 -0.201668 3.5254 -0.209412
0.06 2.92532 -0.186501 3.11806 -0.194826
0.08 2.43904 -0.170165 2.67399 -0.178969
0.1 1.92859 -0.152854 2.19951 -0.162065
0.12 1.40226 -0.134773 1.70136 -0.144282
0.14 0.868419 -0.11613 1.18662 -0.125827
0.16 0.335348 -0.0971408 0.662545 -0.106883
0.18 -0.188902 -0.0780167 0.136471 -0.0876807
0.2 -0.696681 -0.0589677 -0.384316 -0.0678794
0.22 -1.18087 -0.0401965 -0.8927 -0.0493213
0.24 -1.63502 -0.0218967 -1.38185 -0.030583
0.26 -2.05344 -0.00424975 -1.84532 -0.0123807
0.28 -2.43127 0.0125772 -2.27717 0.00507678
0.3 -2.76458 0.0284332 -2.67204 0.0216245
0.32 -3.05035 0.0431849 -3.02523 0.0371045
0.34 -3.28654 0.0567181 -3.33276 0.0465012
0.36 -3.47206 0.0689384 -3.59145 0.0594648
0.38 -3.60672 0.0797715 -3.79891 0.0758298
0.4 -3.69122 0.0891637 -3.9536 0.085817
0.42 -3.72706 0.097081 -4.05482 0.094235
0.44 -3.71648 0.103509 -4.10269 0.101077
0.46 -3.66237 0.108452 -4.09815 0.106163
0.48 -3.56815 0.111931 -4.04289 0.109678
0.5 -3.43769 0.113984 -3.93934 0.111591
0.52 -3.27522 0.114664 -3.79057 0.111916
0.54 -3.08518 0.114034 -3.60025 0.110726
0.56 -2.87215 0.11217 -3.37253 0.108097
0.58 -2.64076 0.109159 -3.112 0.104119
0.6 -2.39558 0.105091 -2.82357 0.0988983
0.62 -2.14104 0.100066 -2.5124 0.0925226
0.64 -1.88137 0.0941846 -2.18375 0.0851629
0.66 -1.62052 0.0875505 -1.84298 0.0773319
0.68 -1.36214 0.0802682 -1.49536 0.0679721
0.7 -1.1095 0.0724408 -1.14608 0.0584082
0.72 -0.865501 0.0641693 -0.800069 0.0483857
0.74 -0.632642 0.0555513 -0.462017 0.0380454
0.76 -0.413003 0.0466797 -0.136249 0.0275242
0.78 -0.208261 0.0376425 0.173306 0.0169484
0.8 -0.0196949 0.0285214 0.463167 0.00644187
0.82 0.151797 0.0193919 0.730335 -0.00387979
0.84 0.305673 0.0103225 0.972319 -0.0139495
0.86 0.441718 0.00137477 1.18715 -0.0235996
0.88 0.560017 -0.00739686 1.37338 -0.0327757
0.9 0.660913 -0.0159451 1.53011 -0.0414033
0.92 0.744979 -0.0242295 1.6569 -0.0494197
0.94 0.812978 -0.0322164 1.75385 -0.0567743
0.96 0.865827 -0.0398787 1.82148 -0.0412671
0.98 0.904566 -0.0471951 1.86075 -0.0693543
1 0.930322 -0.0541501 1.87298 -0.0745369
