------------- PART A1 -------------


Product QTQ - which should be identity
 1.0000000 -0.0000000  0.0000000  0.0000000  0.0000000 
-0.0000000  1.0000000 -0.0000000 -0.0000000  0.0000000 
 0.0000000 -0.0000000  1.0000000 -0.0000000  0.0000000 
 0.0000000 -0.0000000 -0.0000000  1.0000000 -0.0000000 
 0.0000000  0.0000000  0.0000000 -0.0000000  1.0000000 

R matrix - which should be upper-triangular
 1.6135554  1.4253598  1.6935292  1.2974810  1.1934988 
 0.0000000  1.4124576  1.2272457  1.2887502  0.8084701 
 0.0000000  0.0000000  0.6965611  0.2385700 -0.0336599 
 0.0000000  0.0000000  0.0000000  1.1105618  0.2348197 
 0.0000000  0.0000000  0.0000000  0.0000000  0.6275224 

Product QR - which of course should be equal to A
 0.0042111  0.5509830  0.3775849  0.9523625  0.8079325 
 0.7344525  0.3505346  0.6066017  0.9899327  0.3328548 
 0.4754580  0.9656654  0.6159873  0.5853189  0.3908014 
 0.8010517  0.3225282  0.3682067  0.5109740  0.4680327 
 0.0620117  0.4547235  0.7875868  0.8819010  0.2778601 
 0.0247667  0.5199056  0.5438613  0.5358143  0.4431984 
 0.7014729  0.5400254  0.9941814  0.0790579  0.4923879 
 0.8021139  0.8135104  0.8429226  0.4087156  0.8034431 
 0.1757774  0.8841736  0.7691085  0.7917647  0.4694925 
 0.1599099  0.5928164  0.7920207  0.5281166  0.1037904 

A matrix:
 0.0042111  0.5509830  0.3775849  0.9523625  0.8079325 
 0.7344525  0.3505346  0.6066017  0.9899327  0.3328548 
 0.4754580  0.9656654  0.6159873  0.5853189  0.3908014 
 0.8010517  0.3225282  0.3682067  0.5109740  0.4680327 
 0.0620117  0.4547235  0.7875868  0.8819010  0.2778601 
 0.0247667  0.5199056  0.5438613  0.5358143  0.4431984 
 0.7014729  0.5400254  0.9941814  0.0790579  0.4923879 
 0.8021139  0.8135104  0.8429226  0.4087156  0.8034431 
 0.1757774  0.8841736  0.7691085  0.7917647  0.4694925 
 0.1599099  0.5928164  0.7920207  0.5281166  0.1037904 

Running tests - with random m = [50, 99] and n = [m+1, m+50]:
Test 1 (size of A is 119 x 82):  	Success (code 0)
Test 2 (size of A is 100 x 67):  	Success (code 0)
Test 3 (size of A is 107 x 88):  	Success (code 0)
Test 4 (size of A is 94 x 73):  	Success (code 0)
Test 5 (size of A is 97 x 62):  	Success (code 0)
Test 6 (size of A is 128 x 88):  	Success (code 0)
Test 7 (size of A is 118 x 98):  	Success (code 0)
Test 8 (size of A is 111 x 72):  	Success (code 0)
Test 9 (size of A is 56 x 53):  	Success (code 0)
Test 10 (size of A is 90 x 79):  	Success (code 0)


------------- PART A2 -------------


Checking results of GS_solve for Ax=b - A is a new random matrix
Vector b is
 0.8082377  0.4354803  0.5620694  0.0950326  0.4458145  0.6654715  0.3390680  0.0523440  0.1293139  0.7758858 

QRx = Ax is
 0.8082377  0.4354803  0.5620694  0.0950326  0.4458145  0.6654715  0.3390680  0.0523440  0.1293139  0.7758858 

Running tests - with random n = [50, 200]:
Test 1 (size of A is 65 x 65):  	Success (code 0)
Test 2 (size of A is 102 x 102):  	Success (code 0)
Test 3 (size of A is 194 x 194):  	Success (code 0)
Test 4 (size of A is 105 x 105):  	Success (code 0)
Test 5 (size of A is 163 x 163):  	Success (code 0)
Test 6 (size of A is 163 x 163):  	Success (code 0)
Test 7 (size of A is 124 x 124):  	Success (code 0)
Test 8 (size of A is 70 x 70):  	Success (code 0)
Test 9 (size of A is 52 x 52):  	Success (code 0)
Test 10 (size of A is 117 x 117):  	Success (code 0)


------------- PART B  -------------


Checking results of GS_inverse - A is a new random matrix, B is computed inverse
AB =
 1.0000000 -0.0000000  0.0000000 -0.0000000 -0.0000000 -0.0000000 -0.0000000 -0.0000000  0.0000000 -0.0000000 
-0.0000000  1.0000000  0.0000000  0.0000000  0.0000000  0.0000000 -0.0000000  0.0000000  0.0000000  0.0000000 
 0.0000000  0.0000000  1.0000000  0.0000000  0.0000000  0.0000000  0.0000000  0.0000000 -0.0000000  0.0000000 
-0.0000000  0.0000000  0.0000000  1.0000000 -0.0000000  0.0000000 -0.0000000  0.0000000 -0.0000000 -0.0000000 
 0.0000000 -0.0000000  0.0000000 -0.0000000  1.0000000  0.0000000 -0.0000000  0.0000000  0.0000000  0.0000000 
-0.0000000  0.0000000  0.0000000  0.0000000 -0.0000000  1.0000000  0.0000000  0.0000000  0.0000000  0.0000000 
-0.0000000  0.0000000  0.0000000 -0.0000000  0.0000000 -0.0000000  1.0000000 -0.0000000  0.0000000 -0.0000000 
 0.0000000  0.0000000  0.0000000  0.0000000  0.0000000  0.0000000 -0.0000000  1.0000000 -0.0000000  0.0000000 
 0.0000000 -0.0000000 -0.0000000  0.0000000  0.0000000  0.0000000  0.0000000 -0.0000000  1.0000000  0.0000000 
-0.0000000  0.0000000 -0.0000000  0.0000000  0.0000000  0.0000000  0.0000000  0.0000000 -0.0000000  1.0000000 

BA = 
 1.0000000 -0.0000000 -0.0000000 -0.0000000 -0.0000000 -0.0000000 -0.0000000 -0.0000000 -0.0000000 -0.0000000 
 0.0000000  1.0000000  0.0000000  0.0000000  0.0000000  0.0000000  0.0000000 -0.0000000  0.0000000 -0.0000000 
-0.0000000 -0.0000000  1.0000000 -0.0000000 -0.0000000 -0.0000000 -0.0000000 -0.0000000 -0.0000000 -0.0000000 
-0.0000000 -0.0000000  0.0000000  1.0000000  0.0000000  0.0000000 -0.0000000 -0.0000000  0.0000000 -0.0000000 
-0.0000000 -0.0000000 -0.0000000 -0.0000000  1.0000000 -0.0000000 -0.0000000 -0.0000000 -0.0000000 -0.0000000 
 0.0000000  0.0000000  0.0000000  0.0000000  0.0000000  1.0000000  0.0000000  0.0000000  0.0000000  0.0000000 
 0.0000000  0.0000000  0.0000000  0.0000000  0.0000000  0.0000000  1.0000000  0.0000000  0.0000000  0.0000000 
-0.0000000 -0.0000000 -0.0000000 -0.0000000 -0.0000000 -0.0000000 -0.0000000  1.0000000 -0.0000000 -0.0000000 
-0.0000000 -0.0000000 -0.0000000 -0.0000000 -0.0000000 -0.0000000 -0.0000000 -0.0000000  1.0000000 -0.0000000 
 0.0000000  0.0000000  0.0000000  0.0000000  0.0000000  0.0000000  0.0000000  0.0000000  0.0000000  1.0000000 

Running tests - with random n = [50, 200]:
Test 1 (size of A is 189 x 189):  	Success (code 0)
Test 2 (size of A is 118 x 118):  	Success (code 0)
Test 3 (size of A is 147 x 147):  	Success (code 0)
Test 4 (size of A is 185 x 185):  	Success (code 0)
Test 5 (size of A is 91 x 91):  	Success (code 0)
Test 6 (size of A is 128 x 128):  	Success (code 0)
Test 7 (size of A is 109 x 109):  	Success (code 0)
Test 8 (size of A is 124 x 124):  	Success (code 0)
Test 9 (size of A is 91 x 91):  	Success (code 0)
Test 10 (size of A is 77 x 77):  	Success (code 0)


------------- PART C  -------------

Timing output sent to timing.out
