200 5 3
210 6 3
220 7 4
230 8 5
240 11 7
250 10 6
260 12 7
270 14 8
280 17 9
290 20 10
300 23 12
310 28 14
320 38 24
330 36 18
340 38 19
350 45 22
360 48 25
370 54 27
380 56 30
390 59 32
400 66 40
410 68 37
420 76 44
430 81 46
440 88 53
450 95 55
460 100 60
470 110 65
480 114 75
490 122 73
500 132 78
510 142 79
520 145 90
530 154 99
540 165 102
550 176 106
560 187 117
570 191 126
580 208 130
590 222 142
600 233 144
610 246 152
620 254 167
630 267 169
640 410 250
650 301 191
660 323 200
670 338 219
680 348 230
690 375 240
700 400 247
710 440 263
720 428 272
730 494 295
740 515 312
750 663 401
760 547 346
770 596 369
780 621 369
790 663 399
800 639 398
