#index 0 - best fit
0 142.404
0.016 142.014
0.032 141.625
0.048 141.237
0.064 140.851
0.08 140.465
0.096 140.08
0.112 139.697
0.128 139.314
0.144 138.933
0.16 138.552
0.176 138.173
0.192 137.795
0.208 137.417
0.224 137.041
0.24 136.666
0.256 136.291
0.272 135.918
0.288 135.546
0.304 135.175
0.32 134.805
0.336 134.436
0.352 134.067
0.368 133.7
0.384 133.334
0.4 132.969
0.416 132.605
0.432 132.242
0.448 131.88
0.464 131.519
0.48 131.159
0.496 130.799
0.512 130.441
0.528 130.084
0.544 129.728
0.56 129.373
0.576 129.018
0.592 128.665
0.608 128.313
0.624 127.961
0.64 127.611
0.656 127.261
0.672 126.913
0.688 126.565
0.704 126.219
0.72 125.873
0.736 125.529
0.752 125.185
0.768 124.842
0.784 124.5
0.8 124.159
0.816 123.819
0.832 123.48
0.848 123.142
0.864 122.805
0.88 122.469
0.896 122.133
0.912 121.799
0.928 121.465
0.944 121.133
0.96 120.801
0.976 120.47
0.992 120.14
1.008 119.811
1.024 119.483
1.04 119.156
1.056 118.83
1.072 118.504
1.088 118.18
1.104 117.856
1.12 117.534
1.136 117.212
1.152 116.891
1.168 116.571
1.184 116.251
1.2 115.933
1.216 115.616
1.232 115.299
1.248 114.983
1.264 114.668
1.28 114.354
1.296 114.041
1.312 113.729
1.328 113.418
1.344 113.107
1.36 112.797
1.376 112.488
1.392 112.18
1.408 111.873
1.424 111.567
1.44 111.261
1.456 110.957
1.472 110.653
1.488 110.35
1.504 110.048
1.52 109.746
1.536 109.446
1.552 109.146
1.568 108.847
1.584 108.549
1.6 108.252
1.616 107.956
1.632 107.66
1.648 107.365
1.664 107.071
1.68 106.778
1.696 106.486
1.712 106.194
1.728 105.903
1.744 105.613
1.76 105.324
1.776 105.036
1.792 104.748
1.808 104.461
1.824 104.175
1.84 103.89
1.856 103.605
1.872 103.322
1.888 103.039
1.904 102.757
1.92 102.475
1.936 102.195
1.952 101.915
1.968 101.636
1.984 101.357
2 101.08
2.016 100.803
2.032 100.527
2.048 100.252
2.064 99.9771
2.08 99.7034
2.096 99.4303
2.112 99.1581
2.128 98.8865
2.144 98.6158
2.16 98.3457
2.176 98.0764
2.192 97.8079
2.208 97.54
2.224 97.2729
2.24 97.0066
2.256 96.7409
2.272 96.476
2.288 96.2118
2.304 95.9484
2.32 95.6857
2.336 95.4236
2.352 95.1623
2.368 94.9018
2.384 94.6419
2.4 94.3827
2.416 94.1243
2.432 93.8665
2.448 93.6095
2.464 93.3532
2.48 93.0975
2.496 92.8426
2.512 92.5884
2.528 92.3348
2.544 92.082
2.56 91.8298
2.576 91.5784
2.592 91.3276
2.608 91.0775
2.624 90.8281
2.64 90.5794
2.656 90.3314
2.672 90.084
2.688 89.8373
2.704 89.5913
2.72 89.346
2.736 89.1014
2.752 88.8574
2.768 88.614
2.784 88.3714
2.8 88.1294
2.816 87.8881
2.832 87.6474
2.848 87.4074
2.864 87.1681
2.88 86.9294
2.896 86.6913
2.912 86.4539
2.928 86.2172
2.944 85.9811
2.96 85.7457
2.976 85.5109
2.992 85.2767
3.008 85.0432
3.024 84.8103
3.04 84.5781
3.056 84.3465
3.072 84.1155
3.088 83.8852
3.104 83.6555
3.12 83.4264
3.136 83.198
3.152 82.9701
3.168 82.7429
3.184 82.5164
3.2 82.2904
3.216 82.0651
3.232 81.8403
3.248 81.6162
3.264 81.3927
3.28 81.1699
3.296 80.9476
3.312 80.7259
3.328 80.5049
3.344 80.2844
3.36 80.0646
3.376 79.8454
3.392 79.6267
3.408 79.4087
3.424 79.1912
3.44 78.9744
3.456 78.7581
3.472 78.5425
3.488 78.3274
3.504 78.1129
3.52 77.899
3.536 77.6857
3.552 77.473
3.568 77.2608
3.584 77.0492
3.6 76.8383
3.616 76.6279
3.632 76.418
3.648 76.2088
3.664 76.0001
3.68 75.792
3.696 75.5844
3.712 75.3775
3.728 75.171
3.744 74.9652
3.76 74.7599
3.776 74.5552
3.792 74.3511
3.808 74.1475
3.824 73.9444
3.84 73.7419
3.856 73.54
3.872 73.3386
3.888 73.1378
3.904 72.9375
3.92 72.7378
3.936 72.5386
3.952 72.34
3.968 72.1419
3.984 71.9444
4 71.7474
4.016 71.5509
4.032 71.355
4.048 71.1596
4.064 70.9647
4.08 70.7704
4.096 70.5766
4.112 70.3833
4.128 70.1906
4.144 69.9984
4.16 69.8067
4.176 69.6156
4.192 69.4249
4.208 69.2348
4.224 69.0452
4.24 68.8562
4.256 68.6676
4.272 68.4796
4.288 68.2921
4.304 68.1051
4.32 67.9186
4.336 67.7326
4.352 67.5471
4.368 67.3622
4.384 67.1777
4.4 66.9937
4.416 66.8103
4.432 66.6273
4.448 66.4449
4.464 66.2629
4.48 66.0815
4.496 65.9005
4.512 65.7201
4.528 65.5401
4.544 65.3607
4.56 65.1817
4.576 65.0032
4.592 64.8252
4.608 64.6477
4.624 64.4707
4.64 64.2941
4.656 64.1181
4.672 63.9425
4.688 63.7674
4.704 63.5928
4.72 63.4186
4.736 63.245
4.752 63.0718
4.768 62.8991
4.784 62.7268
4.8 62.5551
4.816 62.3838
4.832 62.213
4.848 62.0426
4.864 61.8727
4.88 61.7033
4.896 61.5343
4.912 61.3658
4.928 61.1978
4.944 61.0302
4.96 60.8631
4.976 60.6964
4.992 60.5302
5.008 60.3645
5.024 60.1992
5.04 60.0343
5.056 59.8699
5.072 59.706
5.088 59.5425
5.104 59.3794
5.12 59.2168
5.136 59.0547
5.152 58.893
5.168 58.7317
5.184 58.5709
5.2 58.4105
5.216 58.2506
5.232 58.091
5.248 57.932
5.264 57.7733
5.28 57.6151
5.296 57.4574
5.312 57.3
5.328 57.1431
5.344 56.9866
5.36 56.8306
5.376 56.675
5.392 56.5198
5.408 56.365
5.424 56.2107
5.44 56.0567
5.456 55.9032
5.472 55.7502
5.488 55.5975
5.504 55.4453
5.52 55.2934
5.536 55.142
5.552 54.991
5.568 54.8404
5.584 54.6903
5.6 54.5405
5.616 54.3912
5.632 54.2422
5.648 54.0937
5.664 53.9456
5.68 53.7978
5.696 53.6505
5.712 53.5036
5.728 53.3571
5.744 53.211
5.76 53.0653
5.776 52.92
5.792 52.7751
5.808 52.6306
5.824 52.4864
5.84 52.3427
5.856 52.1994
5.872 52.0564
5.888 51.9139
5.904 51.7717
5.92 51.63
5.936 51.4886
5.952 51.3476
5.968 51.207
5.984 51.0668
6 50.9269
6.016 50.7875
6.032 50.6484
6.048 50.5097
6.064 50.3714
6.08 50.2335
6.096 50.0959
6.112 49.9587
6.128 49.8219
6.144 49.6855
6.16 49.5495
6.176 49.4138
6.192 49.2785
6.208 49.1435
6.224 49.009
6.24 48.8748
6.256 48.7409
6.272 48.6075
6.288 48.4744
6.304 48.3416
6.32 48.2092
6.336 48.0772
6.352 47.9456
6.368 47.8143
6.384 47.6834
6.4 47.5528
6.416 47.4226
6.432 47.2927
6.448 47.1632
6.464 47.0341
6.48 46.9053
6.496 46.7768
6.512 46.6487
6.528 46.521
6.544 46.3936
6.56 46.2666
6.576 46.1399
6.592 46.0135
6.608 45.8875
6.624 45.7619
6.64 45.6366
6.656 45.5116
6.672 45.387
6.688 45.2627
6.704 45.1387
6.72 45.0151
6.736 44.8919
6.752 44.7689
6.768 44.6464
6.784 44.5241
6.8 44.4022
6.816 44.2806
6.832 44.1593
6.848 44.0384
6.864 43.9178
6.88 43.7976
6.896 43.6776
6.912 43.558
6.928 43.4388
6.944 43.3198
6.96 43.2012
6.976 43.0829
6.992 42.9649
7.008 42.8473
7.024 42.7299
7.04 42.6129
7.056 42.4962
7.072 42.3799
7.088 42.2638
7.104 42.1481
7.12 42.0327
7.136 41.9176
7.152 41.8028
7.168 41.6883
7.184 41.5742
7.2 41.4603
7.216 41.3468
7.232 41.2336
7.248 41.1207
7.264 41.0081
7.28 40.8958
7.296 40.7838
7.312 40.6721
7.328 40.5607
7.344 40.4497
7.36 40.3389
7.376 40.2284
7.392 40.1183
7.408 40.0084
7.424 39.8989
7.44 39.7896
7.456 39.6806
7.472 39.572
7.488 39.4636
7.504 39.3556
7.52 39.2478
7.536 39.1403
7.552 39.0331
7.568 38.9263
7.584 38.8197
7.6 38.7134
7.616 38.6074
7.632 38.5016
7.648 38.3962
7.664 38.2911
7.68 38.1862
7.696 38.0817
7.712 37.9774
7.728 37.8734
7.744 37.7697
7.76 37.6662
7.776 37.5631
7.792 37.4602
7.808 37.3577
7.824 37.2554
7.84 37.1533
7.856 37.0516
7.872 36.9502
7.888 36.849
7.904 36.7481
7.92 36.6474
7.936 36.5471
7.952 36.447
7.968 36.3472
7.984 36.2477
8 36.1484
8.016 36.0494
8.032 35.9507
8.048 35.8523
8.064 35.7541
8.08 35.6562
8.096 35.5586
8.112 35.4612
8.128 35.3641
8.144 35.2672
8.16 35.1707
8.176 35.0744
8.192 34.9783
8.208 34.8825
8.224 34.787
8.24 34.6918
8.256 34.5968
8.272 34.502
8.288 34.4075
8.304 34.3133
8.32 34.2194
8.336 34.1257
8.352 34.0322
8.368 33.939
8.384 33.8461
8.4 33.7534
8.416 33.661
8.432 33.5688
8.448 33.4769
8.464 33.3852
8.48 33.2938
8.496 33.2026
8.512 33.1117
8.528 33.021
8.544 32.9306
8.56 32.8404
8.576 32.7505
8.592 32.6608
8.608 32.5714
8.624 32.4822
8.64 32.3933
8.656 32.3046
8.672 32.2161
8.688 32.1279
8.704 32.0399
8.72 31.9522
8.736 31.8647
8.752 31.7774
8.768 31.6904
8.784 31.6036
8.8 31.5171
8.816 31.4308
8.832 31.3447
8.848 31.2589
8.864 31.1733
8.88 31.0879
8.896 31.0028
8.912 30.9179
8.928 30.8332
8.944 30.7488
8.96 30.6646
8.976 30.5806
8.992 30.4969
9.008 30.4134
9.024 30.3301
9.04 30.247
9.056 30.1642
9.072 30.0816
9.088 29.9993
9.104 29.9171
9.12 29.8352
9.136 29.7535
9.152 29.672
9.168 29.5908
9.184 29.5097
9.2 29.4289
9.216 29.3483
9.232 29.268
9.248 29.1878
9.264 29.1079
9.28 29.0282
9.296 28.9487
9.312 28.8694
9.328 28.7904
9.344 28.7115
9.36 28.6329
9.376 28.5545
9.392 28.4763
9.408 28.3983
9.424 28.3206
9.44 28.243
9.456 28.1657
9.472 28.0886
9.488 28.0117
9.504 27.9349
9.52 27.8585
9.536 27.7822
9.552 27.7061
9.568 27.6302
9.584 27.5546
9.6 27.4791
9.616 27.4039
9.632 27.3288
9.648 27.254
9.664 27.1794
9.68 27.1049
9.696 27.0307
9.712 26.9567
9.728 26.8829
9.744 26.8093
9.76 26.7359
9.776 26.6626
9.792 26.5896
9.808 26.5168
9.824 26.4442
9.84 26.3718
9.856 26.2996
9.872 26.2276
9.888 26.1557
9.904 26.0841
9.92 26.0127
9.936 25.9415
9.952 25.8704
9.968 25.7996
9.984 25.7289
10 25.6585
10.016 25.5882
10.032 25.5182
10.048 25.4483
10.064 25.3786
10.08 25.3091
10.096 25.2398
10.112 25.1707
10.128 25.1018
10.144 25.033
10.16 24.9645
10.176 24.8961
10.192 24.8279
10.208 24.7599
10.224 24.6921
10.24 24.6245
10.256 24.5571
10.272 24.4899
10.288 24.4228
10.304 24.3559
10.32 24.2892
10.336 24.2227
10.352 24.1564
10.368 24.0902
10.384 24.0243
10.4 23.9585
10.416 23.8929
10.432 23.8275
10.448 23.7622
10.464 23.6971
10.48 23.6322
10.496 23.5675
10.512 23.503
10.528 23.4386
10.544 23.3745
10.56 23.3105
10.576 23.2466
10.592 23.183
10.608 23.1195
10.624 23.0562
10.64 22.993
10.656 22.9301
10.672 22.8673
10.688 22.8047
10.704 22.7422
10.72 22.6799
10.736 22.6178
10.752 22.5559
10.768 22.4941
10.784 22.4325
10.8 22.3711
10.816 22.3099
10.832 22.2488
10.848 22.1878
10.864 22.1271
10.88 22.0665
10.896 22.0061
10.912 21.9458
10.928 21.8857
10.944 21.8258
10.96 21.766
10.976 21.7064
10.992 21.647
11.008 21.5877
11.024 21.5286
11.04 21.4696
11.056 21.4108
11.072 21.3522
11.088 21.2937
11.104 21.2354
11.12 21.1773
11.136 21.1193
11.152 21.0615
11.168 21.0038
11.184 20.9463
11.2 20.8889
11.216 20.8317
11.232 20.7747
11.248 20.7178
11.264 20.6611
11.28 20.6045
11.296 20.5481
11.312 20.4918
11.328 20.4357
11.344 20.3797
11.36 20.3239
11.376 20.2683
11.392 20.2128
11.408 20.1574
11.424 20.1022
11.44 20.0472
11.456 19.9923
11.472 19.9375
11.488 19.8829
11.504 19.8285
11.52 19.7742
11.536 19.72
11.552 19.666
11.568 19.6122
11.584 19.5585
11.6 19.5049
11.616 19.4515
11.632 19.3983
11.648 19.3451
11.664 19.2922
11.68 19.2393
11.696 19.1867
11.712 19.1341
11.728 19.0817
11.744 19.0295
11.76 18.9774
11.776 18.9254
11.792 18.8736
11.808 18.8219
11.824 18.7703
11.84 18.7189
11.856 18.6677
11.872 18.6166
11.888 18.5656
11.904 18.5148
11.92 18.4641
11.936 18.4135
11.952 18.3631
11.968 18.3128
11.984 18.2626
12 18.2126
12.016 18.1628
12.032 18.113
12.048 18.0634
12.064 18.014
12.08 17.9646
12.096 17.9154
12.112 17.8664
12.128 17.8175
12.144 17.7687
12.16 17.72
12.176 17.6715
12.192 17.6231
12.208 17.5748
12.224 17.5267
12.24 17.4787
12.256 17.4309
12.272 17.3831
12.288 17.3355
12.304 17.2881
12.32 17.2407
12.336 17.1935
12.352 17.1464
12.368 17.0995
12.384 17.0527
12.4 17.006
12.416 16.9594
12.432 16.9129
12.448 16.8666
12.464 16.8205
12.48 16.7744
12.496 16.7285
12.512 16.6826
12.528 16.637
12.544 16.5914
12.56 16.546
12.576 16.5007
12.592 16.4555
12.608 16.4104
12.624 16.3655
12.64 16.3207
12.656 16.276
12.672 16.2314
12.688 16.187
12.704 16.1426
12.72 16.0984
12.736 16.0544
12.752 16.0104
12.768 15.9666
12.784 15.9228
12.8 15.8792
12.816 15.8357
12.832 15.7924
12.848 15.7491
12.864 15.706
12.88 15.663
12.896 15.6201
12.912 15.5773
12.928 15.5347
12.944 15.4921
12.96 15.4497
12.976 15.4074
12.992 15.3652
13.008 15.3232
13.024 15.2812
13.04 15.2393
13.056 15.1976
13.072 15.156
13.088 15.1145
13.104 15.0731
13.12 15.0318
13.136 14.9907
13.152 14.9496
13.168 14.9087
13.184 14.8679
13.2 14.8272
13.216 14.7866
13.232 14.7461
13.248 14.7057
13.264 14.6654
13.28 14.6253
13.296 14.5852
13.312 14.5453
13.328 14.5054
13.344 14.4657
13.36 14.4261
13.376 14.3866
13.392 14.3472
13.408 14.3079
13.424 14.2687
13.44 14.2297
13.456 14.1907
13.472 14.1518
13.488 14.1131
13.504 14.0744
13.52 14.0359
13.536 13.9975
13.552 13.9591
13.568 13.9209
13.584 13.8828
13.6 13.8448
13.616 13.8069
13.632 13.7691
13.648 13.7314
13.664 13.6938
13.68 13.6563
13.696 13.6189
13.712 13.5816
13.728 13.5444
13.744 13.5073
13.76 13.4703
13.776 13.4334
13.792 13.3966
13.808 13.36
13.824 13.3234
13.84 13.2869
13.856 13.2505
13.872 13.2142
13.888 13.178
13.904 13.1419
13.92 13.106
13.936 13.0701
13.952 13.0343
13.968 12.9986
13.984 12.963
14 12.9275
14.016 12.8921
14.032 12.8568
14.048 12.8216
14.064 12.7865
14.08 12.7515
14.096 12.7165
14.112 12.6817
14.128 12.647
14.144 12.6124
14.16 12.5778
14.176 12.5434
14.192 12.509
14.208 12.4748
14.224 12.4406
14.24 12.4066
14.256 12.3726
14.272 12.3387
14.288 12.3049
14.304 12.2712
14.32 12.2376
14.336 12.2041
14.352 12.1707
14.368 12.1374
14.384 12.1041
14.4 12.071
14.416 12.0379
14.432 12.005
14.448 11.9721
14.464 11.9393
14.48 11.9066
14.496 11.874
14.512 11.8415
14.528 11.8091
14.544 11.7767
14.56 11.7445
14.576 11.7123
14.592 11.6803
14.608 11.6483
14.624 11.6164
14.64 11.5846
14.656 11.5528
14.672 11.5212
14.688 11.4897
14.704 11.4582
14.72 11.4268
14.736 11.3955
14.752 11.3643
14.768 11.3332
14.784 11.3022
14.8 11.2712
14.816 11.2404
14.832 11.2096
14.848 11.1789
14.864 11.1483
14.88 11.1177
14.896 11.0873
14.912 11.0569
14.928 11.0267
14.944 10.9965
14.96 10.9664
14.976 10.9363
14.992 10.9064
15.008 10.8765
15.024 10.8467
15.04 10.817
15.056 10.7874
15.072 10.7579
15.088 10.7284
15.104 10.699
15.12 10.6697
15.136 10.6405
15.152 10.6114
15.168 10.5823
15.184 10.5534
15.2 10.5245
15.216 10.4956
15.232 10.4669
15.248 10.4382
15.264 10.4096
15.28 10.3811
15.296 10.3527
15.312 10.3244
15.328 10.2961
15.344 10.2679
15.36 10.2398
15.376 10.2117
15.392 10.1838
15.408 10.1559
15.424 10.1281
15.44 10.1004
15.456 10.0727
15.472 10.0451
15.488 10.0176
15.504 9.99017
15.52 9.96282
15.536 9.93554
15.552 9.90833
15.568 9.8812
15.584 9.85414
15.6 9.82716
15.616 9.80025
15.632 9.77341
15.648 9.74665
15.664 9.71996
15.68 9.69334
15.696 9.6668
15.712 9.64033
15.728 9.61393
15.744 9.5876
15.76 9.56135
15.776 9.53517
15.792 9.50906
15.808 9.48302
15.824 9.45705
15.84 9.43115
15.856 9.40533
15.872 9.37957
15.888 9.35389
15.904 9.32828
15.92 9.30273
15.936 9.27726
15.952 9.25185
15.968 9.22652
15.984 9.20125


#index 1 - fit + deltac
0 146.653
0.016 146.243
0.032 145.835
0.048 145.427
0.064 145.021
0.08 144.615
0.096 144.211
0.112 143.808
0.128 143.406
0.144 143.005
0.16 142.606
0.176 142.207
0.192 141.81
0.208 141.413
0.224 141.018
0.24 140.624
0.256 140.231
0.272 139.839
0.288 139.448
0.304 139.059
0.32 138.67
0.336 138.282
0.352 137.896
0.368 137.511
0.384 137.126
0.4 136.743
0.416 136.361
0.432 135.98
0.448 135.6
0.464 135.221
0.48 134.843
0.496 134.466
0.512 134.09
0.528 133.716
0.544 133.342
0.56 132.969
0.576 132.598
0.592 132.227
0.608 131.857
0.624 131.489
0.64 131.121
0.656 130.755
0.672 130.39
0.688 130.025
0.704 129.662
0.72 129.299
0.736 128.938
0.752 128.578
0.768 128.218
0.784 127.86
0.8 127.503
0.816 127.146
0.832 126.791
0.848 126.437
0.864 126.083
0.88 125.731
0.896 125.38
0.912 125.029
0.928 124.68
0.944 124.331
0.96 123.984
0.976 123.637
0.992 123.292
1.008 122.947
1.024 122.604
1.04 122.261
1.056 121.919
1.072 121.579
1.088 121.239
1.104 120.9
1.12 120.562
1.136 120.225
1.152 119.889
1.168 119.554
1.184 119.22
1.2 118.887
1.216 118.555
1.232 118.223
1.248 117.893
1.264 117.563
1.28 117.235
1.296 116.907
1.312 116.58
1.328 116.255
1.344 115.93
1.36 115.606
1.376 115.283
1.392 114.96
1.408 114.639
1.424 114.319
1.44 113.999
1.456 113.681
1.472 113.363
1.488 113.046
1.504 112.73
1.52 112.415
1.536 112.101
1.552 111.788
1.568 111.475
1.584 111.164
1.6 110.853
1.616 110.543
1.632 110.234
1.648 109.926
1.664 109.619
1.68 109.313
1.696 109.007
1.712 108.703
1.728 108.399
1.744 108.096
1.76 107.794
1.776 107.492
1.792 107.192
1.808 106.892
1.824 106.594
1.84 106.296
1.856 105.999
1.872 105.703
1.888 105.407
1.904 105.113
1.92 104.819
1.936 104.526
1.952 104.234
1.968 103.942
1.984 103.652
2 103.362
2.016 103.073
2.032 102.785
2.048 102.498
2.064 102.212
2.08 101.926
2.096 101.641
2.112 101.357
2.128 101.074
2.144 100.791
2.16 100.51
2.176 100.229
2.192 99.9486
2.208 99.6693
2.224 99.3907
2.24 99.113
2.256 98.836
2.272 98.5597
2.288 98.2843
2.304 98.0096
2.32 97.7357
2.336 97.4626
2.352 97.1902
2.368 96.9186
2.384 96.6477
2.4 96.3776
2.416 96.1082
2.432 95.8397
2.448 95.5718
2.464 95.3047
2.48 95.0384
2.496 94.7728
2.512 94.5079
2.528 94.2438
2.544 93.9804
2.56 93.7177
2.576 93.4558
2.592 93.1946
2.608 92.9342
2.624 92.6745
2.64 92.4155
2.656 92.1572
2.672 91.8996
2.688 91.6428
2.704 91.3867
2.72 91.1313
2.736 90.8766
2.752 90.6226
2.768 90.3693
2.784 90.1168
2.8 89.8649
2.816 89.6138
2.832 89.3633
2.848 89.1136
2.864 88.8645
2.88 88.6162
2.896 88.3685
2.912 88.1216
2.928 87.8753
2.944 87.6297
2.96 87.3848
2.976 87.1406
2.992 86.8971
3.008 86.6542
3.024 86.412
3.04 86.1705
3.056 85.9297
3.072 85.6896
3.088 85.4501
3.104 85.2113
3.12 84.9731
3.136 84.7356
3.152 84.4988
3.168 84.2627
3.184 84.0272
3.2 83.7924
3.216 83.5582
3.232 83.3247
3.248 83.0918
3.264 82.8596
3.28 82.628
3.296 82.3971
3.312 82.1668
3.328 81.9372
3.344 81.7082
3.36 81.4798
3.376 81.2521
3.392 81.025
3.408 80.7986
3.424 80.5728
3.44 80.3476
3.456 80.1231
3.472 79.8991
3.488 79.6758
3.504 79.4532
3.52 79.2311
3.536 79.0097
3.552 78.7889
3.568 78.5687
3.584 78.3491
3.6 78.1301
3.616 77.9118
3.632 77.694
3.648 77.4769
3.664 77.2604
3.68 77.0445
3.696 76.8291
3.712 76.6144
3.728 76.4003
3.744 76.1868
3.76 75.9739
3.776 75.7615
3.792 75.5498
3.808 75.3387
3.824 75.1281
3.84 74.9182
3.856 74.7088
3.872 74.5
3.888 74.2918
3.904 74.0842
3.92 73.8771
3.936 73.6706
3.952 73.4648
3.968 73.2594
3.984 73.0547
4 72.8505
4.016 72.6469
4.032 72.4439
4.048 72.2414
4.064 72.0396
4.08 71.8382
4.096 71.6375
4.112 71.4372
4.128 71.2376
4.144 71.0385
4.16 70.84
4.176 70.642
4.192 70.4446
4.208 70.2477
4.224 70.0514
4.24 69.8556
4.256 69.6604
4.272 69.4657
4.288 69.2716
4.304 69.078
4.32 68.8849
4.336 68.6924
4.352 68.5004
4.368 68.309
4.384 68.1181
4.4 67.9277
4.416 67.7379
4.432 67.5485
4.448 67.3598
4.464 67.1715
4.48 66.9838
4.496 66.7966
4.512 66.6099
4.528 66.4238
4.544 66.2381
4.56 66.053
4.576 65.8684
4.592 65.6843
4.608 65.5007
4.624 65.3177
4.64 65.1351
4.656 64.9531
4.672 64.7716
4.688 64.5906
4.704 64.4101
4.72 64.23
4.736 64.0505
4.752 63.8715
4.768 63.693
4.784 63.515
4.8 63.3375
4.816 63.1605
4.832 62.984
4.848 62.808
4.864 62.6324
4.88 62.4574
4.896 62.2828
4.912 62.1088
4.928 61.9352
4.944 61.7621
4.96 61.5895
4.976 61.4174
4.992 61.2457
5.008 61.0746
5.024 60.9039
5.04 60.7337
5.056 60.5639
5.072 60.3947
5.088 60.2259
5.104 60.0576
5.12 59.8897
5.136 59.7224
5.152 59.5554
5.168 59.389
5.184 59.223
5.2 59.0575
5.216 58.8925
5.232 58.7279
5.248 58.5638
5.264 58.4001
5.28 58.2369
5.296 58.0741
5.312 57.9118
5.328 57.75
5.344 57.5886
5.36 57.4276
5.376 57.2671
5.392 57.1071
5.408 56.9475
5.424 56.7883
5.44 56.6296
5.456 56.4714
5.472 56.3135
5.488 56.1562
5.504 55.9992
5.52 55.8427
5.536 55.6867
5.552 55.531
5.568 55.3758
5.584 55.2211
5.6 55.0667
5.616 54.9128
5.632 54.7594
5.648 54.6063
5.664 54.4537
5.68 54.3015
5.696 54.1498
5.712 53.9985
5.728 53.8475
5.744 53.6971
5.76 53.547
5.776 53.3973
5.792 53.2481
5.808 53.0993
5.824 52.9509
5.84 52.8029
5.856 52.6553
5.872 52.5082
5.888 52.3614
5.904 52.2151
5.92 52.0692
5.936 51.9237
5.952 51.7785
5.968 51.6338
5.984 51.4895
6 51.3456
6.016 51.2021
6.032 51.059
6.048 50.9163
6.064 50.774
6.08 50.6321
6.096 50.4906
6.112 50.3495
6.128 50.2088
6.144 50.0685
6.16 49.9286
6.176 49.789
6.192 49.6499
6.208 49.5111
6.224 49.3728
6.24 49.2348
6.256 49.0972
6.272 48.96
6.288 48.8231
6.304 48.6867
6.32 48.5506
6.336 48.4149
6.352 48.2796
6.368 48.1447
6.384 48.0102
6.4 47.876
6.416 47.7422
6.432 47.6088
6.448 47.4757
6.464 47.343
6.48 47.2107
6.496 47.0788
6.512 46.9472
6.528 46.816
6.544 46.6852
6.56 46.5547
6.576 46.4246
6.592 46.2948
6.608 46.1654
6.624 46.0364
6.64 45.9078
6.656 45.7795
6.672 45.6515
6.688 45.5239
6.704 45.3967
6.72 45.2698
6.736 45.1433
6.752 45.0172
6.768 44.8914
6.784 44.7659
6.8 44.6408
6.816 44.516
6.832 44.3916
6.848 44.2676
6.864 44.1438
6.88 44.0205
6.896 43.8974
6.912 43.7748
6.928 43.6524
6.944 43.5304
6.96 43.4088
6.976 43.2875
6.992 43.1665
7.008 43.0458
7.024 42.9255
7.04 42.8056
7.056 42.6859
7.072 42.5666
7.088 42.4477
7.104 42.3291
7.12 42.2108
7.136 42.0928
7.152 41.9752
7.168 41.8578
7.184 41.7409
7.2 41.6242
7.216 41.5079
7.232 41.3919
7.248 41.2762
7.264 41.1608
7.28 41.0458
7.296 40.9311
7.312 40.8167
7.328 40.7026
7.344 40.5889
7.36 40.4754
7.376 40.3623
7.392 40.2495
7.408 40.137
7.424 40.0249
7.44 39.913
7.456 39.8015
7.472 39.6902
7.488 39.5793
7.504 39.4687
7.52 39.3584
7.536 39.2484
7.552 39.1387
7.568 39.0293
7.584 38.9202
7.6 38.8115
7.616 38.703
7.632 38.5948
7.648 38.487
7.664 38.3794
7.68 38.2722
7.696 38.1652
7.712 38.0585
7.728 37.9522
7.744 37.8461
7.76 37.7403
7.776 37.6349
7.792 37.5297
7.808 37.4248
7.824 37.3202
7.84 37.2159
7.856 37.1119
7.872 37.0082
7.888 36.9048
7.904 36.8016
7.92 36.6988
7.936 36.5962
7.952 36.4939
7.968 36.3919
7.984 36.2902
8 36.1888
8.016 36.0877
8.032 35.9868
8.048 35.8862
8.064 35.786
8.08 35.6859
8.096 35.5862
8.112 35.4868
8.128 35.3876
8.144 35.2887
8.16 35.1901
8.176 35.0917
8.192 34.9936
8.208 34.8958
8.224 34.7983
8.24 34.7011
8.256 34.6041
8.272 34.5074
8.288 34.4109
8.304 34.3148
8.32 34.2189
8.336 34.1232
8.352 34.0279
8.368 33.9328
8.384 33.8379
8.4 33.7434
8.416 33.6491
8.432 33.555
8.448 33.4613
8.464 33.3677
8.48 33.2745
8.496 33.1815
8.512 33.0888
8.528 32.9963
8.544 32.9041
8.56 32.8121
8.576 32.7204
8.592 32.629
8.608 32.5378
8.624 32.4468
8.64 32.3562
8.656 32.2657
8.672 32.1756
8.688 32.0856
8.704 31.996
8.72 31.9065
8.736 31.8174
8.752 31.7285
8.768 31.6398
8.784 31.5514
8.8 31.4632
8.816 31.3753
8.832 31.2876
8.848 31.2001
8.864 31.1129
8.88 31.026
8.896 30.9393
8.912 30.8528
8.928 30.7666
8.944 30.6806
8.96 30.5948
8.976 30.5093
8.992 30.4241
9.008 30.3391
9.024 30.2543
9.04 30.1697
9.056 30.0854
9.072 30.0013
9.088 29.9175
9.104 29.8339
9.12 29.7505
9.136 29.6673
9.152 29.5844
9.168 29.5017
9.184 29.4193
9.2 29.3371
9.216 29.2551
9.232 29.1733
9.248 29.0918
9.264 29.0105
9.28 28.9294
9.296 28.8486
9.312 28.7679
9.328 28.6875
9.344 28.6074
9.36 28.5274
9.376 28.4477
9.392 28.3682
9.408 28.2889
9.424 28.2098
9.44 28.131
9.456 28.0524
9.472 27.974
9.488 27.8958
9.504 27.8178
9.52 27.7401
9.536 27.6626
9.552 27.5853
9.568 27.5082
9.584 27.4313
9.6 27.3546
9.616 27.2782
9.632 27.202
9.648 27.1259
9.664 27.0501
9.68 26.9745
9.696 26.8991
9.712 26.824
9.728 26.749
9.744 26.6742
9.76 26.5997
9.776 26.5254
9.792 26.4512
9.808 26.3773
9.824 26.3036
9.84 26.2301
9.856 26.1568
9.872 26.0837
9.888 26.0108
9.904 25.9381
9.92 25.8656
9.936 25.7933
9.952 25.7212
9.968 25.6493
9.984 25.5776
10 25.5062
10.016 25.4349
10.032 25.3638
10.048 25.2929
10.064 25.2222
10.08 25.1517
10.096 25.0814
10.112 25.0113
10.128 24.9414
10.144 24.8717
10.16 24.8022
10.176 24.7329
10.192 24.6638
10.208 24.5949
10.224 24.5261
10.24 24.4576
10.256 24.3892
10.272 24.3211
10.288 24.2531
10.304 24.1853
10.32 24.1177
10.336 24.0503
10.352 23.9831
10.368 23.9161
10.384 23.8492
10.4 23.7826
10.416 23.7161
10.432 23.6499
10.448 23.5838
10.464 23.5178
10.48 23.4521
10.496 23.3866
10.512 23.3212
10.528 23.256
10.544 23.191
10.56 23.1262
10.576 23.0616
10.592 22.9972
10.608 22.9329
10.624 22.8688
10.64 22.8049
10.656 22.7411
10.672 22.6776
10.688 22.6142
10.704 22.551
10.72 22.488
10.736 22.4251
10.752 22.3625
10.768 22.3
10.784 22.2376
10.8 22.1755
10.816 22.1135
10.832 22.0517
10.848 21.9901
10.864 21.9286
10.88 21.8674
10.896 21.8062
10.912 21.7453
10.928 21.6845
10.944 21.6239
10.96 21.5635
10.976 21.5032
10.992 21.4431
11.008 21.3832
11.024 21.3234
11.04 21.2639
11.056 21.2044
11.072 21.1452
11.088 21.0861
11.104 21.0271
11.12 20.9684
11.136 20.9098
11.152 20.8513
11.168 20.7931
11.184 20.735
11.2 20.677
11.216 20.6192
11.232 20.5616
11.248 20.5041
11.264 20.4468
11.28 20.3897
11.296 20.3327
11.312 20.2759
11.328 20.2192
11.344 20.1627
11.36 20.1064
11.376 20.0502
11.392 19.9941
11.408 19.9382
11.424 19.8825
11.44 19.827
11.456 19.7715
11.472 19.7163
11.488 19.6612
11.504 19.6062
11.52 19.5514
11.536 19.4968
11.552 19.4423
11.568 19.388
11.584 19.3338
11.6 19.2798
11.616 19.2259
11.632 19.1722
11.648 19.1186
11.664 19.0651
11.68 19.0119
11.696 18.9587
11.712 18.9057
11.728 18.8529
11.744 18.8002
11.76 18.7477
11.776 18.6953
11.792 18.643
11.808 18.5909
11.824 18.539
11.84 18.4872
11.856 18.4355
11.872 18.384
11.888 18.3326
11.904 18.2814
11.92 18.2303
11.936 18.1793
11.952 18.1285
11.968 18.0778
11.984 18.0273
12 17.9769
12.016 17.9267
12.032 17.8766
12.048 17.8266
12.064 17.7768
12.08 17.7271
12.096 17.6776
12.112 17.6282
12.128 17.5789
12.144 17.5298
12.16 17.4808
12.176 17.432
12.192 17.3832
12.208 17.3347
12.224 17.2862
12.24 17.2379
12.256 17.1897
12.272 17.1417
12.288 17.0938
12.304 17.046
12.32 16.9984
12.336 16.9509
12.352 16.9035
12.368 16.8562
12.384 16.8091
12.4 16.7622
12.416 16.7153
12.432 16.6686
12.448 16.622
12.464 16.5756
12.48 16.5292
12.496 16.483
12.512 16.437
12.528 16.391
12.544 16.3452
12.56 16.2996
12.576 16.254
12.592 16.2086
12.608 16.1633
12.624 16.1181
12.64 16.0731
12.656 16.0281
12.672 15.9833
12.688 15.9387
12.704 15.8941
12.72 15.8497
12.736 15.8054
12.752 15.7612
12.768 15.7172
12.784 15.6733
12.8 15.6295
12.816 15.5858
12.832 15.5422
12.848 15.4988
12.864 15.4555
12.88 15.4123
12.896 15.3692
12.912 15.3263
12.928 15.2834
12.944 15.2407
12.96 15.1981
12.976 15.1556
12.992 15.1133
13.008 15.0711
13.024 15.0289
13.04 14.9869
13.056 14.945
13.072 14.9033
13.088 14.8616
13.104 14.8201
13.12 14.7787
13.136 14.7374
13.152 14.6962
13.168 14.6551
13.184 14.6142
13.2 14.5733
13.216 14.5326
13.232 14.492
13.248 14.4515
13.264 14.4111
13.28 14.3708
13.296 14.3306
13.312 14.2906
13.328 14.2507
13.344 14.2108
13.36 14.1711
13.376 14.1315
13.392 14.092
13.408 14.0526
13.424 14.0134
13.44 13.9742
13.456 13.9351
13.472 13.8962
13.488 13.8574
13.504 13.8186
13.52 13.78
13.536 13.7415
13.552 13.7031
13.568 13.6648
13.584 13.6266
13.6 13.5885
13.616 13.5506
13.632 13.5127
13.648 13.4749
13.664 13.4373
13.68 13.3997
13.696 13.3623
13.712 13.3249
13.728 13.2877
13.744 13.2505
13.76 13.2135
13.776 13.1766
13.792 13.1398
13.808 13.103
13.824 13.0664
13.84 13.0299
13.856 12.9935
13.872 12.9572
13.888 12.921
13.904 12.8848
13.92 12.8488
13.936 12.8129
13.952 12.7771
13.968 12.7414
13.984 12.7058
14 12.6703
14.016 12.6349
14.032 12.5996
14.048 12.5644
14.064 12.5292
14.08 12.4942
14.096 12.4593
14.112 12.4245
14.128 12.3898
14.144 12.3551
14.16 12.3206
14.176 12.2862
14.192 12.2518
14.208 12.2176
14.224 12.1835
14.24 12.1494
14.256 12.1155
14.272 12.0816
14.288 12.0478
14.304 12.0142
14.32 11.9806
14.336 11.9471
14.352 11.9137
14.368 11.8804
14.384 11.8472
14.4 11.8141
14.416 11.7811
14.432 11.7482
14.448 11.7153
14.464 11.6826
14.48 11.6499
14.496 11.6174
14.512 11.5849
14.528 11.5525
14.544 11.5203
14.56 11.4881
14.576 11.4559
14.592 11.4239
14.608 11.392
14.624 11.3602
14.64 11.3284
14.656 11.2968
14.672 11.2652
14.688 11.2337
14.704 11.2023
14.72 11.171
14.736 11.1398
14.752 11.1087
14.768 11.0776
14.784 11.0466
14.8 11.0158
14.816 10.985
14.832 10.9543
14.848 10.9237
14.864 10.8931
14.88 10.8627
14.896 10.8323
14.912 10.8021
14.928 10.7719
14.944 10.7418
14.96 10.7118
14.976 10.6818
14.992 10.652
15.008 10.6222
15.024 10.5925
15.04 10.5629
15.056 10.5334
15.072 10.5039
15.088 10.4746
15.104 10.4453
15.12 10.4161
15.136 10.387
15.152 10.358
15.168 10.329
15.184 10.3002
15.2 10.2714
15.216 10.2427
15.232 10.2141
15.248 10.1855
15.264 10.157
15.28 10.1287
15.296 10.1004
15.312 10.0721
15.328 10.044
15.344 10.0159
15.36 9.98791
15.376 9.96
15.392 9.93217
15.408 9.90441
15.424 9.87673
15.44 9.84913
15.456 9.8216
15.472 9.79415
15.488 9.76678
15.504 9.73948
15.52 9.71226
15.536 9.68512
15.552 9.65805
15.568 9.63106
15.584 9.60415
15.6 9.57731
15.616 9.55054
15.632 9.52385
15.648 9.49723
15.664 9.47069
15.68 9.44422
15.696 9.41783
15.712 9.39151
15.728 9.36526
15.744 9.33909
15.76 9.31299
15.776 9.28696
15.792 9.26101
15.808 9.23512
15.824 9.20931
15.84 9.18358
15.856 9.15791
15.872 9.13232
15.888 9.10679
15.904 9.08134
15.92 9.05596
15.936 9.03065
15.952 9.00542
15.968 8.98025
15.984 8.95515


#index 2 - fit - deltac
0 138.155
0.016 137.785
0.032 137.415
0.048 137.047
0.064 136.679
0.08 136.312
0.096 135.947
0.112 135.582
0.128 135.219
0.144 134.856
0.16 134.494
0.176 134.134
0.192 133.774
0.208 133.415
0.224 133.057
0.24 132.7
0.256 132.345
0.272 131.99
0.288 131.636
0.304 131.283
0.32 130.931
0.336 130.579
0.352 130.229
0.368 129.88
0.384 129.532
0.4 129.184
0.416 128.838
0.432 128.492
0.448 128.148
0.464 127.804
0.48 127.461
0.496 127.119
0.512 126.778
0.528 126.438
0.544 126.099
0.56 125.761
0.576 125.424
0.592 125.087
0.608 124.752
0.624 124.417
0.64 124.084
0.656 123.751
0.672 123.419
0.688 123.088
0.704 122.758
0.72 122.429
0.736 122.1
0.752 121.773
0.768 121.446
0.784 121.121
0.8 120.796
0.816 120.472
0.832 120.149
0.848 119.827
0.864 119.505
0.88 119.185
0.896 118.865
0.912 118.546
0.928 118.228
0.944 117.911
0.96 117.595
0.976 117.28
0.992 116.965
1.008 116.651
1.024 116.339
1.04 116.027
1.056 115.715
1.072 115.405
1.088 115.096
1.104 114.787
1.12 114.479
1.136 114.172
1.152 113.866
1.168 113.56
1.184 113.256
1.2 112.952
1.216 112.649
1.232 112.347
1.248 112.046
1.264 111.745
1.28 111.446
1.296 111.147
1.312 110.849
1.328 110.551
1.344 110.255
1.36 109.959
1.376 109.664
1.392 109.37
1.408 109.077
1.424 108.784
1.44 108.493
1.456 108.202
1.472 107.911
1.488 107.622
1.504 107.333
1.52 107.046
1.536 106.758
1.552 106.472
1.568 106.187
1.584 105.902
1.6 105.618
1.616 105.335
1.632 105.052
1.648 104.77
1.664 104.489
1.68 104.209
1.696 103.93
1.712 103.651
1.728 103.373
1.744 103.096
1.76 102.819
1.776 102.543
1.792 102.268
1.808 101.994
1.824 101.721
1.84 101.448
1.856 101.176
1.872 100.904
1.888 100.634
1.904 100.364
1.92 100.095
1.936 99.8262
1.952 99.5585
1.968 99.2915
1.984 99.0252
2 98.7597
2.016 98.4948
2.032 98.2306
2.048 97.9672
2.064 97.7045
2.08 97.4424
2.096 97.1811
2.112 96.9205
2.128 96.6605
2.144 96.4013
2.16 96.1428
2.176 95.8849
2.192 95.6278
2.208 95.3713
2.224 95.1155
2.24 94.8604
2.256 94.606
2.272 94.3523
2.288 94.0993
2.304 93.8469
2.32 93.5952
2.336 93.3442
2.352 93.0938
2.368 92.8442
2.384 92.5952
2.4 92.3468
2.416 92.0992
2.432 91.8522
2.448 91.6058
2.464 91.3602
2.48 91.1151
2.496 90.8708
2.512 90.6271
2.528 90.384
2.544 90.1416
2.56 89.8999
2.576 89.6588
2.592 89.4183
2.608 89.1785
2.624 88.9393
2.64 88.7008
2.656 88.4629
2.672 88.2257
2.688 87.9891
2.704 87.7531
2.72 87.5177
2.736 87.283
2.752 87.0489
2.768 86.8155
2.784 86.5827
2.8 86.3505
2.816 86.1189
2.832 85.8879
2.848 85.6576
2.864 85.4278
2.88 85.1987
2.896 84.9702
2.912 84.7424
2.928 84.5151
2.944 84.2884
2.96 84.0624
2.976 83.8369
2.992 83.6121
3.008 83.3878
3.024 83.1642
3.04 82.9412
3.056 82.7187
3.072 82.4969
3.088 82.2756
3.104 82.055
3.12 81.8349
3.136 81.6154
3.152 81.3966
3.168 81.1783
3.184 80.9605
3.2 80.7434
3.216 80.5269
3.232 80.3109
3.248 80.0955
3.264 79.8807
3.28 79.6665
3.296 79.4528
3.312 79.2397
3.328 79.0272
3.344 78.8153
3.36 78.6039
3.376 78.3931
3.392 78.1829
3.408 77.9732
3.424 77.7641
3.44 77.5555
3.456 77.3475
3.472 77.1401
3.488 76.9332
3.504 76.7269
3.52 76.5211
3.536 76.3159
3.552 76.1112
3.568 75.9071
3.584 75.7035
3.6 75.5005
3.616 75.298
3.632 75.096
3.648 74.8946
3.664 74.6938
3.68 74.4935
3.696 74.2937
3.712 74.0944
3.728 73.8957
3.744 73.6975
3.76 73.4999
3.776 73.3028
3.792 73.1062
3.808 72.9101
3.824 72.7146
3.84 72.5196
3.856 72.3251
3.872 72.1311
3.888 71.9377
3.904 71.7447
3.92 71.5523
3.936 71.3604
3.952 71.169
3.968 70.9782
3.984 70.7878
4 70.598
4.016 70.4086
4.032 70.2198
4.048 70.0315
4.064 69.8437
4.08 69.6563
4.096 69.4695
4.112 69.2832
4.128 69.0974
4.144 68.9121
4.16 68.7273
4.176 68.543
4.192 68.3591
4.208 68.1758
4.224 67.993
4.24 67.8106
4.256 67.6288
4.272 67.4474
4.288 67.2665
4.304 67.0861
4.32 66.9062
4.336 66.7267
4.352 66.5478
4.368 66.3693
4.384 66.1913
4.4 66.0138
4.416 65.8368
4.432 65.6602
4.448 65.4841
4.464 65.3085
4.48 65.1333
4.496 64.9586
4.512 64.7844
4.528 64.6107
4.544 64.4374
4.56 64.2646
4.576 64.0922
4.592 63.9203
4.608 63.7489
4.624 63.578
4.64 63.4074
4.656 63.2374
4.672 63.0678
4.688 62.8987
4.704 62.73
4.72 62.5617
4.736 62.3939
4.752 62.2266
4.768 62.0597
4.784 61.8933
4.8 61.7273
4.816 61.5617
4.832 61.3966
4.848 61.232
4.864 61.0678
4.88 60.904
4.896 60.7407
4.912 60.5778
4.928 60.4153
4.944 60.2533
4.96 60.0917
4.976 59.9305
4.992 59.7698
5.008 59.6095
5.024 59.4496
5.04 59.2902
5.056 59.1312
5.072 58.9726
5.088 58.8144
5.104 58.6567
5.12 58.4994
5.136 58.3425
5.152 58.186
5.168 58.03
5.184 57.8743
5.2 57.7191
5.216 57.5643
5.232 57.41
5.248 57.256
5.264 57.1024
5.28 56.9493
5.296 56.7966
5.312 56.6442
5.328 56.4923
5.344 56.3408
5.36 56.1897
5.376 56.039
5.392 55.8887
5.408 55.7388
5.424 55.5894
5.44 55.4403
5.456 55.2916
5.472 55.1433
5.488 54.9954
5.504 54.8479
5.52 54.7008
5.536 54.5541
5.552 54.4078
5.568 54.2619
5.584 54.1164
5.6 53.9712
5.616 53.8265
5.632 53.6821
5.648 53.5382
5.664 53.3946
5.68 53.2514
5.696 53.1086
5.712 52.9661
5.728 52.8241
5.744 52.6824
5.76 52.5411
5.776 52.4002
5.792 52.2597
5.808 52.1195
5.824 51.9797
5.84 51.8403
5.856 51.7013
5.872 51.5627
5.888 51.4244
5.904 51.2864
5.92 51.1489
5.936 51.0117
5.952 50.8749
5.968 50.7385
5.984 50.6024
6 50.4667
6.016 50.3313
6.032 50.1964
6.048 50.0617
6.064 49.9275
6.08 49.7936
6.096 49.66
6.112 49.5269
6.128 49.394
6.144 49.2616
6.16 49.1294
6.176 48.9977
6.192 48.8663
6.208 48.7352
6.224 48.6045
6.24 48.4742
6.256 48.3442
6.272 48.2145
6.288 48.0852
6.304 47.9562
6.32 47.8276
6.336 47.6994
6.352 47.5714
6.368 47.4439
6.384 47.3166
6.4 47.1897
6.416 47.0632
6.432 46.9369
6.448 46.8111
6.464 46.6855
6.48 46.5603
6.496 46.4354
6.512 46.3109
6.528 46.1867
6.544 46.0628
6.56 45.9393
6.576 45.8161
6.592 45.6932
6.608 45.5707
6.624 45.4485
6.64 45.3266
6.656 45.205
6.672 45.0838
6.688 44.9629
6.704 44.8423
6.72 44.722
6.736 44.6021
6.752 44.4825
6.768 44.3632
6.784 44.2442
6.8 44.1255
6.816 44.0072
6.832 43.8892
6.848 43.7715
6.864 43.6541
6.88 43.537
6.896 43.4202
6.912 43.3038
6.928 43.1876
6.944 43.0718
6.96 42.9563
6.976 42.8411
6.992 42.7262
7.008 42.6116
7.024 42.4973
7.04 42.3834
7.056 42.2697
7.072 42.1563
7.088 42.0433
7.104 41.9305
7.12 41.8181
7.136 41.7059
7.152 41.5941
7.168 41.4825
7.184 41.3713
7.2 41.2603
7.216 41.1496
7.232 41.0393
7.248 40.9292
7.264 40.8195
7.28 40.71
7.296 40.6008
7.312 40.4919
7.328 40.3833
7.344 40.275
7.36 40.167
7.376 40.0593
7.392 39.9518
7.408 39.8447
7.424 39.7378
7.44 39.6313
7.456 39.525
7.472 39.419
7.488 39.3133
7.504 39.2078
7.52 39.1027
7.536 38.9978
7.552 38.8932
7.568 38.7889
7.584 38.6849
7.6 38.5811
7.616 38.4777
7.632 38.3745
7.648 38.2716
7.664 38.1689
7.68 38.0665
7.696 37.9645
7.712 37.8626
7.728 37.7611
7.744 37.6598
7.76 37.5588
7.776 37.4581
7.792 37.3576
7.808 37.2574
7.824 37.1575
7.84 37.0579
7.856 36.9585
7.872 36.8594
7.888 36.7605
7.904 36.6619
7.92 36.5636
7.936 36.4655
7.952 36.3677
7.968 36.2702
7.984 36.1729
8 36.0759
8.016 35.9792
8.032 35.8827
8.048 35.7864
8.064 35.6905
8.08 35.5948
8.096 35.4993
8.112 35.4041
8.128 35.3091
8.144 35.2144
8.16 35.12
8.176 35.0258
8.192 34.9319
8.208 34.8382
8.224 34.7448
8.24 34.6516
8.256 34.5586
8.272 34.466
8.288 34.3735
8.304 34.2813
8.32 34.1894
8.336 34.0977
8.352 34.0063
8.368 33.9151
8.384 33.8241
8.4 33.7334
8.416 33.6429
8.432 33.5527
8.448 33.4627
8.464 33.373
8.48 33.2835
8.496 33.1942
8.512 33.1052
8.528 33.0164
8.544 32.9278
8.56 32.8395
8.576 32.7515
8.592 32.6636
8.608 32.576
8.624 32.4887
8.64 32.4015
8.656 32.3146
8.672 32.228
8.688 32.1415
8.704 32.0553
8.72 31.9694
8.736 31.8836
8.752 31.7981
8.768 31.7128
8.784 31.6278
8.8 31.543
8.816 31.4584
8.832 31.374
8.848 31.2899
8.864 31.2059
8.88 31.1223
8.896 31.0388
8.912 30.9555
8.928 30.8725
8.944 30.7897
8.96 30.7072
8.976 30.6248
8.992 30.5427
9.008 30.4608
9.024 30.3791
9.04 30.2976
9.056 30.2163
9.072 30.1353
9.088 30.0545
9.104 29.9739
9.12 29.8935
9.136 29.8133
9.152 29.7334
9.168 29.6536
9.184 29.5741
9.2 29.4948
9.216 29.4157
9.232 29.3368
9.248 29.2581
9.264 29.1796
9.28 29.1014
9.296 29.0233
9.312 28.9455
9.328 28.8679
9.344 28.7904
9.36 28.7132
9.376 28.6362
9.392 28.5594
9.408 28.4828
9.424 28.4064
9.44 28.3303
9.456 28.2543
9.472 28.1785
9.488 28.1029
9.504 28.0276
9.52 27.9524
9.536 27.8774
9.552 27.8027
9.568 27.7281
9.584 27.6537
9.6 27.5796
9.616 27.5056
9.632 27.4318
9.648 27.3583
9.664 27.2849
9.68 27.2117
9.696 27.1387
9.712 27.066
9.728 26.9934
9.744 26.921
9.76 26.8488
9.776 26.7768
9.792 26.705
9.808 26.6333
9.824 26.5619
9.84 26.4907
9.856 26.4196
9.872 26.3488
9.888 26.2781
9.904 26.2076
9.92 26.1374
9.936 26.0673
9.952 25.9973
9.968 25.9276
9.984 25.8581
10 25.7887
10.016 25.7196
10.032 25.6506
10.048 25.5818
10.064 25.5132
10.08 25.4448
10.096 25.3765
10.112 25.3085
10.128 25.2406
10.144 25.1729
10.16 25.1054
10.176 25.0381
10.192 24.9709
10.208 24.904
10.224 24.8372
10.24 24.7705
10.256 24.7041
10.272 24.6379
10.288 24.5718
10.304 24.5059
10.32 24.4402
10.336 24.3746
10.352 24.3092
10.368 24.2441
10.384 24.179
10.4 24.1142
10.416 24.0495
10.432 23.985
10.448 23.9207
10.464 23.8565
10.48 23.7926
10.496 23.7288
10.512 23.6651
10.528 23.6016
10.544 23.5383
10.56 23.4752
10.576 23.4123
10.592 23.3495
10.608 23.2869
10.624 23.2244
10.64 23.1621
10.656 23.1
10.672 23.038
10.688 22.9763
10.704 22.9146
10.72 22.8532
10.736 22.7919
10.752 22.7308
10.768 22.6698
10.784 22.609
10.8 22.5484
10.816 22.4879
10.832 22.4276
10.848 22.3674
10.864 22.3075
10.88 22.2476
10.896 22.188
10.912 22.1285
10.928 22.0691
10.944 22.0099
10.96 21.9509
10.976 21.892
10.992 21.8333
11.008 21.7748
11.024 21.7164
11.04 21.6581
11.056 21.6
11.072 21.5421
11.088 21.4843
11.104 21.4267
11.12 21.3692
11.136 21.3119
11.152 21.2548
11.168 21.1978
11.184 21.1409
11.2 21.0842
11.216 21.0277
11.232 20.9713
11.248 20.915
11.264 20.859
11.28 20.803
11.296 20.7472
11.312 20.6916
11.328 20.6361
11.344 20.5807
11.36 20.5255
11.376 20.4705
11.392 20.4156
11.408 20.3608
11.424 20.3062
11.44 20.2518
11.456 20.1975
11.472 20.1433
11.488 20.0893
11.504 20.0354
11.52 19.9817
11.536 19.9281
11.552 19.8746
11.568 19.8213
11.584 19.7682
11.6 19.7152
11.616 19.6623
11.632 19.6096
11.648 19.557
11.664 19.5045
11.68 19.4522
11.696 19.4
11.712 19.348
11.728 19.2961
11.744 19.2444
11.76 19.1928
11.776 19.1413
11.792 19.0899
11.808 19.0387
11.824 18.9877
11.84 18.9368
11.856 18.886
11.872 18.8353
11.888 18.7848
11.904 18.7344
11.92 18.6842
11.936 18.6341
11.952 18.5841
11.968 18.5343
11.984 18.4846
12 18.435
12.016 18.3855
12.032 18.3362
12.048 18.2871
12.064 18.238
12.08 18.1891
12.096 18.1403
12.112 18.0917
12.128 18.0432
12.144 17.9948
12.16 17.9465
12.176 17.8984
12.192 17.8504
12.208 17.8025
12.224 17.7548
12.24 17.7071
12.256 17.6596
12.272 17.6123
12.288 17.5651
12.304 17.5179
12.32 17.471
12.336 17.4241
12.352 17.3774
12.368 17.3308
12.384 17.2843
12.4 17.2379
12.416 17.1917
12.432 17.1456
12.448 17.0996
12.464 17.0538
12.48 17.008
12.496 16.9624
12.512 16.9169
12.528 16.8715
12.544 16.8263
12.56 16.7812
12.576 16.7362
12.592 16.6913
12.608 16.6465
12.624 16.6019
12.64 16.5573
12.656 16.5129
12.672 16.4687
12.688 16.4245
12.704 16.3804
12.72 16.3365
12.736 16.2927
12.752 16.249
12.768 16.2054
12.784 16.162
12.8 16.1186
12.816 16.0754
12.832 16.0323
12.848 15.9893
12.864 15.9464
12.88 15.9036
12.896 15.861
12.912 15.8184
12.928 15.776
12.944 15.7337
12.96 15.6915
12.976 15.6494
12.992 15.6075
13.008 15.5656
13.024 15.5239
13.04 15.4822
13.056 15.4407
13.072 15.3993
13.088 15.358
13.104 15.3168
13.12 15.2757
13.136 15.2348
13.152 15.1939
13.168 15.1532
13.184 15.1125
13.2 15.072
13.216 15.0316
13.232 14.9912
13.248 14.951
13.264 14.9109
13.28 14.871
13.296 14.8311
13.312 14.7913
13.328 14.7516
13.344 14.7121
13.36 14.6726
13.376 14.6333
13.392 14.594
13.408 14.5549
13.424 14.5158
13.44 14.4769
13.456 14.4381
13.472 14.3994
13.488 14.3607
13.504 14.3222
13.52 14.2838
13.536 14.2455
13.552 14.2073
13.568 14.1692
13.584 14.1312
13.6 14.0933
13.616 14.0555
13.632 14.0178
13.648 13.9802
13.664 13.9427
13.68 13.9053
13.696 13.868
13.712 13.8308
13.728 13.7938
13.744 13.7568
13.76 13.7199
13.776 13.6831
13.792 13.6464
13.808 13.6098
13.824 13.5733
13.84 13.5369
13.856 13.5006
13.872 13.4644
13.888 13.4283
13.904 13.3922
13.92 13.3563
13.936 13.3205
13.952 13.2848
13.968 13.2491
13.984 13.2136
14 13.1782
14.016 13.1428
14.032 13.1076
14.048 13.0724
14.064 13.0374
14.08 13.0024
14.096 12.9675
14.112 12.9328
14.128 12.8981
14.144 12.8635
14.16 12.829
14.176 12.7946
14.192 12.7603
14.208 12.726
14.224 12.6919
14.24 12.6579
14.256 12.6239
14.272 12.5901
14.288 12.5563
14.304 12.5226
14.32 12.4891
14.336 12.4556
14.352 12.4222
14.368 12.3888
14.384 12.3556
14.4 12.3225
14.416 12.2894
14.432 12.2565
14.448 12.2236
14.464 12.1908
14.48 12.1581
14.496 12.1255
14.512 12.093
14.528 12.0606
14.544 12.0282
14.56 11.996
14.576 11.9638
14.592 11.9317
14.608 11.8997
14.624 11.8678
14.64 11.836
14.656 11.8042
14.672 11.7726
14.688 11.741
14.704 11.7095
14.72 11.6781
14.736 11.6468
14.752 11.6155
14.768 11.5844
14.784 11.5533
14.8 11.5223
14.816 11.4914
14.832 11.4606
14.848 11.4299
14.864 11.3992
14.88 11.3687
14.896 11.3382
14.912 11.3078
14.928 11.2774
14.944 11.2472
14.96 11.217
14.976 11.1869
14.992 11.1569
15.008 11.127
15.024 11.0972
15.04 11.0674
15.056 11.0377
15.072 11.0081
15.088 10.9786
15.104 10.9492
15.12 10.9198
15.136 10.8905
15.152 10.8613
15.168 10.8322
15.184 10.8031
15.2 10.7741
15.216 10.7453
15.232 10.7164
15.248 10.6877
15.264 10.659
15.28 10.6304
15.296 10.6019
15.312 10.5735
15.328 10.5451
15.344 10.5169
15.36 10.4887
15.376 10.4605
15.392 10.4325
15.408 10.4045
15.424 10.3766
15.44 10.3488
15.456 10.321
15.472 10.2933
15.488 10.2657
15.504 10.2382
15.52 10.2107
15.536 10.1834
15.552 10.156
15.568 10.1288
15.584 10.1016
15.6 10.0745
15.616 10.0475
15.632 10.0206
15.648 9.99371
15.664 9.96691
15.68 9.94018
15.696 9.91352
15.712 9.88693
15.728 9.86041
15.744 9.83397
15.76 9.8076
15.776 9.78129
15.792 9.75506
15.808 9.7289
15.824 9.70281
15.84 9.67678
15.856 9.65083
15.872 9.62495
15.888 9.59914
15.904 9.57339
15.92 9.54772
15.936 9.52211
15.952 9.49657
15.968 9.47111
15.984 9.4457
