0 1 0
0.001 1 -0.00100001
0.00425084 1.00001 -0.0042512
0.0110416 1.00001 -0.0110453
0.0217962 0.999983 -0.0218134
0.0361133 0.999829 -0.0361629
0.0532065 0.999435 -0.0533112
0.0722721 0.998696 -0.0724502
0.0926578 0.997534 -0.092917
0.113893 0.9959 -0.114228
0.135662 0.993767 -0.136052
0.15776 0.991121 -0.15817
0.180057 0.987958 -0.180439
0.202472 0.984277 -0.202765
0.224956 0.98008 -0.225087
0.247478 0.97537 -0.247361
0.270021 0.970149 -0.269557
0.292571 0.964421 -0.291651
0.315124 0.95819 -0.313626
0.337673 0.951459 -0.335466
0.360218 0.944232 -0.357157
0.382755 0.936513 -0.378685
0.405285 0.928306 -0.40004
0.427806 0.919615 -0.42121
0.450319 0.910445 -0.442183
0.472823 0.900801 -0.462948
0.495317 0.890687 -0.483495
0.517803 0.880109 -0.503812
0.540279 0.869072 -0.523891
0.562747 0.857582 -0.543719
0.585205 0.845644 -0.563288
0.607654 0.833265 -0.582587
0.630094 0.820451 -0.601607
0.652525 0.807208 -0.620337
0.674947 0.793543 -0.638768
0.697359 0.779463 -0.65689
0.719763 0.764976 -0.674696
0.742157 0.750087 -0.692174
0.764543 0.734806 -0.709317
0.786919 0.71914 -0.726117
0.809286 0.703096 -0.742563
0.831644 0.686683 -0.758648
0.853993 0.669909 -0.774365
0.876333 0.652782 -0.789704
0.898664 0.635311 -0.804659
0.920986 0.617505 -0.819221
0.943299 0.599373 -0.833383
0.965603 0.580924 -0.847139
0.987898 0.562167 -0.86048
1.01018 0.543111 -0.873402
1.03246 0.523766 -0.885896
1.05473 0.504142 -0.897957
1.07699 0.484249 -0.909578
1.09924 0.464096 -0.920754
1.12148 0.443694 -0.93148
1.14371 0.423052 -0.941749
1.16594 0.402182 -0.951557
1.18815 0.381093 -0.960899
1.21036 0.359796 -0.96977
1.23255 0.338301 -0.978165
1.25474 0.31662 -0.986081
1.27692 0.294763 -0.993513
1.29909 0.27274 -1.00046
1.32125 0.250563 -1.00691
1.34341 0.228243 -1.01287
1.36555 0.205791 -1.01834
1.38769 0.183218 -1.0233
1.40981 0.160535 -1.02776
1.43193 0.137753 -1.03172
1.45404 0.114884 -1.03517
1.47614 0.0919383 -1.03811
1.49823 0.068928 -1.04054
1.52031 0.0458642 -1.04247
1.54239 0.0227583 -1.04388
1.56445 -0.000378357 -1.04477
1.58651 -0.0235344 -1.04516
1.60856 -0.0466986 -1.04503
1.6306 -0.0698593 -1.04439
1.65263 -0.0930054 -1.04323
1.67465 -0.116125 -1.04157
1.69666 -0.139208 -1.03939
1.71867 -0.162242 -1.0367
1.74066 -0.185216 -1.0335
1.76265 -0.208119 -1.0298
1.78463 -0.230939 -1.02559
1.8066 -0.253666 -1.02087
1.82856 -0.276289 -1.01565
1.85051 -0.298796 -1.00994
1.87246 -0.321176 -1.00373
1.89439 -0.343419 -0.997021
1.91632 -0.365513 -0.989826
1.93824 -0.387449 -0.982144
1.96015 -0.409215 -0.973979
1.98205 -0.430801 -0.965335
2.00395 -0.452196 -0.956216
2.02583 -0.47339 -0.946627
2.04771 -0.494373 -0.936572
2.06957 -0.515134 -0.926056
2.09143 -0.535664 -0.915084
2.11328 -0.555952 -0.903662
2.13513 -0.57599 -0.891795
2.15696 -0.595766 -0.879488
2.17879 -0.615272 -0.866747
2.2006 -0.634498 -0.853579
2.22241 -0.653436 -0.83999
2.24421 -0.672075 -0.825986
2.266 -0.690407 -0.811575
2.28779 -0.708423 -0.796762
2.30956 -0.726114 -0.781555
2.33133 -0.743473 -0.765962
2.35309 -0.76049 -0.749989
2.37484 -0.777157 -0.733645
2.39658 -0.793468 -0.716937
2.41831 -0.809412 -0.699873
2.44004 -0.824984 -0.682461
2.46175 -0.840176 -0.66471
2.48346 -0.85498 -0.646628
2.50516 -0.869389 -0.628223
2.52685 -0.883397 -0.609505
2.54854 -0.896997 -0.590481
2.57021 -0.910182 -0.571162
2.59188 -0.922946 -0.551556
2.61354 -0.935283 -0.531673
2.63519 -0.947187 -0.511522
2.65683 -0.958652 -0.491112
2.67847 -0.969674 -0.470453
2.70009 -0.980246 -0.449556
2.72171 -0.990364 -0.428429
2.74332 -1.00002 -0.407082
2.76492 -1.00922 -0.385527
2.78652 -1.01795 -0.363772
2.8081 -1.0262 -0.341829
2.82968 -1.03398 -0.319707
2.85125 -1.04128 -0.297417
2.87281 -1.0481 -0.274969
2.89436 -1.05443 -0.252374
2.9159 -1.06027 -0.229642
2.93744 -1.06562 -0.206785
2.95897 -1.07047 -0.183812
2.98049 -1.07483 -0.160735
3.002 -1.07869 -0.137564
3.0235 -1.08205 -0.11431
3.045 -1.0849 -0.090984
3.06649 -1.08725 -0.0675969
3.08797 -1.0891 -0.0441595
3.10944 -1.09044 -0.0206828
3.1309 -1.09128 0.00282237
3.15236 -1.0916 0.026345
3.17381 -1.09143 0.0498743
3.19525 -1.09074 0.0733991
3.21668 -1.08955 0.0969088
3.2381 -1.08785 0.120392
3.25952 -1.08564 0.143839
3.28093 -1.08294 0.167237
3.30233 -1.07972 0.190577
3.32372 -1.07601 0.213847
3.3451 -1.0718 0.237037
3.36648 -1.06709 0.260136
3.38785 -1.06188 0.283134
3.40921 -1.05618 0.306019
3.43056 -1.04999 0.328781
3.4519 -1.04331 0.35141
3.47324 -1.03614 0.373896
3.49457 -1.0285 0.396227
3.51589 -1.02037 0.418394
3.5372 -1.01177 0.440387
3.55851 -1.0027 0.462195
3.5798 -0.993168 0.483809
3.60109 -0.98317 0.505218
3.62238 -0.972714 0.526413
3.64365 -0.961805 0.547384
3.66491 -0.950449 0.568122
3.68617 -0.938649 0.588616
3.70742 -0.926413 0.608858
3.72867 -0.913744 0.628839
3.7499 -0.90065 0.648549
3.77113 -0.887135 0.667979
3.79235 -0.873206 0.687121
3.81356 -0.85887 0.705965
3.83476 -0.844133 0.724503
3.85596 -0.829001 0.742728
3.87715 -0.813481 0.76063
3.89833 -0.797581 0.778201
3.9195 -0.781307 0.795433
3.94067 -0.764667 0.812319
3.96182 -0.747668 0.828851
3.98297 -0.730319 0.845022
4.00412 -0.712626 0.860823
4.02525 -0.694598 0.876249
4.04638 -0.676243 0.891292
4.0675 -0.65757 0.905944
4.08861 -0.638586 0.920201
4.10971 -0.6193 0.934054
4.13081 -0.59972 0.947499
4.1519 -0.579856 0.960528
4.17298 -0.559717 0.973137
4.19405 -0.539311 0.985319
4.21512 -0.518648 0.997068
4.23617 -0.497737 1.00838
4.25723 -0.476586 1.01925
4.27827 -0.455207 1.02967
4.2993 -0.433607 1.03964
4.32033 -0.411797 1.04916
4.34135 -0.389787 1.05821
4.36237 -0.367586 1.0668
4.38337 -0.345205 1.07492
4.40437 -0.322652 1.08256
4.42536 -0.299939 1.08974
4.44634 -0.277075 1.09643
4.46732 -0.25407 1.10264
4.48829 -0.230935 1.10836
4.50925 -0.20768 1.1136
4.5302 -0.184316 1.11835
4.55114 -0.160851 1.12261
4.57208 -0.137298 1.12637
4.59301 -0.113666 1.12964
4.61394 -0.0899656 1.13241
4.63485 -0.0662075 1.13468
4.65576 -0.0424022 1.13646
4.67666 -0.0185601 1.13773
4.69755 0.00530821 1.13851
4.71844 0.0291923 1.13878
4.73932 0.0530817 1.13855
4.76019 0.0769658 1.13782
4.78105 0.100834 1.13659
4.80191 0.124676 1.13486
4.82276 0.148482 1.13263
4.8436 0.17224 1.12991
4.86444 0.195941 1.12668
4.88526 0.219573 1.12296
4.90608 0.243128 1.11875
4.92689 0.266594 1.11404
4.9477 0.289961 1.10884
4.9685 0.313219 1.10316
4.98929 0.336357 1.09699
5.01007 0.359367 1.09033
5.03085 0.382237 1.0832
5.05162 0.404958 1.07559
5.07238 0.42752 1.0675
5.09313 0.449912 1.05895
5.11388 0.472126 1.04993
5.13462 0.494152 1.04044
5.15535 0.515979 1.0305
5.17607 0.537599 1.0201
5.19679 0.559003 1.00925
5.2175 0.58018 0.997963
5.23821 0.601122 0.986231
5.2589 0.621819 0.974063
5.27959 0.642264 0.961466
5.30027 0.662446 0.948445
5.32095 0.682357 0.935004
5.34162 0.701989 0.92115
5.36228 0.721333 0.90689
5.38293 0.740381 0.892228
5.40357 0.759125 0.877171
5.42421 0.777556 0.861726
5.44485 0.795666 0.8459
5.46547 0.813448 0.829698
5.48609 0.830894 0.813129
5.5067 0.847997 0.796199
5.5273 0.864749 0.778915
5.5479 0.881144 0.761284
5.56849 0.897173 0.743316
5.58907 0.912831 0.725016
5.60964 0.92811 0.706393
5.63021 0.943004 0.687454
5.65077 0.957506 0.668208
5.67132 0.971611 0.648664
5.69187 0.985312 0.628828
5.71241 0.998604 0.60871
5.73294 1.01148 0.588319
5.75347 1.02394 0.567662
5.77399 1.03597 0.54675
5.7945 1.04757 0.525589
5.815 1.05873 0.50419
5.8355 1.06945 0.482562
5.85599 1.07973 0.460714
5.87647 1.08955 0.438654
5.89695 1.09893 0.416393
5.91742 1.10784 0.39394
5.93788 1.1163 0.371304
5.95834 1.12428 0.348494
5.97879 1.1318 0.325521
5.99923 1.13885 0.302394
6.01966 1.14542 0.279123
6.04009 1.15152 0.255717
6.06051 1.15714 0.232187
6.08093 1.16227 0.208542
6.10133 1.16692 0.184792
6.12173 1.17108 0.160947
6.14213 1.17475 0.137018
6.16251 1.17793 0.113014
6.18289 1.18062 0.0889455
6.20326 1.18282 0.0648223
6.22363 1.18453 0.0406545
6.24399 1.18574 0.0164523
6.26434 1.18645 -0.0077742
6.28468 1.18668 -0.0320148
6.30502 1.1864 -0.0562596
6.32535 1.18563 -0.0804982
6.34568 1.18437 -0.104721
6.366 1.18261 -0.128917
6.38631 1.18036 -0.153077
6.40661 1.17761 -0.17719
6.42691 1.17438 -0.201247
6.4472 1.17065 -0.225238
6.46748 1.16644 -0.249152
6.48776 1.16174 -0.27298
6.50803 1.15655 -0.296712
6.52829 1.15088 -0.320338
6.54855 1.14473 -0.343848
6.5688 1.1381 -0.367233
6.58904 1.131 -0.390482
6.60928 1.12342 -0.413587
6.62951 1.11538 -0.436537
6.64973 1.10687 -0.459323
6.66995 1.09789 -0.481936
6.69016 1.08846 -0.504367
6.71036 1.07857 -0.526605
6.73056 1.06823 -0.548643
6.75075 1.05745 -0.570471
6.77093 1.04622 -0.592079
6.79111 1.03456 -0.61346
6.81127 1.02246 -0.634604
6.83144 1.00993 -0.655503
6.85159 0.996985 -0.676148
6.87174 0.983619 -0.69653
6.89189 0.969841 -0.716642
6.91202 0.955657 -0.736474
6.93215 0.941072 -0.75602
6.95227 0.926092 -0.77527
6.97239 0.910724 -0.794217
6.9925 0.894973 -0.812854
7.0126 0.878846 -0.831172
7.0327 0.86235 -0.849164
7.05279 0.845491 -0.866824
7.07287 0.828276 -0.884143
7.09295 0.810713 -0.901114
7.11302 0.792807 -0.917731
7.13308 0.774567 -0.933987
7.15314 0.756001 -0.949876
7.17319 0.737114 -0.96539
7.19323 0.717916 -0.980524
7.21327 0.698413 -0.995271
7.2333 0.678614 -1.00963
7.25332 0.658527 -1.02358
7.27334 0.63816 -1.03713
7.29335 0.61752 -1.05028
7.31336 0.596618 -1.063
7.33336 0.575459 -1.07531
7.35335 0.554055 -1.08719
7.37333 0.532412 -1.09865
7.39331 0.510539 -1.10967
7.41328 0.488446 -1.12025
7.43325 0.466142 -1.13038
7.45321 0.443634 -1.14007
7.47316 0.420933 -1.14931
7.49311 0.398048 -1.15809
7.51305 0.374987 -1.16642
7.53298 0.351759 -1.17428
7.55291 0.328375 -1.18168
7.57283 0.304843 -1.18861
7.59274 0.281173 -1.19507
7.61265 0.257375 -1.20105
7.63255 0.233457 -1.20656
7.65244 0.209429 -1.2116
7.67233 0.185302 -1.21615
7.69221 0.161084 -1.22022
7.71209 0.136785 -1.22381
7.73196 0.112415 -1.22691
7.75182 0.0879839 -1.22952
7.77168 0.0635008 -1.23165
7.79153 0.0389758 -1.23329
7.81137 0.0144186 -1.23445
7.83121 -0.0101612 -1.23511
7.85104 -0.0347537 -1.23528
7.87086 -0.0593492 -1.23497
7.89068 -0.083938 -1.23416
7.91049 -0.10851 -1.23287
7.9303 -0.133056 -1.23108
7.9501 -0.157567 -1.22881
7.96989 -0.182031 -1.22605
7.98968 -0.206441 -1.22281
8.00946 -0.230785 -1.21908
8.02923 -0.255055 -1.21487
8.049 -0.279241 -1.21017
8.06876 -0.303333 -1.205
8.08852 -0.327322 -1.19935
8.10827 -0.351199 -1.19322
8.12801 -0.374954 -1.18662
8.14774 -0.398577 -1.17955
8.16747 -0.42206 -1.17201
8.1872 -0.445394 -1.164
8.20692 -0.468568 -1.15554
8.22663 -0.491575 -1.14661
8.24633 -0.514404 -1.13723
8.26603 -0.537047 -1.1274
8.28572 -0.559496 -1.11712
8.30541 -0.581741 -1.1064
8.32509 -0.603774 -1.09524
8.34477 -0.625586 -1.08364
8.36443 -0.647168 -1.07162
8.3841 -0.668513 -1.05916
8.40375 -0.689611 -1.04629
8.4234 -0.710455 -1.033
8.44304 -0.731037 -1.0193
8.46268 -0.751348 -1.00519
8.48231 -0.771381 -0.990686
8.50194 -0.791127 -0.975785
8.52155 -0.81058 -0.960495
8.54117 -0.829731 -0.944822
8.56077 -0.848573 -0.928773
8.58037 -0.867099 -0.912353
8.59997 -0.885302 -0.895569
8.61955 -0.903174 -0.878428
8.63914 -0.920709 -0.860935
8.65871 -0.937899 -0.843098
8.67828 -0.954739 -0.824923
8.69785 -0.971222 -0.806418
8.7174 -0.987341 -0.78759
8.73695 -1.00309 -0.768445
8.7565 -1.01846 -0.748992
8.77604 -1.03345 -0.729238
8.79557 -1.04806 -0.70919
8.8151 -1.06227 -0.688856
8.83462 -1.07608 -0.668244
8.85413 -1.08949 -0.647361
8.87364 -1.10248 -0.626217
8.89315 -1.11507 -0.604818
8.91264 -1.12723 -0.583173
8.93213 -1.13897 -0.561291
8.95162 -1.15029 -0.539179
8.9711 -1.16117 -0.516846
8.99057 -1.17161 -0.494302
9.01004 -1.18161 -0.471553
9.0295 -1.19117 -0.44861
9.04895 -1.20028 -0.42548
9.0684 -1.20894 -0.402172
9.08784 -1.21714 -0.378697
9.10728 -1.22488 -0.355061
9.12671 -1.23217 -0.331275
9.14613 -1.23898 -0.307347
9.16555 -1.24534 -0.283287
9.18497 -1.25122 -0.259103
9.20437 -1.25663 -0.234805
9.22377 -1.26157 -0.210402
9.24317 -1.26603 -0.185904
9.26256 -1.27002 -0.161319
9.28194 -1.27353 -0.136656
9.30132 -1.27655 -0.111926
9.32069 -1.2791 -0.087138
9.34005 -1.28117 -0.0623004
9.35941 -1.28275 -0.0374232
9.37877 -1.28385 -0.0125157
9.39811 -1.28446 0.0124127
9.41746 -1.28459 0.0373526
9.43679 -1.28424 0.0622946
9.45612 -1.2834 0.0872293
9.47545 -1.28208 0.112147
9.49476 -1.28028 0.137039
9.51408 -1.27799 0.161896
9.53338 -1.27522 0.186708
9.55268 -1.27197 0.211465
9.57198 -1.26824 0.23616
9.59127 -1.26404 0.260781
9.61055 -1.25935 0.285321
9.62983 -1.25419 0.30977
9.6491 -1.24856 0.334118
9.66836 -1.24246 0.358357
9.68762 -1.23589 0.382478
9.70688 -1.22885 0.406472
9.72612 -1.22135 0.430328
9.74537 -1.21339 0.45404
9.7646 -1.20497 0.477597
9.78383 -1.1961 0.500992
9.80306 -1.18677 0.524215
9.82228 -1.177 0.547257
9.84149 -1.16678 0.570111
9.8607 -1.15613 0.592767
9.8799 -1.14503 0.615217
9.8991 -1.1335 0.637453
9.91829 -1.12155 0.659467
9.93747 -1.10917 0.68125
9.95665 -1.09637 0.702795
9.97582 -1.08316 0.724092
9.99499 -1.06954 0.745135
10.0142 -1.05551 0.765916
10.0333 -1.04109 0.786426
10.0525 -1.02627 0.806659
10.0716 -1.01106 0.826607
10.0907 -0.995468 0.846262
10.1099 -0.979499 0.865618
10.129 -0.963159 0.884666
10.1481 -0.946454 0.9034
10.1672 -0.929389 0.921814
10.1863 -0.911972 0.9399
10.2055 -0.894208 0.957651
10.2246 -0.876104 0.975062
10.2436 -0.857666 0.992125
10.2627 -0.838902 1.00884
10.2818 -0.819818 1.02519
10.3009 -0.800422 1.04117
10.32 -0.780719 1.05678
10.339 -0.760719 1.07202
10.3581 -0.740427 1.08687
10.3771 -0.719851 1.10133
10.3962 -0.698999 1.1154
10.4152 -0.677879 1.12908
10.4343 -0.656497 1.14234
10.4533 -0.634863 1.1552
10.4723 -0.612983 1.16765
10.4913 -0.590866 1.17968
10.5104 -0.56852 1.19128
10.5294 -0.545953 1.20246
10.5484 -0.523173 1.21321
10.5674 -0.500188 1.22352
10.5864 -0.477008 1.2334
10.6053 -0.453639 1.24283
10.6243 -0.430091 1.25182
10.6433 -0.406372 1.26036
10.6623 -0.382491 1.26844
10.6812 -0.358457 1.27608
10.7002 -0.334278 1.28325
10.7191 -0.309962 1.28997
10.7381 -0.28552 1.29622
10.757 -0.260958 1.30201
10.776 -0.236288 1.30733
10.7949 -0.211516 1.31218
10.8138 -0.186653 1.31656
10.8327 -0.161707 1.32047
10.8517 -0.136687 1.3239
10.8706 -0.111603 1.32686
10.8895 -0.0864625 1.32935
10.9084 -0.0612756 1.33135
10.9273 -0.036051 1.33288
10.9461 -0.0107979 1.33393
10.965 0.0144748 1.33451
10.9839 0.0397578 1.3346
11.0028 0.0650422 1.33421
11.0216 0.0903189 1.33335
11.0405 0.115579 1.33201
11.0593 0.140813 1.33019
11.0782 0.166012 1.32789
11.097 0.191167 1.32511
11.1159 0.21627 1.32186
11.1347 0.24131 1.31814
11.1535 0.26628 1.31394
11.1724 0.29117 1.30927
11.1912 0.315972 1.30413
11.21 0.340676 1.29853
11.2288 0.365273 1.29245
11.2476 0.389756 1.28592
11.2664 0.414115 1.27892
11.2852 0.438341 1.27146
11.3039 0.462427 1.26354
11.3227 0.486363 1.25517
11.3415 0.510141 1.24635
11.3603 0.533752 1.23709
11.379 0.557188 1.22737
11.3978 0.580442 1.21722
11.4165 0.603503 1.20663
11.4353 0.626365 1.1956
11.454 0.64902 1.18415
11.4728 0.671458 1.17227
11.4915 0.693673 1.15997
11.5102 0.715656 1.14725
11.5289 0.7374 1.13412
11.5476 0.758897 1.12058
11.5663 0.780139 1.10663
11.585 0.801119 1.09229
11.6037 0.82183 1.07756
11.6224 0.842264 1.06243
11.6411 0.862414 1.04693
11.6598 0.882272 1.03104
11.6785 0.901833 1.01479
11.6972 0.921089 0.998162
11.7158 0.940033 0.981179
11.7345 0.958658 0.963842
11.7531 0.976959 0.946156
11.7718 0.994929 0.928127
11.7904 1.01256 0.909763
11.8091 1.02985 0.891069
11.8277 1.04679 0.872053
11.8463 1.06337 0.852719
11.8649 1.07959 0.833077
11.8836 1.09544 0.813131
11.9022 1.11092 0.79289
11.9208 1.12602 0.772359
11.9394 1.14074 0.751548
11.958 1.15507 0.730461
11.9766 1.16901 0.709108
11.9952 1.18255 0.687495
12.0137 1.19568 0.66563
12.0323 1.20841 0.643521
12.0509 1.22072 0.621175
12.0695 1.23262 0.598599
12.088 1.24409 0.575803
12.1066 1.25515 0.552793
12.1251 1.26577 0.529578
12.1437 1.27596 0.506165
12.1622 1.28572 0.482563
12.1807 1.29503 0.45878
12.1993 1.30391 0.434824
12.2178 1.31234 0.410704
12.2363 1.32031 0.386427
12.2548 1.32784 0.362002
12.2733 1.33492 0.337438
12.2918 1.34154 0.312743
12.3103 1.3477 0.287926
12.3288 1.3534 0.262995
12.3473 1.35863 0.237958
12.3658 1.3634 0.212824
12.3843 1.36771 0.187603
12.4027 1.37155 0.162302
12.4212 1.37492 0.13693
12.4397 1.37782 0.111497
12.4581 1.38025 0.0860096
12.4766 1.3822 0.0604781
12.495 1.38368 0.0349108
12.5135 1.38469 0.00931642
12.5319 1.38523 -0.0162962
12.5503 1.38529 -0.0419183
12.5688 1.38488 -0.0675412
12.5872 1.384 -0.093156
12.6056 1.38264 -0.118754
12.624 1.38081 -0.144327
12.6424 1.37851 -0.169865
12.6608 1.37573 -0.19536
12.6792 1.37248 -0.220804
12.6976 1.36877 -0.246188
12.716 1.36459 -0.271502
12.7344 1.35994 -0.296739
12.7527 1.35482 -0.32189
12.7711 1.34924 -0.346946
12.7895 1.3432 -0.371898
12.8078 1.3367 -0.396739
12.8262 1.32974 -0.42146
12.8445 1.32233 -0.446053
12.8629 1.31446 -0.470508
12.8812 1.30615 -0.494819
12.8996 1.29738 -0.518975
12.9179 1.28817 -0.542971
12.9362 1.27853 -0.566796
12.9545 1.26844 -0.590444
12.9729 1.25792 -0.613906
12.9912 1.24697 -0.637175
13.0095 1.23559 -0.660242
13.0278 1.22379 -0.683099
13.0461 1.21156 -0.705739
13.0643 1.19893 -0.728155
13.0826 1.18588 -0.750339
13.1009 1.17242 -0.772282
13.1192 1.15857 -0.793979
13.1375 1.14431 -0.815421
13.1557 1.12966 -0.836602
13.174 1.11463 -0.857514
13.1922 1.09921 -0.87815
13.2105 1.08341 -0.898503
13.2287 1.06724 -0.918567
13.247 1.05071 -0.938335
13.2652 1.03381 -0.957799
13.2834 1.01656 -0.976955
13.3017 0.998956 -0.995794
13.3199 0.981009 -1.01431
13.3381 0.962724 -1.0325
13.3563 0.944106 -1.05035
13.3745 0.925163 -1.06787
13.3927 0.9059 -1.08504
13.4109 0.886324 -1.10185
13.4291 0.866441 -1.11831
13.4473 0.846259 -1.13441
13.4655 0.825783 -1.15013
13.4836 0.80502 -1.16548
13.5018 0.783978 -1.18046
13.52 0.762663 -1.19505
13.5381 0.741083 -1.20925
13.5563 0.719244 -1.22306
13.5745 0.697154 -1.23647
13.5926 0.67482 -1.24948
13.6107 0.65225 -1.26208
13.6289 0.62945 -1.27427
13.647 0.60643 -1.28604
13.6651 0.583195 -1.2974
13.6833 0.559755 -1.30833
13.7014 0.536116 -1.31884
13.7195 0.512286 -1.32891
13.7376 0.488274 -1.33856
13.7557 0.464086 -1.34777
13.7738 0.439732 -1.35653
13.7919 0.41522 -1.36486
13.81 0.390556 -1.37274
13.8281 0.36575 -1.38017
13.8461 0.340809 -1.38716
13.8642 0.315742 -1.39369
13.8823 0.290557 -1.39976
13.9003 0.265263 -1.40538
13.9184 0.239867 -1.41054
13.9365 0.214377 -1.41524
13.9545 0.188804 -1.41948
13.9726 0.163153 -1.42326
13.9906 0.137435 -1.42657
14.0086 0.111657 -1.42941
14.0267 0.0858286 -1.43179
14.0447 0.0599571 -1.4337
14.0627 0.0340515 -1.43515
14.0807 0.00812016 -1.43613
14.0987 -0.0178284 -1.43663
14.1167 -0.0437857 -1.43667
14.1347 -0.0697433 -1.43624
14.1527 -0.0956928 -1.43534
14.1707 -0.121626 -1.43397
14.1887 -0.147533 -1.43214
14.2067 -0.173407 -1.42983
14.2247 -0.19924 -1.42706
14.2427 -0.225021 -1.42383
14.2606 -0.250745 -1.42013
14.2786 -0.276401 -1.41596
14.2966 -0.301981 -1.41134
14.3145 -0.327478 -1.40625
14.3325 -0.352883 -1.4007
14.3504 -0.378187 -1.3947
14.3683 -0.403383 -1.38824
14.3863 -0.428463 -1.38133
14.4042 -0.453417 -1.37396
14.4221 -0.478239 -1.36615
14.4401 -0.50292 -1.35789
14.458 -0.527452 -1.34919
14.4759 -0.551827 -1.34005
14.4938 -0.576038 -1.33046
14.5117 -0.600076 -1.32045
14.5296 -0.623934 -1.31
14.5475 -0.647604 -1.29913
14.5654 -0.671078 -1.28783
14.5833 -0.69435 -1.2761
14.6011 -0.71741 -1.26397
14.619 -0.740253 -1.25141
14.6369 -0.76287 -1.23845
14.6548 -0.785254 -1.22509
14.6726 -0.807399 -1.21132
14.6905 -0.829296 -1.19715
14.7083 -0.85094 -1.1826
14.7262 -0.872322 -1.16765
14.744 -0.893437 -1.15233
14.7618 -0.914277 -1.13662
14.7797 -0.934835 -1.12055
14.7975 -0.955106 -1.1041
14.8153 -0.975083 -1.0873
14.8332 -0.994758 -1.07014
14.851 -1.01413 -1.05262
14.8688 -1.03318 -1.03476
14.8866 -1.05192 -1.01656
14.9044 -1.07033 -0.998025
14.9222 -1.08841 -0.979162
14.94 -1.10615 -0.959976
14.9578 -1.12355 -0.940474
14.9755 -1.1406 -0.920662
14.9933 -1.1573 -0.900546
15.0111 -1.17364 -0.880132
15.0289 -1.18961 -0.859428
15.0466 -1.20522 -0.838439
15.0644 -1.22045 -0.817172
15.0821 -1.2353 -0.795634
15.0999 -1.24977 -0.773832
15.1176 -1.26385 -0.751773
15.1354 -1.27754 -0.729464
15.1531 -1.29083 -0.706911
15.1708 -1.30371 -0.684122
15.1886 -1.3162 -0.661105
15.2063 -1.32827 -0.637866
15.224 -1.33993 -0.614412
15.2417 -1.35117 -0.590752
15.2594 -1.36199 -0.566892
15.2771 -1.37239 -0.54284
15.2948 -1.38236 -0.518604
15.3125 -1.3919 -0.494191
15.3302 -1.40101 -0.46961
15.3479 -1.40968 -0.444867
15.3656 -1.41791 -0.419971
15.3833 -1.4257 -0.394929
15.4009 -1.43305 -0.369749
15.4186 -1.43995 -0.344439
15.4363 -1.4464 -0.319008
15.4539 -1.4524 -0.293463
15.4716 -1.45795 -0.267811
15.4892 -1.46304 -0.242062
15.5069 -1.46768 -0.216223
15.5245 -1.47186 -0.190303
15.5422 -1.47558 -0.164309
15.5598 -1.47884 -0.138249
15.5774 -1.48164 -0.112132
15.5951 -1.48398 -0.0859661
15.6127 -1.48585 -0.0597591
15.6303 -1.48727 -0.0335194
15.6479 -1.48822 -0.00725515
15.6655 -1.4887 0.0190255
15.6831 -1.48872 0.0453143
15.7007 -1.48828 0.0716031
15.7183 -1.48737 0.0978836
15.7359 -1.486 0.124148
15.7535 -1.48417 0.150387
15.771 -1.48187 0.176594
15.7886 -1.47911 0.20276
15.8062 -1.47589 0.228877
15.8238 -1.47221 0.254937
15.8413 -1.46807 0.280931
15.8589 -1.46347 0.306853
15.8764 -1.45842 0.332693
15.894 -1.45291 0.358443
15.9115 -1.44695 0.384096
15.9291 -1.44054 0.409644
15.9466 -1.43367 0.435079
15.9641 -1.42636 0.460393
15.9817 -1.41861 0.485577
15.9992 -1.41041 0.510625
16.0167 -1.40177 0.535529
16.0342 -1.3927 0.560281
16.0517 -1.38319 0.584872
16.0692 -1.37325 0.609297
16.0867 -1.36288 0.633546
16.1042 -1.35208 0.657613
16.1217 -1.34087 0.68149
16.1392 -1.32923 0.705171
16.1567 -1.31718 0.728646
16.1741 -1.30472 0.75191
16.1916 -1.29185 0.774956
16.2091 -1.27857 0.797775
16.2266 -1.2649 0.820361
16.244 -1.25083 0.842708
16.2615 -1.23637 0.864808
16.2789 -1.22152 0.886654
16.2964 -1.20629 0.90824
16.3138 -1.19069 0.929559
16.3313 -1.17471 0.950605
16.3487 -1.15836 0.971372
16.3661 -1.14165 0.991852
16.3835 -1.12458 1.01204
16.401 -1.10716 1.03193
16.4184 -1.08939 1.05151
16.4358 -1.07128 1.07079
16.4532 -1.05284 1.08974
16.4706 -1.03406 1.10838
16.488 -1.01496 1.12668
16.5054 -0.995536 1.14466
16.5228 -0.975801 1.16229
16.5402 -0.95576 1.17958
16.5576 -0.935417 1.19652
16.5749 -0.914779 1.2131
16.5923 -0.893852 1.22933
16.6097 -0.872643 1.24519
16.6271 -0.851158 1.26068
16.6444 -0.829404 1.2758
16.6618 -0.807386 1.29053
16.6791 -0.785112 1.30489
16.6965 -0.762589 1.31885
16.7138 -0.739824 1.33242
16.7312 -0.716822 1.3456
16.7485 -0.693592 1.35838
16.7658 -0.670139 1.37075
16.7832 -0.646472 1.38272
16.8005 -0.622598 1.39427
16.8178 -0.598523 1.40541
16.8351 -0.574255 1.41613
16.8524 -0.549801 1.42643
16.8697 -0.525169 1.4363
16.887 -0.500366 1.44575
16.9043 -0.475399 1.45476
16.9216 -0.450276 1.46334
16.9389 -0.425004 1.47149
16.9562 -0.399592 1.4792
16.9735 -0.374047 1.48647
16.9908 -0.348375 1.49329
17.008 -0.322586 1.49967
17.0253 -0.296687 1.5056
17.0426 -0.270686 1.51109
17.0598 -0.24459 1.51612
17.0771 -0.218407 1.52071
17.0943 -0.192145 1.52483
17.1116 -0.165812 1.52851
17.1288 -0.139416 1.53173
17.1461 -0.112965 1.53449
17.1633 -0.086466 1.5368
17.1805 -0.0599279 1.53864
17.1977 -0.0333581 1.54003
17.215 -0.0067648 1.54096
17.2322 0.0198442 1.54143
17.2494 0.0464609 1.54144
17.2666 0.0730775 1.54099
17.2838 0.0996859 1.54009
17.301 0.126278 1.53872
17.3182 0.152847 1.53689
17.3354 0.179383 1.53461
17.3526 0.20588 1.53187
17.3698 0.232329 1.52867
17.387 0.258723 1.52501
17.4041 0.285053 1.52091
17.4213 0.311312 1.51634
17.4385 0.337492 1.51133
17.4556 0.363586 1.50586
17.4728 0.389585 1.49995
17.49 0.415482 1.49359
17.5071 0.441269 1.48678
17.5243 0.466938 1.47953
17.5414 0.492483 1.47184
17.5585 0.517895 1.46371
17.5757 0.543167 1.45514
17.5928 0.568291 1.44614
17.6099 0.59326 1.4367
17.6271 0.618067 1.42684
17.6442 0.642704 1.41655
17.6613 0.667164 1.40584
17.6784 0.69144 1.39471
17.6955 0.715525 1.38317
17.7126 0.739411 1.37121
17.7297 0.763092 1.35884
17.7468 0.78656 1.34606
17.7639 0.809809 1.33288
17.781 0.832832 1.31931
17.7981 0.855622 1.30534
17.8151 0.878172 1.29098
17.8322 0.900476 1.27623
17.8493 0.922527 1.2611
17.8663 0.944319 1.2456
17.8834 0.965845 1.22972
17.9005 0.987099 1.21348
17.9175 1.00808 1.19687
17.9346 1.02877 1.1799
17.9516 1.04917 1.16258
17.9687 1.06927 1.14491
17.9857 1.08908 1.1269
18.0027 1.10857 1.10854
18.0198 1.12775 1.08986
18.0368 1.14661 1.07085
18.0538 1.16515 1.05152
18.0708 1.18336 1.03187
18.0878 1.20123 1.01191
18.1048 1.21876 0.991643
18.1218 1.23594 0.97108
18.1388 1.25277 0.950225
18.1558 1.26925 0.929082
18.1728 1.28537 0.907659
18.1898 1.30112 0.885962
18.2068 1.3165 0.863997
18.2238 1.33151 0.84177
18.2408 1.34614 0.819287
18.2577 1.36038 0.796557
18.2747 1.37424 0.773583
18.2917 1.38771 0.750375
18.3086 1.40078 0.726937
18.3256 1.41346 0.703278
18.3425 1.42573 0.679403
18.3595 1.43759 0.65532
18.3764 1.44905 0.631036
18.3934 1.46009 0.606558
18.4103 1.47072 0.581892
18.4272 1.48093 0.557046
18.4442 1.49071 0.532027
18.4611 1.50007 0.506842
18.478 1.509 0.481499
18.4949 1.51751 0.456004
18.5119 1.52558 0.430366
18.5288 1.53321 0.404591
18.5457 1.54041 0.378687
18.5626 1.54717 0.352661
18.5795 1.55349 0.326521
18.5964 1.55936 0.300275
18.6132 1.56479 0.273929
18.6301 1.56978 0.247492
18.647 1.57431 0.22097
18.6639 1.5784 0.194373
18.6808 1.58204 0.167706
18.6976 1.58522 0.140978
18.7145 1.58796 0.114197
18.7314 1.59024 0.0873697
18.7482 1.59206 0.0605044
18.7651 1.59344 0.0336085
18.7819 1.59435 0.00668986
18.7988 1.59482 -0.020244
18.8156 1.59483 -0.0471852
18.8325 1.59438 -0.0741262
18.8493 1.59348 -0.101059
18.8661 1.59212 -0.127977
18.883 1.59031 -0.154871
18.8998 1.58804 -0.181734
18.9166 1.58533 -0.208559
18.9334 1.58216 -0.235338
18.9502 1.57854 -0.262063
18.967 1.57446 -0.288726
18.9838 1.56994 -0.31532
19.0006 1.56497 -0.341838
19.0174 1.55956 -0.368272
19.0342 1.5537 -0.394614
19.051 1.54739 -0.420857
19.0678 1.54064 -0.446993
19.0846 1.53346 -0.473016
19.1013 1.52583 -0.498917
19.1181 1.51777 -0.52469
19.1349 1.50928 -0.550327
19.1517 1.50036 -0.575821
19.1684 1.49101 -0.601164
19.1852 1.48123 -0.62635
19.2019 1.47103 -0.651371
19.2187 1.4604 -0.67622
19.2354 1.44937 -0.700891
19.2522 1.43791 -0.725376
19.2689 1.42605 -0.749669
19.2856 1.41378 -0.773762
19.3024 1.4011 -0.797648
19.3191 1.38803 -0.821322
19.3358 1.37455 -0.844776
19.3525 1.36069 -0.868004
19.3692 1.34643 -0.890999
19.386 1.33179 -0.913755
19.4027 1.31677 -0.936265
19.4194 1.30137 -0.958524
19.4361 1.2856 -0.980524
19.4528 1.26946 -1.00226
19.4695 1.25296 -1.02372
19.4861 1.2361 -1.04491
19.5028 1.21888 -1.06582
19.5195 1.20132 -1.08644
19.5362 1.18341 -1.10676
19.5529 1.16516 -1.12679
19.5695 1.14657 -1.1465
19.5862 1.12766 -1.16591
19.6029 1.10842 -1.185
19.6195 1.08886 -1.20377
19.6362 1.06899 -1.22222
19.6528 1.04882 -1.24033
19.6695 1.02834 -1.2581
19.6861 1.00756 -1.27553
19.7028 0.986492 -1.29262
19.7194 0.965141 -1.30935
19.736 0.943511 -1.32573
19.7526 0.921607 -1.34174
19.7693 0.899438 -1.35739
19.7859 0.877007 -1.37267
19.8025 0.854322 -1.38758
19.8191 0.831389 -1.40211
19.8357 0.808215 -1.41625
19.8523 0.784805 -1.43001
19.8689 0.761166 -1.44338
19.8855 0.737305 -1.45636
19.9021 0.713229 -1.46894
19.9187 0.688943 -1.48112
19.9353 0.664456 -1.49289
19.9519 0.639772 -1.50426
19.9685 0.6149 -1.51521
19.985 0.589847 -1.52575
20 0.567086 -1.53486
