#index 0 - N=3 equal masses figure-8
-0.970004 0.243088 0 0 0 0 0.970004 -0.243088 0 
-0.969538 0.24352 0 -0.000932408 -0.000864731 0 0.97047 -0.242655 0 
-0.963662 0.248841 0 -0.0124685 -0.0115607 0 0.97613 -0.23728 0 
-0.947699 0.262262 0 -0.0421402 -0.0389722 0 0.989839 -0.22329 0 
-0.922749 0.280622 0 -0.0846216 -0.077604 0 1.00737 -0.203018 0 
-0.891155 0.300076 0 -0.133445 -0.120399 0 1.0246 -0.179677 0 
-0.854806 0.318137 0 -0.184806 -0.162742 0 1.03961 -0.155395 0 
-0.815178 0.333399 0 -0.236697 -0.202035 0 1.05188 -0.131365 0 
-0.77337 0.345172 0 -0.288133 -0.237037 0 1.0615 -0.108136 0 
-0.730092 0.35319 0 -0.338737 -0.267348 0 1.06883 -0.0858415 0 
-0.68574 0.357382 0 -0.388465 -0.292993 0 1.0742 -0.0643892 0 
-0.640512 0.357734 0 -0.437397 -0.314145 0 1.07791 -0.0435891 0 
-0.594523 0.354223 0 -0.485615 -0.330989 0 1.08014 -0.0232335 0 
-0.547895 0.346807 0 -0.533108 -0.343669 0 1.081 -0.00313791 0 
-0.500815 0.335465 0 -0.579742 -0.352303 0 1.08056 0.016838 0 
-0.453545 0.320228 0 -0.625262 -0.357015 0 1.07881 0.036787 0 
-0.406376 0.301211 0 -0.669356 -0.35798 0 1.07573 0.0567692 0 
-0.359543 0.278592 0 -0.711737 -0.35543 0 1.07128 0.0768385 0 
-0.313154 0.252562 0 -0.752213 -0.349629 0 1.06537 0.0970675 0 
-0.267157 0.223279 0 -0.790694 -0.340836 0 1.05785 0.117556 0 
-0.221361 0.190844 0 -0.827163 -0.32927 0 1.04852 0.138426 0 
-0.175467 0.155309 0 -0.861628 -0.315106 0 1.03709 0.159797 0 
-0.129106 0.116717 0 -0.894072 -0.298482 0 1.02318 0.181764 0 
-0.081878 0.0751751 0 -0.924421 -0.279526 0 1.0063 0.204351 0 
-0.0334037 0.0309588 0 -0.952511 -0.258409 0 0.985915 0.22745 0 
0.016572 -0.0153296 0 -0.978082 -0.235413 0 0.96151 0.250742 0 
0.0680391 -0.0626123 0 -1.0008 -0.211004 0 0.932757 0.273616 0 
0.120612 -0.109332 0 -1.02034 -0.185851 0 0.899726 0.295183 0 
0.173602 -0.153751 0 -1.03656 -0.160706 0 0.862962 0.314457 0 
0.22629 -0.194436 0 -1.0496 -0.136187 0 0.823308 0.330623 0 
0.278182 -0.230562 0 -1.05978 -0.112632 0 0.781598 0.343194 0 
0.329084 -0.261864 0 -1.06754 -0.0901021 0 0.738453 0.351966 0 
0.379021 -0.288415 0 -1.07326 -0.0684801 0 0.694241 0.356896 0 
0.428111 -0.310416 0 -1.07726 -0.0475645 0 0.649152 0.35798 0 
0.476463 -0.328068 0 -1.07976 -0.0271375 0 0.603294 0.355205 0 
0.524096 -0.341529 0 -1.08087 -0.00700488 0 0.556774 0.348534 0 
0.570904 -0.350922 0 -1.08067 0.0129843 0 0.509762 0.337937 0 
0.616653 -0.356367 0 -1.07916 0.0329319 0 0.462507 0.323435 0 
0.661035 -0.358028 0 -1.07633 0.0529024 0 0.4153 0.305125 0 
0.703753 -0.356126 0 -1.07215 0.072949 0 0.368393 0.283176 0 
0.744594 -0.350922 0 -1.06651 0.0931395 0 0.32192 0.257782 0 
0.78345 -0.342678 0 -1.05931 0.113569 0 0.275861 0.229109 0 
0.820295 -0.331625 0 -1.05034 0.134355 0 0.230049 0.197269 0 
0.855135 -0.317943 0 -1.03934 0.155621 0 0.184202 0.162322 0 
0.887959 -0.301777 0 -1.02592 0.177469 0 0.137963 0.124308 0 
0.918708 -0.283253 0 -1.00964 0.199939 0 0.0909331 0.0833139 0 
0.947237 -0.26253 0 -0.989961 0.222957 0 0.042724 0.0395739 0 
0.973302 -0.239863 0 -0.96635 0.246248 0 -0.0069526 -0.00638459 0 
0.996577 -0.215679 0 -0.938429 0.26926 0 -0.058148 -0.0535813 0 
1.01673 -0.190612 0 -0.906181 0.291149 0 -0.110549 -0.100537 0 
1.03357 -0.165416 0 -0.870067 0.310926 0 -0.163508 -0.14551 0 
1.04718 -0.140748 0 -0.830897 0.327727 0 -0.216287 -0.186979 0 
1.05787 -0.117004 0 -0.78953 0.341001 0 -0.268338 -0.223997 0 
1.06604 -0.0942919 0 -0.74663 0.3505 0 -0.319414 -0.256208 0 
1.07212 -0.0725187 0 -0.702612 0.35616 0 -0.36951 -0.283642 0 
1.07643 -0.0514926 0 -0.657691 0.357978 0 -0.418736 -0.306485 0 
1.07919 -0.0309955 0 -0.611982 0.355942 0 -0.467208 -0.324947 0 
1.08055 -0.0108265 0 -0.565588 0.35002 0 -0.514967 -0.339193 0 
1.0806 0.00917438 0 -0.518663 0.340176 0 -0.561933 -0.34935 0 
1.07933 0.0291179 0 -0.471441 0.326419 0 -0.607893 -0.355537 0 
1.07676 0.049074 0 -0.424213 0.30883 0 -0.652548 -0.357904 0 
1.07283 0.0690954 0 -0.377243 0.287568 0 -0.695591 -0.356664 0 
1.06748 0.0892455 0 -0.330694 0.262826 0 -0.73679 -0.352071 0 
1.06059 0.109614 0 -0.284574 0.234779 0 -0.776018 -0.344393 0 
1.05198 0.130316 0 -0.238744 0.203549 0 -0.813236 -0.333865 0 
1.04139 0.151474 0 -0.19294 0.169205 0 -0.848448 -0.320679 0 
1.02847 0.173198 0 -0.146816 0.131787 0 -0.881651 -0.304984 0 
1.01277 0.195543 0 -0.0999775 0.0913652 0 -0.912797 -0.286908 0 
0.993789 0.218463 0 -0.0520296 0.0481358 0 -0.94176 -0.266598 0 
0.97097 0.241728 0 -0.00265513 0.00255687 0 -0.968315 -0.244285 0 
0.943893 0.264844 0 0.048254 -0.0444877 0 -0.992147 -0.220356 0 
0.912458 0.287017 0 0.100458 -0.0916053 0 -1.01292 -0.195412 0 
0.877036 0.307266 0 0.153359 -0.137072 0 -1.03039 -0.170194 0 
0.838394 0.324684 0 0.20621 -0.179286 0 -1.0446 -0.145397 0 
0.797403 0.338654 0 0.258413 -0.217182 0 -1.05582 -0.121473 0 
0.754776 0.348881 0 0.309666 -0.250303 0 -1.06444 -0.0985781 0 
0.71097 0.355275 0 0.359926 -0.278624 0 -1.0709 -0.0766506 0 
0.666231 0.357828 0 0.409292 -0.302318 0 -1.07552 -0.0555104 0 
0.620687 0.356535 0 0.457885 -0.321595 0 -1.07857 -0.0349402 0 
0.574435 0.351365 0 0.505768 -0.336631 0 -1.0802 -0.0147334 0 
0.527616 0.34228 0 0.552885 -0.347559 0 -1.0805 0.00527892 0 
0.48045 0.329277 0 0.599048 -0.354494 0 -1.0795 0.0252167 0 
0.43322 0.312422 0 0.643967 -0.357578 0 -1.07719 0.0451559 0 
0.386204 0.291861 0 0.68733 -0.357011 0 -1.07353 0.0651502 0 
0.33959 0.267784 0 0.728886 -0.353043 0 -1.06848 0.0852591 0 
0.293417 0.240374 0 0.768487 -0.345941 0 -1.0619 0.105566 0 
0.247571 0.209766 0 0.806083 -0.335949 0 -1.05365 0.126183 0 
0.201811 0.176035 0 0.841672 -0.323268 0 -1.04348 0.147233 0 
0.155804 0.139224 0 0.875257 -0.308054 0 -1.03106 0.168829 0 
0.109161 0.0993915 0 0.906802 -0.290435 0 -1.01596 0.191043 0 
0.0614811 0.0566976 0 0.936197 -0.27055 0 -0.997679 0.213853 0 
0.0124239 0.0115355 0 0.96324 -0.248608 0 -0.975664 0.237072 0 
-0.0381729 -0.0353071 0 0.987631 -0.224958 0 -0.949458 0.260266 0 
-0.0901461 -0.0825353 0 1.00902 -0.200159 0 -0.918877 0.282694 0 
-0.142958 -0.128461 0 1.02716 -0.174936 0 -0.884198 0.303396 0 
-0.195867 -0.171418 0 1.04199 -0.150011 0 -0.846128 0.321429 0 
-0.248227 -0.210216 0 1.05377 -0.125893 0 -0.805541 0.336109 0 
-0.299675 -0.244288 0 1.06287 -0.102794 0 -0.763196 0.347083 0 
-0.350124 -0.273544 0 1.06972 -0.0806873 0 -0.719601 0.354232 0 
-0.399654 -0.298132 0 1.07469 -0.0594079 0 -0.675037 0.35754 0 
-0.448391 -0.318263 0 1.07804 -0.0387414 0 -0.629646 0.357004 0 
-0.496413 -0.334122 0 1.07994 -0.0184768 0 -0.583527 0.352599 0 
-0.543691 -0.345849 0 1.0805 0.00156375 0 -0.536807 0.344285 0 
-0.590061 -0.353559 0 1.07975 0.0215098 0 -0.489691 0.33205 0 
-0.635248 -0.357387 0 1.0777 0.0414448 0 -0.442453 0.315943 0 
-0.678939 -0.357521 0 1.07432 0.0614247 0 -0.395379 0.296096 0 
-0.720865 -0.354201 0 1.06954 0.0815058 0 -0.348679 0.272695 0 
-0.760858 -0.347695 0 1.06328 0.101767 0 -0.302424 0.245928 0 
-0.79885 -0.338255 0 1.05538 0.122314 0 -0.256529 0.215941 0 
-0.834834 -0.326089 0 1.04561 0.143269 0 -0.210774 0.18282 0 
-0.868815 -0.311362 0 1.03366 0.164751 0 -0.164842 0.146611 0 
-0.900768 -0.294205 0 1.01912 0.186842 0 -0.118353 0.107364 0 
-0.9306 -0.274752 0 1.0015 0.209542 0 -0.0709044 0.0652106 0 
-0.958127 -0.253191 0 0.980262 0.232704 0 -0.0221352 0.0204873 0 
-0.983066 -0.229839 0 0.954903 0.255948 0 0.0281633 -0.0261087 0 
-1.00507 -0.205211 0 0.925172 0.278594 0 0.0799015 -0.0733829 0 
-1.02386 -0.180009 0 0.891249 0.299709 0 0.13261 -0.1197 0 
-1.03933 -0.154973 0 0.853771 0.318324 0 0.185564 -0.163351 0 
-1.05168 -0.130667 0 0.813605 0.333693 0 0.238079 -0.203027 0 
-1.06128 -0.107358 0 0.771548 0.345402 0 0.289729 -0.238043 0 
-1.06854 -0.0850603 0 0.72816 0.353295 0 0.340381 -0.268235 0 
-1.07385 -0.063628 0 0.683762 0.357347 0 0.390091 -0.293719 0 
-1.0775 -0.0428516 0 0.638515 0.357555 0 0.438984 -0.314703 0 
-1.07967 -0.0225165 0 0.592521 0.353899 0 0.487152 -0.331382 0 
-1.08049 -0.00243697 0 0.545898 0.34634 0 0.53459 -0.343904 0 
-1.07999 0.0175265 0 0.498833 0.334858 0 0.58116 -0.352384 0 
-1.0782 0.0374655 0 0.45159 0.319487 0 0.626605 -0.356953 0 
-1.07507 0.0574394 0 0.404458 0.300345 0 0.670613 -0.357784 0 
-1.07057 0.0775028 0 0.357669 0.277609 0 0.712902 -0.355112 0 
-1.06546 0.0950941 0 0.317308 0.255046 0 0.748156 -0.35014 0 
