0 1 0
0.001 0.999999 -0.001
0.0494912 0.998775 -0.049471
0.249491 0.968972 -0.246905
0.449491 0.90054 -0.434469
0.649491 0.796215 -0.604687
0.849491 0.66016 -0.750775
1.04949 0.497802 -0.866911
1.24949 0.31562 -0.94847
1.44949 0.120878 -0.992203
1.64949 -0.0786569 -0.996374
1.84949 -0.27503 -0.96082
2.04949 -0.460412 -0.886964
2.24949 -0.627414 -0.777756
2.44949 -0.76938 -0.637555
2.64949 -0.880653 -0.471954
2.84949 -0.956802 -0.287558
3.04949 -0.994794 -0.0917222
3.24949 -0.99312 0.107745
3.44949 -0.951853 0.30289
3.64949 -0.872641 0.485933
3.84949 -0.75865 0.649579
4.04949 -0.614427 0.787306
4.24949 -0.445727 0.893626
4.44949 -0.259279 0.964305
4.64949 -0.062518 0.996529
4.84949 0.136709 0.989018
5.04949 0.33046 0.942078
5.24949 0.511011 0.857585
5.44949 0.671164 0.738913
5.64949 0.804538 0.590797
5.84949 0.905819 0.419146
6.04949 0.970973 0.230807
6.24949 0.997407 0.0332909
6.44949 0.984073 -0.165527
6.64949 0.931507 -0.357718
6.84949 0.84181 -0.535623
7.04949 0.718563 -0.692151
7.24949 0.566685 -0.821062
7.44949 0.392233 -0.917222
7.64949 0.202167 -0.976801
7.84949 0.00406595 -0.997429
8.04949 -0.194171 -0.978288
8.24949 -0.384641 -0.920147
8.44949 -0.559751 -0.825329
8.64949 -0.712521 -0.697619
8.84949 -0.836864 -0.542112
9.04949 -0.927827 -0.365013
9.24949 -0.981786 -0.173384
9.44949 -0.996596 0.0251317
9.64949 -0.971671 0.222619
9.84949 -0.908011 0.411206
10.0495 -0.808158 0.583373
10.2495 -0.676098 0.73226
10.4495 -0.5171 0.851932
10.6495 -0.337508 0.937624
10.8495 -0.144483 0.985923
11.0495 0.0542771 0.994909
11.2495 0.250847 0.964228
11.4495 0.43739 0.895108
11.6495 0.60647 0.790311
11.8495 0.751349 0.65402
12.0495 0.866254 0.491671
12.2495 0.946608 0.309742
12.4495 0.989211 0.115488
12.6495 0.99237 -0.0833453
12.8495 0.955965 -0.278829
13.0495 0.881452 -0.463171
13.2495 0.771806 -0.629023
13.4495 0.631404 -0.769774
13.6495 0.465847 -0.879818
13.8495 0.28174 -0.95477
14.0495 0.0864242 -0.991647
14.2495 -0.112311 -0.988983
14.4495 -0.306543 -0.946891
14.6495 -0.488528 -0.867053
14.8495 -0.651012 -0.752658
15.0495 -0.78752 -0.608271
15.2495 -0.892613 -0.439651
15.4495 -0.962104 -0.253526
15.6495 -0.993229 -0.0573172
15.8495 -0.984752 0.141151
16.0495 -0.937015 0.333965
16.2495 -0.851927 0.513439
16.4495 -0.732885 0.67242
16.6495 -0.58464 0.804572
16.8495 -0.413106 0.904629
17.0495 -0.225124 0.968606
17.2495 -0.0281916 0.993959
17.4495 0.169839 0.97968
17.6495 0.361072 0.926345
17.8495 0.537884 0.836086
18.0495 0.693229 0.712504
18.2495 0.820915 0.560533
18.4495 0.915856 0.386234
18.6495 0.974271 0.196559
18.8495 0.993835 -0.000927463
19.0495 0.973774 -0.198351
19.2495 0.914893 -0.38784
19.4495 0.819544 -0.561842
19.6495 0.691534 -0.713421
19.8495 0.53597 -0.836538
20 0.404469 -0.907426
