#index 0 - Tc=1, Tr=7
0 1 0.01 0
1e-07 1 0.01 1.42857e-10
0.00486793 0.999952 0.0100413 6.96854e-06
2.7678 0.901825 0.0932759 0.0148995
4.25655 0.70885 0.251535 0.0496146
5.86033 0.394257 0.481482 0.134261
7.23798 0.188209 0.580822 0.240969
8.47891 0.0919233 0.573769 0.344308
10.1061 0.0383672 0.501658 0.469975
11.8397 0.0175418 0.409692 0.582766
14.3934 0.00725508 0.292773 0.709972
18.3141 0.0030322 0.170239 0.836729
24.1972 0.00157751 0.074297 0.934126
31.6518 0.00113414 0.025777 0.983089
40.2834 0.00100054 0.00751647 1.00148
51.19 0.000960525 0.00153115 1.00751
65.3163 0.000951563 0.000147216 1.0089
85.1569 0.000950438 -2.77753e-05 1.00908
100 0.000950609 -1.97447e-06 1.00905


#index 1 - Tc=2, Tr=7
0 1 0.01 0
1e-07 1 0.01 1.42857e-10
0.00600675 0.99997 0.0100212 8.59015e-06
7.44483 0.852457 0.111562 0.0459806
11.8079 0.560343 0.282796 0.166861
16.6543 0.246663 0.36041 0.402927
21.5412 0.113109 0.269834 0.627057
26.5778 0.0663101 0.162802 0.780888
33.5193 0.0451104 0.0725532 0.892336
42.8677 0.0370313 0.0227543 0.950214
52.8335 0.0347393 0.00645695 0.968804
65.492 0.0340433 0.00123576 0.974721
81.818 0.0338945 0.000100744 0.976005
100 0.0338814 2.0045e-06 0.976117


#index 2 - Tc=4, Tr=7
0 1 0.01 0
1e-07 1 0.01 1.42857e-10
0.00594695 0.999985 0.0100062 8.49829e-06
7.2498 0.973705 0.020916 0.0153787
24.8182 0.787962 0.0848898 0.137148
39.1919 0.53844 0.114861 0.356699
56.448 0.364936 0.0621203 0.582943
77.6605 0.302895 0.016664 0.690441
100 0.289173 0.00308064 0.717746
